[2015.08.05-19.17.43:874][  0]Log file open, 08/05/15 21:17:43
[2015.08.05-19.17.43:874][  0]LogInit:Display: Running engine for game: RandomSpawn
[2015.08.05-19.17.43:874][  0]LogInit:Display: RandInit(1837165842) SRandInit(1837165842).
[2015.08.05-19.17.43:874][  0]LogTaskGraph: Started task graph with 4 named threads and 7 total threads.
[2015.08.05-19.17.43:874][  0]LogStats: Stats thread started
[2015.08.05-19.17.43:874][  0]LogInit: Version: 4.8.3-2634408+++depot+UE4-Releases+4.8
[2015.08.05-19.17.43:874][  0]LogInit: API Version: 2579680
[2015.08.05-19.17.43:874][  0]LogInit: Compiled (64-bit): Jul 27 2015 16:24:33
[2015.08.05-19.17.43:874][  0]LogInit: Compiled with Visual C++: 18.00.21005.01
[2015.08.05-19.17.43:874][  0]LogInit: Build Configuration: Development
[2015.08.05-19.17.43:874][  0]LogInit: Branch Name: ++depot+UE4-Releases+4.8
[2015.08.05-19.17.43:874][  0]LogInit: Command line:  
[2015.08.05-19.17.43:874][  0]LogInit: Base directory: C:/Program Files/Epic Games/4.8/Engine/Binaries/Win64/
[2015.08.05-19.17.43:874][  0]LogInit: Rocket: 1
[2015.08.05-19.17.43:886][  0]LogInit: Using libcurl 7.41.0
[2015.08.05-19.17.43:886][  0]LogInit:  - built for x86_64-pc-win32
[2015.08.05-19.17.43:886][  0]LogInit:  - supports SSL with WinSSL
[2015.08.05-19.17.43:886][  0]LogInit:  - other features:
[2015.08.05-19.17.43:886][  0]LogInit:      CURL_VERSION_SSL
[2015.08.05-19.17.43:886][  0]LogInit:      CURL_VERSION_IPV6
[2015.08.05-19.17.43:886][  0]LogInit:      CURL_VERSION_ASYNCHDNS
[2015.08.05-19.17.43:886][  0]LogInit:      CURL_VERSION_LARGEFILE
[2015.08.05-19.17.43:886][  0]LogInit:      CURL_VERSION_IDN
[2015.08.05-19.17.43:886][  0]LogInit:  CurlRequestOptions (configurable via config and command line):
[2015.08.05-19.17.43:886][  0]LogInit:  - bVerifyPeer = true  - Libcurl will verify peer certificate
[2015.08.05-19.17.43:886][  0]LogInit:  - bUseHttpProxy = false  - Libcurl will NOT use HTTP proxy
[2015.08.05-19.17.43:886][  0]LogInit:  - bDontReuseConnections = false  - Libcurl will reuse connections
[2015.08.05-19.17.43:886][  0]LogInit:  - CertBundlePath = nullptr  - Libcurl will use whatever was configured at build time.
[2015.08.05-19.17.43:895][  0]LogOnline:Warning: No default platform service specified for OnlineSubsystem
[2015.08.05-19.17.43:906][  0]LogInit: Presizing for 0 objects not considered by GC, pre-allocating 0 bytes.
[2015.08.05-19.17.43:913][  0]LogInit: Object subsystem initialized
[2015.08.05-19.17.43:914][  0]LogConsoleResponse:Warning: Skipping Unknown console variable: 'TranslucentSortAxis = (X=0.000000,Y=-1.000000,Z=0.000000)'
[2015.08.05-19.17.43:914][  0]LogConsoleResponse:Warning:   Found in ini file 'C:/Users/Loïc/Documents/Unreal Projects/RandomSpawn/Saved/Config/Windows/Engine.ini', in section '[/Script/Engine.RendererSettings]'
[2015.08.05-19.17.43:914][  0]LogConsoleResponse:Warning: Skipping Unknown console variable: 'UIScaleRule = ShortestSide'
[2015.08.05-19.17.43:914][  0]LogConsoleResponse:Warning:   Found in ini file 'C:/Users/Loïc/Documents/Unreal Projects/RandomSpawn/Saved/Config/Windows/Engine.ini', in section '[/Script/Engine.RendererSettings]'
[2015.08.05-19.17.43:914][  0]LogConsoleResponse:Warning: Skipping Unknown console variable: 'UIScaleCurve = (EditorCurveData=(Keys=),ExternalCurve=None)'
[2015.08.05-19.17.43:914][  0]LogConsoleResponse:Warning:   Found in ini file 'C:/Users/Loïc/Documents/Unreal Projects/RandomSpawn/Saved/Config/Windows/Engine.ini', in section '[/Script/Engine.RendererSettings]'
[2015.08.05-19.17.43:915][  0]LogInit: Selected Device Profile: [Windows]
[2015.08.05-19.17.43:915][  0]LogInit: Applying CVar settings loaded from the selected device profile: [Windows]
[2015.08.05-19.17.43:929][  0]LogInit: Computer: LOIC-PC
[2015.08.05-19.17.43:929][  0]LogInit: User: Loïc
[2015.08.05-19.17.43:929][  0]LogInit: CPU Page size=4096, Cores=4
[2015.08.05-19.17.43:930][  0]LogInit: High frequency timer resolution =2.728052 MHz
[2015.08.05-19.17.43:930][  0]LogMemory: Memory total: Physical=7.9GB (8GB approx)
[2015.08.05-19.17.43:930][  0]LogMemory: Platform Memory Stats for Windows
[2015.08.05-19.17.43:930][  0]LogMemory: Process Physical Memory: 50.12 MB used, 50.12 MB peak
[2015.08.05-19.17.43:930][  0]LogMemory: Process Virtual Memory: 22.62 MB used, 25.51 MB peak
[2015.08.05-19.17.43:930][  0]LogMemory: Physical Memory: 2593.89 MB used, 8111.74 MB total
[2015.08.05-19.17.43:930][  0]LogMemory: Virtual Memory: 296.30 MB used, 134217728.00 MB total
[2015.08.05-19.17.43:966][  0]LogTextLocalizationManager: The requested culture ('fr_FR') has no localization data; falling back to 'en' for localization and internationalization data.
[2015.08.05-19.17.44:176][  0]LogTextLocalizationManager:Warning: Loaded localization resources contain conflicting entries for (Namespace:ContentBrowser, Key:ImportAssetToolTip):
Localization Resource: (C:/Program Files/Epic Games/4.8/Engine/Content/Localization/Editor/en/Editor.locres) Source String Hash: (-630476809) Localized String: (Import to {0}...)
Localization Resource: (C:/Program Files/Epic Games/4.8/Engine/Content/Localization/Editor/en/Editor.locres) Source String Hash: (1271782899) Localized String: (Imports an asset from file to this folder.)
[2015.08.05-19.17.44:648][  0]LogD3D11RHI: Found D3D11 adapter 0: NVIDIA GeForce GTX880M (Feature Level 11_0)
[2015.08.05-19.17.44:648][  0]LogD3D11RHI: Adapter has 4010MB of dedicated video memory, 0MB of dedicated system memory, and 4055MB of shared system memory, 1 output[s]
[2015.08.05-19.17.44:665][  0]LogD3D11RHI: Found D3D11 adapter 1: NVIDIA GeForce GTX880M (Feature Level 11_0)
[2015.08.05-19.17.44:665][  0]LogD3D11RHI: Adapter has 4010MB of dedicated video memory, 0MB of dedicated system memory, and 4055MB of shared system memory, 0 output[s]
[2015.08.05-19.17.44:666][  0]LogD3D11RHI: Found D3D11 adapter 2: Microsoft Basic Render Driver (Feature Level 11_0)
[2015.08.05-19.17.44:666][  0]LogD3D11RHI: Adapter has 4010MB of dedicated video memory, 0MB of dedicated system memory, and 4055MB of shared system memory, 0 output[s]
[2015.08.05-19.17.44:666][  0]LogD3D11RHI: Chosen D3D11 Adapter Id = 0
[2015.08.05-19.17.44:670][  0]LogD3D11RHI: InitD3DDevice
[2015.08.05-19.17.44:670][  0]LogD3D11RHI: !Direct3DDevice
[2015.08.05-19.17.44:670][  0]LogRHI: Texture pool is 1361 MB (70% of 1945 MB)
[2015.08.05-19.17.44:684][  0]LogD3D11RHI: Async texture creation enabled
[2015.08.05-19.17.45:075][  0]LogShaderCompilers:Display: Using Local Shader Compiler.
[2015.08.05-19.17.45:741][  0]LogTemp:Display: Loaded TP DesktopTargetPlatform
[2015.08.05-19.17.45:752][  0]LogTemp:Display: Loaded TP WindowsClientTargetPlatform
[2015.08.05-19.17.45:763][  0]LogTemp:Display: Loaded TP WindowsNoEditorTargetPlatform
[2015.08.05-19.17.45:774][  0]LogTemp:Display: Loaded TP WindowsServerTargetPlatform
[2015.08.05-19.17.45:786][  0]LogTemp:Display: Loaded TP WindowsTargetPlatform
[2015.08.05-19.17.45:796][  0]LogTemp:Display: Loaded TP AndroidTargetPlatform
[2015.08.05-19.17.45:806][  0]LogTemp:Display: Loaded TP Android_ASTCTargetPlatform
[2015.08.05-19.17.45:815][  0]LogTemp:Display: Loaded TP Android_ATCTargetPlatform
[2015.08.05-19.17.45:824][  0]LogTemp:Display: Loaded TP Android_DXTTargetPlatform
[2015.08.05-19.17.45:834][  0]LogTemp:Display: Loaded TP Android_ETC1TargetPlatform
[2015.08.05-19.17.45:844][  0]LogTemp:Display: Loaded TP Android_ETC2TargetPlatform
[2015.08.05-19.17.45:854][  0]LogTemp:Display: Loaded TP Android_PVRTCTargetPlatform
[2015.08.05-19.17.45:894][  0]LogTemp:Display: Loaded TP IOSTargetPlatform
[2015.08.05-19.17.45:903][  0]LogTemp:Display: Loaded TP LinuxNoEditorTargetPlatform
[2015.08.05-19.17.45:913][  0]LogTemp:Display: Loaded TP LinuxServerTargetPlatform
[2015.08.05-19.17.45:924][  0]LogTemp:Display: Loaded TP LinuxTargetPlatform
[2015.08.05-19.17.45:924][  0]LogTargetPlatformManager:Display: Building Assets For Windows
[2015.08.05-19.17.46:081][  0]LogDerivedDataCache:Display: Max Cache Size: 512 MB
[2015.08.05-19.17.46:133][  0]LogDerivedDataCache: Loaded boot cache 0.05s 53MB C:/Users/Loïc/AppData/Local/UnrealEngine/4.8/DerivedDataCache/Boot.ddc.
[2015.08.05-19.17.46:133][  0]LogDerivedDataCache:Display: Loaded Boot cache: C:/Users/Loïc/AppData/Local/UnrealEngine/4.8/DerivedDataCache/Boot.ddc
[2015.08.05-19.17.46:133][  0]LogDerivedDataCache: FDerivedDataBackendGraph:  Pak pak cache file ../../../../../../Users/Loïc/Documents/Unreal Projects/RandomSpawn/DerivedDataCache/DDC.ddp not found, will not use a pak cache.
[2015.08.05-19.17.46:133][  0]LogDerivedDataCache: Unable to find inner node Pak for hierarchical cache Hierarchy.
[2015.08.05-19.17.46:133][  0]LogDerivedDataCache: FDerivedDataBackendGraph:  CompressedPak pak cache file ../../../../../../Users/Loïc/Documents/Unreal Projects/RandomSpawn/DerivedDataCache/Compressed.ddp not found, will not use a pak cache.
[2015.08.05-19.17.46:133][  0]LogDerivedDataCache: Unable to find inner node CompressedPak for hierarchical cache Hierarchy.
[2015.08.05-19.17.46:261][  0]LogDerivedDataCache:Display: Pak cache opened for reading ../../../Engine/DerivedDataCache/Compressed.ddp.
[2015.08.05-19.17.46:272][  0]LogDerivedDataCache: Using Local data cache path C:/Users/Loïc/AppData/Local/UnrealEngine/Common/DerivedDataCache: Writable
[2015.08.05-19.17.46:438][  0]LogInit: Selected Device Profile: [Windows]
[2015.08.05-19.17.46:505][  0]ImportText (ComponentSweepMultiTests): Missing closing parenthesis: (RootShapeAsset="/Engine/BasicShapes/Cube.Cube",ShapeType="TriggerCapsule",HitResult=(Time=0.50,Location=(X=-100.000015,Y=0.0,Z=100.000015),ImpactPoint=(X=-50.0,Y=0.0,Z=50.0),Normal=(X=-1.0,Y=-0.0,Z=0.0),ImpactNormal=(X=0.0,Y=0.0,Z=1.0),TraceStart=(X=-200.0,Y=0.0,Z=200.0),TraceEnd=(X=0.0,Y=0.0,Z=0.0))
[2015.08.05-19.17.46:505][  0]ImportText (LineTraceSingleByChannelTests): Missing closing parenthesis: (RootShapeAsset="/Engine/BasicShapes/Cube.Cube",HitResult=(Time=0.50,Location=(X=-100.000015,Y=0.0,Z=100.000015),ImpactPoint=(X=-50.0,Y=0.0,Z=50.0),Normal=(X=-1.0,Y=-0.0,Z=0.0),ImpactNormal=(X=0.0,Y=0.0,Z=1.0),TraceStart=(X=-200.0,Y=0.0,Z=200.0),TraceEnd=(X=0.0,Y=0.0,Z=0.0))
[2015.08.05-19.17.46:526][  0]LogMeshUtilities: No automatic mesh reduction module available
[2015.08.05-19.17.46:526][  0]LogMeshUtilities: No automatic mesh merging module available
[2015.08.05-19.17.46:792][  0]LogInit: WinSock: version 1.1 (2.2), MaxSocks=32767, MaxUdp=65467
[2015.08.05-19.17.47:539][  0]UdpMessaging: Initializing bridge on interface 0.0.0.0:0 to multicast group 230.0.0.1:6666.
[2015.08.05-19.17.47:800][  0]SourceControl: Info Source control is disabled
[2015.08.05-19.17.47:810][  0]SourceControl: Info Source control is disabled
[2015.08.05-19.17.47:817][  0]SourceControl: Info Source control is disabled
[2015.08.05-19.17.47:825][  0]SourceControl: Info Source control is disabled
[2015.08.05-19.17.47:990][  0]LogObj: 26273 objects as part of root set at end of initial load.
[2015.08.05-19.17.47:990][  0]LogUObjectAllocator: 5409256 out of 0 bytes used by permanent object pool.
[2015.08.05-19.17.48:051][  0]LogEngine: Initializing Engine...
[2015.08.05-19.17.48:053][  0]LogHMD: Can't find Oculus library dev build: is proper Runtime installed? Version: 0.6.0.0
[2015.08.05-19.17.48:054][  0]LogHMD:Warning: SteamVR failed to initialize.  Error: 110
[2015.08.05-19.17.48:172][  0]LogAIModule: Creating AISystem for world NewWorld
[2015.08.05-19.17.48:174][  0]LogInit: XAudio2 using 'Haut-parleurs (Realtek High Definition Audio)' : 2 channels at 48 kHz using 32 bits per sample (channel mask 0x3)
[2015.08.05-19.17.48:191][  0]LogInit: FAudioDevice initialized.
[2015.08.05-19.17.48:219][  0]LogDerivedDataCache: Saved boot cache 0.03s 53MB C:/Users/Loïc/AppData/Local/UnrealEngine/4.8/DerivedDataCache/Boot.ddc.
[2015.08.05-19.17.48:226][  0]LogInit: Texture streaming: Disabled
[2015.08.05-19.17.48:244][  0]LogAnalytics: Creating configured Analytics provider AnalyticsET
[2015.08.05-19.17.48:244][  0]LogAnalytics: [UEEditor.Rocket.Release] APIServer = http://et2.epicgames.com/ET2/. AppVersion = 4.8.3-2634408+++depot+UE4-Releases+4.8
[2015.08.05-19.17.48:244][  0]LogAnalytics: [UEEditor.Rocket.Release] SetUserId 504f49814bd2122454a9c9a4beaeaa57|2799e6c2b9344bb28bf6eae71078dab8|928b9dfe-ef31-4895-b7ab-97275a57542b
[2015.08.05-19.17.48:244][  0]LogAnalytics: [UEEditor.Rocket.Release] AnalyticsET::StartSession
[2015.08.05-19.17.48:265][  0]LogInit: Transaction tracking system initialized
[2015.08.05-19.17.48:359][  0]BlueprintLog: New page: Editor Load
[2015.08.05-19.17.48:387][  0]LogAssetRegistry: FAssetRegistry took 0.0105 seconds to start up
[2015.08.05-19.17.48:387][  0]LogDirectoryWatcher:Warning: Failed to begin reading directory changes for ../../../Engine/Plugins/Experimental/CharacterAI/Content/. Error: 0
[2015.08.05-19.17.48:987][  0]LogConsoleManager:Warning: Console variable 'r.VSync' wasn't set ('GameSetting' has a lower priority than 'SystemSettingsIni')
[2015.08.05-19.17.48:988][  0]LogConsoleResponse:Display: 
[2015.08.05-19.17.49:066][  0]LogCook:Display: Done creating registry. It took  0.00s.
[2015.08.05-19.17.49:219][  0]SourceControl: Info Source control is disabled
[2015.08.05-19.17.49:219][  0]Cmd: MAP LOAD FILE="../../../../../../Users/Loïc/Documents/Unreal Projects/RandomSpawn/Content/FirstPersonBP/Maps/FirstPersonExampleMap.umap" TEMPLATE=0 SHOWPROGRESS=1 FEATURELEVEL=3
[2015.08.05-19.17.49:220][  0]LightingResults: New page: Lighting Build
[2015.08.05-19.17.49:235][  0]MapCheck: New page: Map Check
[2015.08.05-19.17.49:235][  0]LightingResults: New page: Lighting Build
[2015.08.05-19.17.49:245][  0]LogParticles: Destroying 0 GPU particle simulations for FXSystem 0x0000000775EA8B80
[2015.08.05-19.17.53:287][  0]LogAIModule: Creating AISystem for world FirstPersonExampleMap
[2015.08.05-19.17.53:295][  0]LogEditorServer: Finished looking for orphan Actors (0.000 secs)
[2015.08.05-19.17.54:533][  0]Cmd: MAP CHECKDEP NOCLEARLOG
[2015.08.05-19.17.54:579][  0]MapCheck: Info Map check complete: 0 Error(s), 0 Warning(s), took 46.401ms to complete.
[2015.08.05-19.17.54:579][  0]LogFileHelpers: Loading map 'FirstPersonExampleMap' took 5.360
[2015.08.05-19.17.54:687][  0]LogCollectionManager: Loaded 0 collections in 0.001696 seconds
[2015.08.05-19.17.54:694][  0]LogContentBrowser: Native class hierarchy populated in 0.0063 seconds. Added 1792 classes and 301 folders.
[2015.08.05-19.17.54:727][  0]LogContentBrowser: Native class hierarchy updated for 'WidgetCarousel' in 0.0003 seconds. Added 0 classes and 0 folders.
[2015.08.05-19.17.54:748][  0]LogContentBrowser: Native class hierarchy updated for 'AddContentDialog' in 0.0003 seconds. Added 0 classes and 0 folders.
[2015.08.05-19.17.54:760][  0]LogContentBrowser: Native class hierarchy updated for 'SceneOutliner' in 0.0003 seconds. Added 1 classes and 2 folders.
[2015.08.05-19.17.54:840][  0]LogCrashTracker: Crashtracker disabled due to settings.
[2015.08.05-19.17.54:840][  0]LogD3D11RHI: InitD3DDevice
[2015.08.05-19.17.54:843][  0]LogUObjectGlobals:Warning: Failed to find object 'Class None.'
[2015.08.05-19.17.54:866][  0]LogLoad: Full Startup: 12.16 seconds (BP compile: 1.99 seconds)
[2015.08.05-19.17.55:249][  0]LogContentStreaming: Texture pool size is 0.000000MB
[2015.08.05-19.17.55:282][  0]LogContentStreaming: Texture pool size now 200 MB
[2015.08.05-19.17.55:371][  0]LogRenderer: Reallocating scene render targets to support 1208x576 (Frame:2).
[2015.08.05-19.17.55:919][  3]LogD3D11RHI: InitD3DDevice
[2015.08.05-19.17.59:887][ 14]LogAssetRegistry: Asset discovery search completed in 11.5108 seconds
[2015.08.05-19.27.56:796][874]LogD3D11RHI: InitD3DDevice
[2015.08.05-19.28.48:420][718]LogD3D11RHI: InitD3DDevice
[2015.08.05-19.28.48:497][718]LogLinker:Warning: Asset '../../../Engine/Content/ArtTools/RenderToTexture/Macros/RenderToTextureMacros.uasset' has been saved with empty engine version. The asset will be loaded but may be incompatible.
[2015.08.05-19.28.48:533][718]LogLinker:Warning: Asset '../../../Engine/Content/ArtTools/RenderToTexture/Enums/RenderToTexture_Enum.uasset' has been saved with empty engine version. The asset will be loaded but may be incompatible.
[2015.08.05-19.28.52:189][933]LogD3D11RHI: InitD3DDevice
[2015.08.05-19.28.55:417][235]LogD3D11RHI: InitD3DDevice
[2015.08.05-19.28.55:645][235]LogSavePackage: Save=173.186584ms
[2015.08.05-19.28.55:645][235]LogSavePackage: Moving '../../../../../../Users/Loïc/Documents/Unreal Projects/RandomSpawn/Saved/Traxa_BP87D119CD4E2DF750C8C1AC8236B0B608.tmp' to '../../../../../../Users/Loïc/Documents/Unreal Projects/RandomSpawn/Content/FirstPersonBP/Blueprints/CharacterBP/Traxa_BP.uasset'
[2015.08.05-19.29.10:888][707]LogPlayLevel: PIE:  No blueprints needed recompiling
[2015.08.05-19.29.10:891][707]PIE: New page: PIE session: FirstPersonExampleMap (Aug 5, 2015, 11:29:10 PM)
[2015.08.05-19.29.10:891][707]LogPlayLevel: Creating play world package: /Game/FirstPersonBP/Maps/UEDPIE_1_FirstPersonExampleMap
[2015.08.05-19.29.10:913][707]LogPlayLevel: PIE: StaticDuplicateObject took: (0.021775s)
[2015.08.05-19.29.10:915][707]LogAIModule: Creating AISystem for world FirstPersonExampleMap
[2015.08.05-19.29.10:915][707]LogPlayLevel: PIE: World Init took: (0.001619s)
[2015.08.05-19.29.10:915][707]LogPlayLevel: PIE: Created PIE world by copying editor world from /Game/FirstPersonBP/Maps/FirstPersonExampleMap.FirstPersonExampleMap to /Game/FirstPersonBP/Maps/UEDPIE_1_FirstPersonExampleMap.FirstPersonExampleMap (0.024189s)
[2015.08.05-19.29.10:916][707]LogActorComponent: UnregisterComponent: (/Engine/Transient.CharMoveComp) Not registered. Aborting.
[2015.08.05-19.29.10:916][707]LogActorComponent: UnregisterComponent: (/Engine/Transient.CharacterMovementComponent_0) Not registered. Aborting.
[2015.08.05-19.29.10:916][707]LogActorComponent: UnregisterComponent: (/Engine/Transient.CharacterMovementComponent_1) Not registered. Aborting.
[2015.08.05-19.29.10:916][707]LogActorComponent: UnregisterComponent: (/Engine/Transient.CharacterMovementComponent_2) Not registered. Aborting.
[2015.08.05-19.29.11:176][707]LogInit: XAudio2 using 'Haut-parleurs (Realtek High Definition Audio)' : 2 channels at 48 kHz using 32 bits per sample (channel mask 0x3)
[2015.08.05-19.29.11:183][707]LogInit: FAudioDevice initialized.
[2015.08.05-19.29.11:186][707]LogD3D11RHI: InitD3DDevice
[2015.08.05-19.29.11:227][707]LogWorld: Game class is 'FirstPersonGameMode_C'
[2015.08.05-19.29.11:232][707]LogWorld: Bringing World /Game/FirstPersonBP/Maps/UEDPIE_1_FirstPersonExampleMap.FirstPersonExampleMap up for play (max tick rate 0) at 2015.08.05-21.29.11
[2015.08.05-19.29.11:232][707]LogActor:Warning: GameSession /Game/FirstPersonBP/Maps/UEDPIE_1_FirstPersonExampleMap.FirstPersonExampleMap:PersistentLevel.GameSession_0 has natively added scene component(s), but none of them were set as the actor's RootComponent - picking one arbitrarily
[2015.08.05-19.29.11:233][707]LogActor:Warning: GameNetworkManager /Game/FirstPersonBP/Maps/UEDPIE_1_FirstPersonExampleMap.FirstPersonExampleMap:PersistentLevel.GameNetworkManager_0 has natively added scene component(s), but none of them were set as the actor's RootComponent - picking one arbitrarily
[2015.08.05-19.29.11:233][707]LogWorld: Bringing up level for play took: 0.004296
[2015.08.05-19.29.11:235][707]LogInit: WinSock: Socket queue 131072 / 131072
[2015.08.05-19.29.11:236][707]LogInit: WinSock: I am Loic-PC (25.97.102.240:0)
[2015.08.05-19.29.11:236][707]LogNet: GameNetDriver IpNetDriver_0 IpNetDriver listening on port 7777
[2015.08.05-19.29.11:253][707]PIE: Info Play in editor start time for /Game/FirstPersonBP/Maps/UEDPIE_1_FirstPersonExampleMap 0.312
[2015.08.05-19.29.11:254][707]PIE: New page: PIE session: FirstPersonExampleMap (Aug 5, 2015, 11:29:11 PM)
[2015.08.05-19.29.11:259][707]LogD3D11RHI: InitD3DDevice
[2015.08.05-19.29.11:288][707]LogNet: Browse: 127.0.0.1//Game/FirstPersonBP/Maps/FirstPersonExampleMap
[2015.08.05-19.29.11:288][707]LogInit: WinSock: Socket queue 32768 / 32768
[2015.08.05-19.29.11:289][707]LogNet: Game client on port 7777, rate 10000
[2015.08.05-19.29.11:289][707]LogNet: GetLocalNetworkVersion: GEngineNetVersion: 2634408, ProjectName: randomspawn, ProjectVersion: 1.0.0.0, InternalProtocolVersion: 8, LocalNetworkVersion: 733586408
[2015.08.05-19.29.11:307][707]PIE: Info Play in editor start time for /Game/FirstPersonBP/Maps/FirstPersonExampleMap 0.366
[2015.08.05-19.29.11:330][707]LogNet: NotifyAcceptingConnection: Server FirstPersonExampleMap accept
[2015.08.05-19.29.11:330][707]LogNet: Open FirstPersonExampleMap 08/05/15 21:29:11 127.0.0.1
[2015.08.05-19.29.11:330][707]LogNet: Added client connection.  Remote address = 127.0.0.1:59119
[2015.08.05-19.29.11:330][707]LogNet: NotifyAcceptingChannel Control 0 server World /Game/FirstPersonBP/Maps/UEDPIE_1_FirstPersonExampleMap.FirstPersonExampleMap: Accepted
[2015.08.05-19.29.11:330][707]LogNet: Remote platform little endian=1
[2015.08.05-19.29.11:330][707]LogNet: This platform little endian=1
[2015.08.05-19.29.11:330][707]LogNet: GetLocalNetworkVersion: GEngineNetVersion: 2634408, ProjectName: randomspawn, ProjectVersion: 1.0.0.0, InternalProtocolVersion: 8, LocalNetworkVersion: 733586408
[2015.08.05-19.29.11:421][708]LogNet: Login request: /Game/FirstPersonBP/Maps/FirstPersonExampleMap userId: Invalid
[2015.08.05-19.29.11:422][708]LogNet: Welcomed by server (Level: /Game/FirstPersonBP/Maps/UEDPIE_1_FirstPersonExampleMap, Game: /Game/FirstPersonBP/Blueprints/FirstPersonGameMode.FirstPersonGameMode_C)
[2015.08.05-19.29.11:478][708]LogLoad: LoadMap: 127.0.0.1//Game/FirstPersonBP/Maps/UEDPIE_1_FirstPersonExampleMap?game=/Game/FirstPersonBP/Blueprints/FirstPersonGameMode.FirstPersonGameMode_C
[2015.08.05-19.29.11:510][708]LogParticles: Destroying 0 GPU particle simulations for FXSystem 0x000000077D3C1760
[2015.08.05-19.29.11:528][708]Cmd: MEM
[2015.08.05-19.29.11:565][708]LogMemory: Platform Memory Stats for Windows
[2015.08.05-19.29.11:565][708]LogMemory: Process Physical Memory: 1151.70 MB used, 1151.70 MB peak
[2015.08.05-19.29.11:565][708]LogMemory: Process Virtual Memory: 1711.08 MB used, 1711.08 MB peak
[2015.08.05-19.29.11:565][708]LogMemory: Physical Memory: 3809.05 MB used, 8111.74 MB total
[2015.08.05-19.29.11:565][708]LogMemory: Virtual Memory: 2315.98 MB used, 134217728.00 MB total
[2015.08.05-19.29.11:565][708]LogMemory: 
[2015.08.05-19.29.11:565][708]Allocator Stats for TBB: (not implemented)
[2015.08.05-19.29.11:566][708]LogLinker: Can't find file for asset '/Game/FirstPersonBP/Maps/UEDPIE_1_FirstPersonExampleMap' while loading NULL.
[2015.08.05-19.29.11:589][708]LogWorld: PIE: Copying PIE streaming level from /Game/FirstPersonBP/Maps/FirstPersonExampleMap.FirstPersonExampleMap to /Game/FirstPersonBP/Maps/UEDPIE_2_FirstPersonExampleMap.FirstPersonExampleMap. OwningWorld: None
[2015.08.05-19.29.11:590][708]LogAIModule: Creating AISystem for world FirstPersonExampleMap
[2015.08.05-19.29.11:596][708]LogWorld: Bringing World /Game/FirstPersonBP/Maps/UEDPIE_2_FirstPersonExampleMap.FirstPersonExampleMap up for play (max tick rate 0) at 2015.08.05-21.29.11
[2015.08.05-19.29.11:596][708]LogWorld: Bringing up level for play took: 0.003636
[2015.08.05-19.29.11:623][709]LogNet: Client netspeed is 10000
[2015.08.05-19.29.11:623][709]LogNet: Join request: /Game/FirstPersonBP/Maps/FirstPersonExampleMap?SplitscreenCount=1
[2015.08.05-19.29.11:625][709]LogNet: Join succeeded: 257
[2015.08.05-19.29.16:023][956]LogArray:Warning: Attempted to get an item from array AllClasses out of bounds [4/3]!
[2015.08.05-19.29.17:480][ 32]LogBlueprintUserMessages: Client 1: Byormi
[2015.08.05-19.29.18:675][ 94]LogBlueprintUserMessages: Client 1: Byormi
[2015.08.05-19.29.18:826][102]LogBlueprintUserMessages: Client 1: Byormi
[2015.08.05-19.29.18:999][111]LogBlueprintUserMessages: Client 1: Byormi
[2015.08.05-19.29.19:174][120]LogBlueprintUserMessages: Client 1: Byormi
[2015.08.05-19.29.19:329][128]LogBlueprintUserMessages: Client 1: Byormi
[2015.08.05-19.29.23:256][329]LogBlueprintUserMessages: Server: Hunter
[2015.08.05-19.29.23:397][336]LogBlueprintUserMessages: Server: Hunter
[2015.08.05-19.29.23:591][346]LogBlueprintUserMessages: Server: Hunter
[2015.08.05-19.29.23:767][355]LogBlueprintUserMessages: Server: Hunter
[2015.08.05-19.29.24:219][378]LogBlueprintUserMessages: Server: Hunter
[2015.08.05-19.29.24:376][386]LogBlueprintUserMessages: Server: Hunter
[2015.08.05-19.29.24:557][395]LogBlueprintUserMessages: Server: Hunter
[2015.08.05-19.29.24:714][403]LogBlueprintUserMessages: Server: Hunter
[2015.08.05-19.29.24:880][411]LogBlueprintUserMessages: Server: Hunter
[2015.08.05-19.29.25:053][420]LogBlueprintUserMessages: Server: Hunter
[2015.08.05-19.29.25:554][439]LogNet: UChannel::CleanUp: [GameNetDriver] [None] [None]. ChIndex == 0. Closing connection.
[2015.08.05-19.29.25:554][439]LogNet: UNetConnection::Close: Name: IpConnection_1, Driver: GameNetDriver IpNetDriver_0, PC: None, Owner: None, Channels: 2, RemoteAddr: 127.0.0.1:59119, Time: 2015.08.05-19.29.25
[2015.08.05-19.29.25:554][439]LogNet: UChannel::Close: Sending CloseBunch. ChIndex == 0. Name: ControlChannel_1
[2015.08.05-19.29.25:554][439]LogNet: UChannel::CleanUp: [GameNetDriver] [None] [None]. ChIndex == 0. Closing connection.
[2015.08.05-19.29.25:554][439]LogNet: UNetConnection::Close: Name: IpConnection_0, Driver: GameNetDriver IpNetDriver_1, PC: None, Owner: None, Channels: 2, RemoteAddr: 127.0.0.1:7777, Time: 2015.08.05-19.29.25
[2015.08.05-19.29.25:554][439]LogNet: UChannel::Close: Sending CloseBunch. ChIndex == 0. Name: ControlChannel_0
[2015.08.05-19.29.25:558][439]LogExit: GameNetDriver None shut down
[2015.08.05-19.29.25:558][439]LogExit: GameNetDriver None shut down
[2015.08.05-19.29.25:562][439]LogParticles: Destroying 0 GPU particle simulations for FXSystem 0x000000077D3904A0
[2015.08.05-19.29.25:562][439]LogParticles: Destroying 0 GPU particle simulations for FXSystem 0x000000073A947CE0
[2015.08.05-19.29.27:672][614]LogWindowsTextInputMethodSystem:Display: IME system now deactivated.
[2015.08.05-19.29.27:928][615]Cmd: QUIT_EDITOR
[2015.08.05-19.29.28:321][615]LogExit: Preparing to exit.
[2015.08.05-19.29.28:961][615]LogExit: Editor shut down
[2015.08.05-19.29.28:962][615]LogExit: Transaction tracking system shut down
[2015.08.05-19.29.28:964][615]LogParticles: Destroying 0 GPU particle simulations for FXSystem 0x00000007097A8360
[2015.08.05-19.29.28:965][615]LogParticles: Destroying 0 GPU particle simulations for FXSystem 0x00000007319279C0
[2015.08.05-19.29.28:965][615]LogParticles: Destroying 0 GPU particle simulations for FXSystem 0x0000000735776C00
[2015.08.05-19.29.28:965][615]LogParticles: Destroying 0 GPU particle simulations for FXSystem 0x000000074111ADE0
[2015.08.05-19.29.29:169][615]LogExit: Object subsystem successfully closed.
[2015.08.05-19.29.29:181][615]LogD3D11RHI: Shutdown
[2015.08.05-19.29.29:181][615]LogD3D11RHI: CleanupD3DDevice
[2015.08.05-19.29.29:243][615]LogD3D11RHI: ~FD3D11DynamicRHI
[2015.08.05-19.29.29:256][615]LogModuleManager: Shutting down and abandoning module CrashTracker (188)
[2015.08.05-19.29.29:256][615]LogModuleManager: Shutting down and abandoning module SceneOutliner (187)
[2015.08.05-19.29.29:256][615]LogModuleManager: Shutting down and abandoning module SuperSearch (186)
[2015.08.05-19.29.29:256][615]LogModuleManager: Shutting down and abandoning module WidgetCarousel (185)
[2015.08.05-19.29.29:256][615]LogModuleManager: Shutting down and abandoning module AddContentDialog (184)
[2015.08.05-19.29.29:257][615]LogModuleManager: Shutting down and abandoning module EditorWidgets (183)
[2015.08.05-19.29.29:257][615]LogModuleManager: Shutting down and abandoning module CollectionManager (182)
[2015.08.05-19.29.29:257][615]LogModuleManager: Shutting down and abandoning module StatsViewer (181)
[2015.08.05-19.29.29:257][615]LogModuleManager: Shutting down and abandoning module FoliageEdit (180)
[2015.08.05-19.29.29:257][615]LogModuleManager: Shutting down and abandoning module LandscapeEditor (179)
[2015.08.05-19.29.29:257][615]LogModuleManager: Shutting down and abandoning module ActorPickerMode (178)
[2015.08.05-19.29.29:257][615]LogModuleManager: Shutting down and abandoning module GeometryMode (177)
[2015.08.05-19.29.29:257][615]LogModuleManager: Shutting down and abandoning module TextureAlignMode (176)
[2015.08.05-19.29.29:257][615]LogModuleManager: Shutting down and abandoning module BspMode (175)
[2015.08.05-19.29.29:257][615]LogModuleManager: Shutting down and abandoning module PlacementMode (174)
[2015.08.05-19.29.29:257][615]LogModuleManager: Shutting down and abandoning module AutomationWorker (173)
[2015.08.05-19.29.29:257][615]LogModuleManager: Shutting down and abandoning module CharacterAI (172)
[2015.08.05-19.29.29:257][615]LogModuleManager: Shutting down and abandoning module SmartSnapping (171)
[2015.08.05-19.29.29:257][615]LogModuleManager: Shutting down and abandoning module ViewportSnapping (170)
[2015.08.05-19.29.29:257][615]LogModuleManager: Shutting down and abandoning module LogVisualizer (169)
[2015.08.05-19.29.29:258][615]LogModuleManager: Shutting down and abandoning module GameProjectGeneration (168)
[2015.08.05-19.29.29:258][615]LogModuleManager: Shutting down and abandoning module IntroTutorials (167)
[2015.08.05-19.29.29:258][615]LogModuleManager: Shutting down and abandoning module EditorLiveStreaming (166)
[2015.08.05-19.29.29:258][615]LogModuleManager: Shutting down and abandoning module IOSPlatformEditor (165)
[2015.08.05-19.29.29:258][615]LogModuleManager: Shutting down and abandoning module HTML5PlatformEditor (164)
[2015.08.05-19.29.29:258][615]LogModuleManager: Shutting down and abandoning module AndroidDeviceDetection (163)
[2015.08.05-19.29.30:136][615]LogModuleManager: Shutting down and abandoning module AndroidPlatformEditor (162)
[2015.08.05-19.29.30:136][615]LogModuleManager: Shutting down and abandoning module IOSRuntimeSettings (161)
[2015.08.05-19.29.30:136][615]LogModuleManager: Shutting down and abandoning module AndroidRuntimeSettings (160)
[2015.08.05-19.29.30:136][615]LogModuleManager: Shutting down and abandoning module MergeActors (159)
[2015.08.05-19.29.30:136][615]LogModuleManager: Shutting down and abandoning module SizeMap (158)
[2015.08.05-19.29.30:136][615]LogModuleManager: Shutting down and abandoning module TreeMap (157)
[2015.08.05-19.29.30:136][615]LogModuleManager: Shutting down and abandoning module ReferenceViewer (156)
[2015.08.05-19.29.30:136][615]LogModuleManager: Shutting down and abandoning module LocalizationDashboard (155)
[2015.08.05-19.29.30:136][615]LogModuleManager: Shutting down and abandoning module HardwareTargeting (154)
[2015.08.05-19.29.30:136][615]LogModuleManager: Shutting down and abandoning module DeviceProfileEditor (153)
[2015.08.05-19.29.30:136][615]LogModuleManager: Shutting down and abandoning module UndoHistory (152)
[2015.08.05-19.29.30:136][615]LogModuleManager: Shutting down and abandoning module GameplayTagsEditor (151)
[2015.08.05-19.29.30:136][615]LogModuleManager: Shutting down and abandoning module UserFeedback (150)
[2015.08.05-19.29.30:136][615]LogModuleManager: Shutting down and abandoning module XmlParser (149)
[2015.08.05-19.29.30:136][615]LogModuleManager: Shutting down and abandoning module Blutility (148)
[2015.08.05-19.29.30:136][615]LogModuleManager: Shutting down and abandoning module ProjectTargetPlatformEditor (147)
[2015.08.05-19.29.30:136][615]LogModuleManager: Shutting down and abandoning module ProjectSettingsViewer (146)
[2015.08.05-19.29.30:136][615]LogModuleManager: Shutting down and abandoning module InputBindingEditor (145)
[2015.08.05-19.29.30:136][615]LogModuleManager: Shutting down and abandoning module EditorSettingsViewer (144)
[2015.08.05-19.29.30:136][615]LogModuleManager: Shutting down and abandoning module SettingsEditor (143)
[2015.08.05-19.29.30:136][615]LogModuleManager: Shutting down and abandoning module ProjectLauncher (142)
[2015.08.05-19.29.30:137][615]LogModuleManager: Shutting down and abandoning module SessionFrontend (141)
[2015.08.05-19.29.30:137][615]LogModuleManager: Shutting down and abandoning module ProfilerClient (140)
[2015.08.05-19.29.30:137][615]LogModuleManager: Shutting down and abandoning module TargetDeviceServices (139)
[2015.08.05-19.29.30:137][615]LogModuleManager: Shutting down and abandoning module DeviceManager (138)
[2015.08.05-19.29.30:137][615]LogModuleManager: Shutting down and abandoning module AutomationController (137)
[2015.08.05-19.29.30:137][615]LogModuleManager: Shutting down and abandoning module AutomationWindow (136)
[2015.08.05-19.29.30:137][615]LogModuleManager: Shutting down and abandoning module Layers (135)
[2015.08.05-19.29.30:137][615]LogModuleManager: Shutting down and abandoning module ComponentVisualizers (134)
[2015.08.05-19.29.30:137][615]LogModuleManager: Shutting down and abandoning module DetailCustomizations (133)
[2015.08.05-19.29.30:137][615]LogModuleManager: Shutting down and abandoning module PackagesDialog (132)
[2015.08.05-19.29.30:137][615]LogModuleManager: Shutting down and abandoning module AssetRegistry (131)
[2015.08.05-19.29.30:174][615]LogModuleManager: Shutting down and abandoning module Persona (130)
[2015.08.05-19.29.30:174][615]LogModuleManager: Shutting down and abandoning module Kismet (129)
[2015.08.05-19.29.30:174][615]LogModuleManager: Shutting down and abandoning module GraphEditor (128)
[2015.08.05-19.29.30:174][615]LogModuleManager: Shutting down and abandoning module ClassViewer (127)
[2015.08.05-19.29.30:174][615]LogModuleManager: Shutting down and abandoning module Toolbox (126)
[2015.08.05-19.29.30:174][615]LogModuleManager: Shutting down and abandoning module ModuleUI (125)
[2015.08.05-19.29.30:174][615]LogModuleManager: Shutting down and abandoning module MovieSceneTools (124)
[2015.08.05-19.29.30:174][615]LogModuleManager: Shutting down and abandoning module OutputLog (123)
[2015.08.05-19.29.30:174][615]LogModuleManager: Shutting down and abandoning module GammaUI (122)
[2015.08.05-19.29.30:174][615]LogModuleManager: Shutting down and abandoning module Documentation (121)
[2015.08.05-19.29.30:174][615]LogModuleManager: Shutting down and abandoning module GameLiveStreaming (120)
[2015.08.05-19.29.30:174][615]LogModuleManager: Shutting down and abandoning module StreamingPauseRendering (119)
[2015.08.05-19.29.30:174][615]LogModuleManager: Shutting down and abandoning module AnalyticsET (118)
[2015.08.05-19.29.30:174][615]LogModuleManager: Shutting down and abandoning module Analytics (117)
[2015.08.05-19.29.30:174][615]LogModuleManager: Shutting down and abandoning module AITestSuite (116)
[2015.08.05-19.29.30:174][615]LogModuleManager: Shutting down and abandoning module GameplayDebugger (115)
[2015.08.05-19.29.30:174][615]LogModuleManager: Shutting down and abandoning module AIModule (114)
[2015.08.05-19.29.30:174][615]LogModuleManager: Shutting down and abandoning module ProfilerService (113)
[2015.08.05-19.29.30:416][615]LogModuleManager: Shutting down and abandoning module TaskGraph (112)
[2015.08.05-19.29.30:416][615]LogModuleManager: Shutting down and abandoning module SlateRemote (111)
[2015.08.05-19.29.30:416][615]LogModuleManager: Shutting down and abandoning module SteamVRController (110)
[2015.08.05-19.29.30:416][615]LogModuleManager: Shutting down and abandoning module SteamVR (109)
[2015.08.05-19.29.30:416][615]LogModuleManager: Shutting down and abandoning module ProceduralMeshComponent (108)
[2015.08.05-19.29.30:416][615]LogModuleManager: Shutting down and abandoning module OculusRift (107)
[2015.08.05-19.29.30:416][615]LogModuleManager: Shutting down and abandoning module LeapMotionController (106)
[2015.08.05-19.29.30:423][615]LogModuleManager: Shutting down and abandoning module CustomMeshComponent (105)
[2015.08.05-19.29.30:423][615]LogModuleManager: Shutting down and abandoning module CableComponent (104)
[2015.08.05-19.29.30:423][615]LogModuleManager: Shutting down and abandoning module MessagingDebugger (103)
[2015.08.05-19.29.30:423][615]LogModuleManager: Shutting down and abandoning module MediaPlayerEditor (102)
[2015.08.05-19.29.30:423][615]LogModuleManager: Shutting down and abandoning module SpeedTreeImporter (101)
[2015.08.05-19.29.30:423][615]LogModuleManager: Shutting down and abandoning module PluginBrowser (100)
[2015.08.05-19.29.30:423][615]LogModuleManager: Shutting down and abandoning module EpicSurvey (99)
[2015.08.05-19.29.30:423][615]LogModuleManager: Shutting down and abandoning module DesktopPlatform (98)
[2015.08.05-19.29.30:423][615]LogModuleManager: Shutting down and abandoning module VisualStudioSourceCodeAccess (97)
[2015.08.05-19.29.30:423][615]LogModuleManager: Shutting down and abandoning module UObjectPlugin (96)
[2015.08.05-19.29.30:423][615]LogModuleManager: Shutting down and abandoning module SubversionSourceControl (95)
[2015.08.05-19.29.30:423][615]LogModuleManager: Shutting down and abandoning module PerforceSourceControl (94)
[2015.08.05-19.29.30:423][615]LogModuleManager: Shutting down and abandoning module SourceControl (93)
[2015.08.05-19.29.30:423][615]LogModuleManager: Shutting down and abandoning module GitSourceControl (92)
[2015.08.05-19.29.30:423][615]LogModuleManager: Shutting down and abandoning module BlankPlugin (91)
[2015.08.05-19.29.30:423][615]LogModuleManager: Shutting down and abandoning module PaperTiledImporter (90)
[2015.08.05-19.29.30:423][615]LogModuleManager: Shutting down and abandoning module PaperSpriteSheetImporter (89)
[2015.08.05-19.29.30:423][615]LogModuleManager: Shutting down and abandoning module MeshPaint (88)
[2015.08.05-19.29.30:423][615]LogModuleManager: Shutting down and abandoning module SlateReflector (87)
[2015.08.05-19.29.30:423][615]LogModuleManager: Shutting down and abandoning module DirectoryWatcher (86)
[2015.08.05-19.29.30:423][615]LogModuleManager: Shutting down and abandoning module HotReload (85)
[2015.08.05-19.29.30:423][615]LogModuleManager: Shutting down and abandoning module MainFrame (84)
[2015.08.05-19.29.30:423][615]LogModuleManager: Shutting down and abandoning module LevelEditor (83)
[2015.08.05-19.29.30:424][615]LogModuleManager: Shutting down and abandoning module ContentBrowser (82)
[2015.08.05-19.29.30:425][615]LogModuleManager: Shutting down and abandoning module Paper2DEditor (81)
[2015.08.05-19.29.30:425][615]LogModuleManager: Shutting down and abandoning module UdpMessaging (80)
[2015.08.05-19.29.30:526][615]LogModuleManager: Shutting down and abandoning module Paper2D (79)
[2015.08.05-19.29.30:526][615]LogModuleManager: Shutting down and abandoning module WindowsMoviePlayer (78)
[2015.08.05-19.29.30:529][615]LogModuleManager: Shutting down and abandoning module Media (77)
[2015.08.05-19.29.30:529][615]LogModuleManager: Shutting down and abandoning module WmfMedia (76)
[2015.08.05-19.29.30:529][615]LogModuleManager: Shutting down and abandoning module OnlineBlueprintSupport (75)
[2015.08.05-19.29.30:529][615]LogModuleManager: Shutting down and abandoning module PropertyEditor (74)
[2015.08.05-19.29.30:529][615]LogModuleManager: Shutting down and abandoning module BehaviorTreeEditor (73)
[2015.08.05-19.29.30:529][615]LogModuleManager: Shutting down and abandoning module FunctionalTesting (72)
[2015.08.05-19.29.30:529][615]LogModuleManager: Shutting down and abandoning module CollisionAnalyzer (71)
[2015.08.05-19.29.30:529][615]LogModuleManager: Shutting down and abandoning module WorkspaceMenuStructure (70)
[2015.08.05-19.29.30:530][615]LogModuleManager: Shutting down and abandoning module MessageLog (69)
[2015.08.05-19.29.30:530][615]LogModuleManager: Shutting down and abandoning module Sequencer (68)
[2015.08.05-19.29.30:530][615]LogModuleManager: Shutting down and abandoning module AssetTools (67)
[2015.08.05-19.29.30:530][615]LogModuleManager: Shutting down and abandoning module UMGEditor (66)
[2015.08.05-19.29.30:530][615]LogModuleManager: Shutting down and abandoning module UMG (65)
[2015.08.05-19.29.30:530][615]LogModuleManager: Shutting down and abandoning module Slate (64)
[2015.08.05-19.29.30:530][615]LogModuleManager: Shutting down and abandoning module EditorStyle (63)
[2015.08.05-19.29.30:532][615]LogModuleManager: Shutting down and abandoning module SessionServices (62)
[2015.08.05-19.29.30:532][615]LogModuleManager: Shutting down and abandoning module SourceCodeAccess (61)
[2015.08.05-19.29.30:532][615]LogModuleManager: Shutting down and abandoning module HeadMountedDisplay (60)
[2015.08.05-19.29.30:532][615]LogModuleManager: Shutting down and abandoning module XAudio2 (59)
[2015.08.05-19.29.30:532][615]LogModuleManager: Shutting down and abandoning module Networking (57)
[2015.08.05-19.29.30:532][615]LogModuleManager: Shutting down and abandoning module Core (56)
[2015.08.05-19.29.30:532][615]LogModuleManager: Shutting down and abandoning module KismetCompiler (55)
[2015.08.05-19.29.30:532][615]LogModuleManager: Shutting down and abandoning module PhysXFormats (54)
[2015.08.05-19.29.30:532][615]LogModuleManager: Shutting down and abandoning module MeshUtilities (53)
[2015.08.05-19.29.30:533][615]LogModuleManager: Shutting down and abandoning module DerivedDataCache (52)
[2015.08.05-19.29.30:619][615]LogDerivedDataCache: Shutdown
[2015.08.05-19.29.30:619][615]LogModuleManager: Shutting down and abandoning module ShaderFormatOpenGL (51)
[2015.08.05-19.29.30:619][615]LogModuleManager: Shutting down and abandoning module ShaderFormatD3D (50)
[2015.08.05-19.29.30:619][615]LogModuleManager: Shutting down and abandoning module MetalShaderFormat (49)
[2015.08.05-19.29.30:619][615]LogModuleManager: Shutting down and abandoning module TextureFormatUncompressed (48)
[2015.08.05-19.29.30:619][615]LogModuleManager: Shutting down and abandoning module TextureFormatPVR (47)
[2015.08.05-19.29.30:619][615]LogModuleManager: Shutting down and abandoning module TextureFormatIntelISPCTexComp (46)
[2015.08.05-19.29.30:619][615]LogModuleManager: Shutting down and abandoning module TextureFormatDXT (45)
[2015.08.05-19.29.30:619][615]LogModuleManager: Shutting down and abandoning module ImageWrapper (44)
[2015.08.05-19.29.30:619][615]LogModuleManager: Shutting down and abandoning module TextureFormatASTC (43)
[2015.08.05-19.29.30:619][615]LogModuleManager: Shutting down and abandoning module TextureFormatAndroid (42)
[2015.08.05-19.29.30:619][615]LogModuleManager: Shutting down and abandoning module AudioFormatOpus (41)
[2015.08.05-19.29.30:619][615]LogModuleManager: Shutting down and abandoning module AudioFormatOgg (40)
[2015.08.05-19.29.30:619][615]LogModuleManager: Shutting down and abandoning module AudioFormatADPCM (39)
[2015.08.05-19.29.30:619][615]LogModuleManager: Shutting down and abandoning module LinuxTargetPlatform (38)
[2015.08.05-19.29.30:619][615]LogModuleManager: Shutting down and abandoning module LinuxServerTargetPlatform (37)
[2015.08.05-19.29.30:619][615]LogModuleManager: Shutting down and abandoning module LinuxNoEditorTargetPlatform (36)
[2015.08.05-19.29.30:619][615]LogModuleManager: Shutting down and abandoning module Messaging (35)
[2015.08.05-19.29.30:619][615]LogModuleManager: Shutting down and abandoning module IOSTargetPlatform (34)
[2015.08.05-19.29.30:619][615]LogModuleManager: Shutting down and abandoning module HTML5TargetPlatform (33)
[2015.08.05-19.29.30:619][615]LogModuleManager: Shutting down and abandoning module Android_PVRTCTargetPlatform (32)
[2015.08.05-19.29.30:619][615]LogModuleManager: Shutting down and abandoning module Android_ETC2TargetPlatform (31)
[2015.08.05-19.29.30:619][615]LogModuleManager: Shutting down and abandoning module Android_ETC1TargetPlatform (30)
[2015.08.05-19.29.30:619][615]LogModuleManager: Shutting down and abandoning module Android_DXTTargetPlatform (29)
[2015.08.05-19.29.30:619][615]LogModuleManager: Shutting down and abandoning module Android_ATCTargetPlatform (28)
[2015.08.05-19.29.30:619][615]LogModuleManager: Shutting down and abandoning module Android_ASTCTargetPlatform (27)
[2015.08.05-19.29.30:619][615]LogModuleManager: Shutting down and abandoning module AndroidTargetPlatform (26)
[2015.08.05-19.29.30:619][615]LogModuleManager: Shutting down and abandoning module WindowsTargetPlatform (25)
[2015.08.05-19.29.30:619][615]LogModuleManager: Shutting down and abandoning module WindowsServerTargetPlatform (24)
[2015.08.05-19.29.30:619][615]LogModuleManager: Shutting down and abandoning module WindowsNoEditorTargetPlatform (23)
[2015.08.05-19.29.30:619][615]LogModuleManager: Shutting down and abandoning module WindowsClientTargetPlatform (22)
[2015.08.05-19.29.30:619][615]LogModuleManager: Shutting down and abandoning module DesktopTargetPlatform (21)
[2015.08.05-19.29.30:619][615]LogModuleManager: Shutting down and abandoning module TargetPlatform (20)
[2015.08.05-19.29.30:619][615]LogModuleManager: Shutting down and abandoning module InputCore (19)
[2015.08.05-19.29.30:619][615]LogModuleManager: Shutting down and abandoning module Settings (18)
[2015.08.05-19.29.30:619][615]LogModuleManager: Shutting down and abandoning module OnlineSubsystem (16)
[2015.08.05-19.29.30:619][615]LogModuleManager: Shutting down and abandoning module HTTP (15)
[2015.08.05-19.29.30:619][615]LogModuleManager: Shutting down and abandoning module ExampleDeviceProfileSelector (14)
[2015.08.05-19.29.30:619][615]LogModuleManager: Shutting down and abandoning module TextureCompressor (13)
[2015.08.05-19.29.30:619][615]LogModuleManager: Shutting down and abandoning module ShaderCore (12)
[2015.08.05-19.29.30:619][615]LogModuleManager: Shutting down and abandoning module Landscape (11)
[2015.08.05-19.29.30:619][615]LogModuleManager: Shutting down and abandoning module SlateRHIRenderer (10)
[2015.08.05-19.29.30:621][615]LogModuleManager: Shutting down and abandoning module OpenGLDrv (9)
[2015.08.05-19.29.30:621][615]LogModuleManager: Shutting down and abandoning module D3D11RHI (8)
[2015.08.05-19.29.30:621][615]LogModuleManager: Shutting down and abandoning module Renderer (7)
[2015.08.05-19.29.30:621][615]LogModuleManager: Shutting down and abandoning module Engine (6)
[2015.08.05-19.29.30:621][615]LogModuleManager: Shutting down and abandoning module CoreUObject (5)
[2015.08.05-19.29.30:621][615]LogModuleManager: Shutting down and abandoning module NetworkFile (4)
[2015.08.05-19.29.30:621][615]LogModuleManager: Shutting down and abandoning module StreamingFile (3)
[2015.08.05-19.29.30:621][615]LogModuleManager: Shutting down and abandoning module SandboxFile (2)
[2015.08.05-19.29.30:621][615]LogModuleManager: Shutting down and abandoning module PakFile (1)
[2015.08.05-19.29.30:622][615]LogExit: Exiting.
[2015.08.05-19.29.30:633][615]Log file closed, 08/05/15 21:29:30
