[2015.08.05-19.30.50:081][  0]Log file open, 08/05/15 21:30:50
[2015.08.05-19.30.50:081][  0]LogInit:Display: Running engine for game: RandomSpawn
[2015.08.05-19.30.50:081][  0]LogInit:Display: RandInit(-312814023) SRandInit(-312814021).
[2015.08.05-19.30.50:081][  0]LogTaskGraph: Started task graph with 4 named threads and 7 total threads.
[2015.08.05-19.30.50:081][  0]LogStats: Stats thread started
[2015.08.05-19.30.50:081][  0]LogInit: Version: 4.8.3-2634408+++depot+UE4-Releases+4.8
[2015.08.05-19.30.50:081][  0]LogInit: API Version: 2579680
[2015.08.05-19.30.50:081][  0]LogInit: Compiled (64-bit): Jul 27 2015 16:24:33
[2015.08.05-19.30.50:081][  0]LogInit: Compiled with Visual C++: 18.00.21005.01
[2015.08.05-19.30.50:081][  0]LogInit: Build Configuration: Development
[2015.08.05-19.30.50:081][  0]LogInit: Branch Name: ++depot+UE4-Releases+4.8
[2015.08.05-19.30.50:081][  0]LogInit: Command line:  
[2015.08.05-19.30.50:081][  0]LogInit: Base directory: C:/Program Files/Epic Games/4.8/Engine/Binaries/Win64/
[2015.08.05-19.30.50:081][  0]LogInit: Rocket: 1
[2015.08.05-19.30.50:094][  0]LogInit: Using libcurl 7.41.0
[2015.08.05-19.30.50:094][  0]LogInit:  - built for x86_64-pc-win32
[2015.08.05-19.30.50:094][  0]LogInit:  - supports SSL with WinSSL
[2015.08.05-19.30.50:094][  0]LogInit:  - other features:
[2015.08.05-19.30.50:094][  0]LogInit:      CURL_VERSION_SSL
[2015.08.05-19.30.50:094][  0]LogInit:      CURL_VERSION_IPV6
[2015.08.05-19.30.50:094][  0]LogInit:      CURL_VERSION_ASYNCHDNS
[2015.08.05-19.30.50:094][  0]LogInit:      CURL_VERSION_LARGEFILE
[2015.08.05-19.30.50:094][  0]LogInit:      CURL_VERSION_IDN
[2015.08.05-19.30.50:094][  0]LogInit:  CurlRequestOptions (configurable via config and command line):
[2015.08.05-19.30.50:094][  0]LogInit:  - bVerifyPeer = true  - Libcurl will verify peer certificate
[2015.08.05-19.30.50:094][  0]LogInit:  - bUseHttpProxy = false  - Libcurl will NOT use HTTP proxy
[2015.08.05-19.30.50:094][  0]LogInit:  - bDontReuseConnections = false  - Libcurl will reuse connections
[2015.08.05-19.30.50:094][  0]LogInit:  - CertBundlePath = nullptr  - Libcurl will use whatever was configured at build time.
[2015.08.05-19.30.50:104][  0]LogOnline:Warning: No default platform service specified for OnlineSubsystem
[2015.08.05-19.30.50:114][  0]LogInit: Presizing for 0 objects not considered by GC, pre-allocating 0 bytes.
[2015.08.05-19.30.50:120][  0]LogInit: Object subsystem initialized
[2015.08.05-19.30.50:121][  0]LogConsoleResponse:Warning: Skipping Unknown console variable: 'TranslucentSortAxis = (X=0.000000,Y=-1.000000,Z=0.000000)'
[2015.08.05-19.30.50:121][  0]LogConsoleResponse:Warning:   Found in ini file 'C:/Users/Loïc/Documents/Unreal Projects/RandomSpawn/Saved/Config/Windows/Engine.ini', in section '[/Script/Engine.RendererSettings]'
[2015.08.05-19.30.50:121][  0]LogConsoleResponse:Warning: Skipping Unknown console variable: 'UIScaleRule = ShortestSide'
[2015.08.05-19.30.50:121][  0]LogConsoleResponse:Warning:   Found in ini file 'C:/Users/Loïc/Documents/Unreal Projects/RandomSpawn/Saved/Config/Windows/Engine.ini', in section '[/Script/Engine.RendererSettings]'
[2015.08.05-19.30.50:121][  0]LogConsoleResponse:Warning: Skipping Unknown console variable: 'UIScaleCurve = (EditorCurveData=(Keys=),ExternalCurve=None)'
[2015.08.05-19.30.50:121][  0]LogConsoleResponse:Warning:   Found in ini file 'C:/Users/Loïc/Documents/Unreal Projects/RandomSpawn/Saved/Config/Windows/Engine.ini', in section '[/Script/Engine.RendererSettings]'
[2015.08.05-19.30.50:121][  0]LogInit: Selected Device Profile: [Windows]
[2015.08.05-19.30.50:121][  0]LogInit: Applying CVar settings loaded from the selected device profile: [Windows]
[2015.08.05-19.30.50:128][  0]LogInit: Computer: LOIC-PC
[2015.08.05-19.30.50:128][  0]LogInit: User: Loïc
[2015.08.05-19.30.50:128][  0]LogInit: CPU Page size=4096, Cores=4
[2015.08.05-19.30.50:128][  0]LogInit: High frequency timer resolution =2.728052 MHz
[2015.08.05-19.30.50:128][  0]LogMemory: Memory total: Physical=7.9GB (8GB approx)
[2015.08.05-19.30.50:128][  0]LogMemory: Platform Memory Stats for Windows
[2015.08.05-19.30.50:128][  0]LogMemory: Process Physical Memory: 50.29 MB used, 50.29 MB peak
[2015.08.05-19.30.50:128][  0]LogMemory: Process Virtual Memory: 22.63 MB used, 25.52 MB peak
[2015.08.05-19.30.50:128][  0]LogMemory: Physical Memory: 2902.78 MB used, 8111.74 MB total
[2015.08.05-19.30.50:128][  0]LogMemory: Virtual Memory: 296.30 MB used, 134217728.00 MB total
[2015.08.05-19.30.50:157][  0]LogTextLocalizationManager: The requested culture ('fr_FR') has no localization data; falling back to 'en' for localization and internationalization data.
[2015.08.05-19.30.50:344][  0]LogTextLocalizationManager:Warning: Loaded localization resources contain conflicting entries for (Namespace:ContentBrowser, Key:ImportAssetToolTip):
Localization Resource: (C:/Program Files/Epic Games/4.8/Engine/Content/Localization/Editor/en/Editor.locres) Source String Hash: (-630476809) Localized String: (Import to {0}...)
Localization Resource: (C:/Program Files/Epic Games/4.8/Engine/Content/Localization/Editor/en/Editor.locres) Source String Hash: (1271782899) Localized String: (Imports an asset from file to this folder.)
[2015.08.05-19.30.50:721][  0]LogD3D11RHI: Found D3D11 adapter 0: NVIDIA GeForce GTX880M (Feature Level 11_0)
[2015.08.05-19.30.50:721][  0]LogD3D11RHI: Adapter has 4010MB of dedicated video memory, 0MB of dedicated system memory, and 4055MB of shared system memory, 1 output[s]
[2015.08.05-19.30.50:737][  0]LogD3D11RHI: Found D3D11 adapter 1: NVIDIA GeForce GTX880M (Feature Level 11_0)
[2015.08.05-19.30.50:737][  0]LogD3D11RHI: Adapter has 4010MB of dedicated video memory, 0MB of dedicated system memory, and 4055MB of shared system memory, 0 output[s]
[2015.08.05-19.30.50:738][  0]LogD3D11RHI: Found D3D11 adapter 2: Microsoft Basic Render Driver (Feature Level 11_0)
[2015.08.05-19.30.50:738][  0]LogD3D11RHI: Adapter has 4010MB of dedicated video memory, 0MB of dedicated system memory, and 4055MB of shared system memory, 0 output[s]
[2015.08.05-19.30.50:738][  0]LogD3D11RHI: Chosen D3D11 Adapter Id = 0
[2015.08.05-19.30.50:742][  0]LogD3D11RHI: InitD3DDevice
[2015.08.05-19.30.50:742][  0]LogD3D11RHI: !Direct3DDevice
[2015.08.05-19.30.50:742][  0]LogRHI: Texture pool is 1361 MB (70% of 1945 MB)
[2015.08.05-19.30.50:757][  0]LogD3D11RHI: Async texture creation enabled
[2015.08.05-19.30.51:163][  0]LogShaderCompilers:Display: Using Local Shader Compiler.
[2015.08.05-19.30.51:811][  0]LogTemp:Display: Loaded TP DesktopTargetPlatform
[2015.08.05-19.30.51:822][  0]LogTemp:Display: Loaded TP WindowsClientTargetPlatform
[2015.08.05-19.30.51:833][  0]LogTemp:Display: Loaded TP WindowsNoEditorTargetPlatform
[2015.08.05-19.30.51:844][  0]LogTemp:Display: Loaded TP WindowsServerTargetPlatform
[2015.08.05-19.30.51:856][  0]LogTemp:Display: Loaded TP WindowsTargetPlatform
[2015.08.05-19.30.51:865][  0]LogTemp:Display: Loaded TP AndroidTargetPlatform
[2015.08.05-19.30.51:875][  0]LogTemp:Display: Loaded TP Android_ASTCTargetPlatform
[2015.08.05-19.30.51:885][  0]LogTemp:Display: Loaded TP Android_ATCTargetPlatform
[2015.08.05-19.30.51:894][  0]LogTemp:Display: Loaded TP Android_DXTTargetPlatform
[2015.08.05-19.30.51:904][  0]LogTemp:Display: Loaded TP Android_ETC1TargetPlatform
[2015.08.05-19.30.51:913][  0]LogTemp:Display: Loaded TP Android_ETC2TargetPlatform
[2015.08.05-19.30.51:923][  0]LogTemp:Display: Loaded TP Android_PVRTCTargetPlatform
[2015.08.05-19.30.51:962][  0]LogTemp:Display: Loaded TP IOSTargetPlatform
[2015.08.05-19.30.51:971][  0]LogTemp:Display: Loaded TP LinuxNoEditorTargetPlatform
[2015.08.05-19.30.51:981][  0]LogTemp:Display: Loaded TP LinuxServerTargetPlatform
[2015.08.05-19.30.51:992][  0]LogTemp:Display: Loaded TP LinuxTargetPlatform
[2015.08.05-19.30.51:992][  0]LogTargetPlatformManager:Display: Building Assets For Windows
[2015.08.05-19.30.52:151][  0]LogDerivedDataCache:Display: Max Cache Size: 512 MB
[2015.08.05-19.30.52:203][  0]LogDerivedDataCache: Loaded boot cache 0.05s 53MB C:/Users/Loïc/AppData/Local/UnrealEngine/4.8/DerivedDataCache/Boot.ddc.
[2015.08.05-19.30.52:203][  0]LogDerivedDataCache:Display: Loaded Boot cache: C:/Users/Loïc/AppData/Local/UnrealEngine/4.8/DerivedDataCache/Boot.ddc
[2015.08.05-19.30.52:203][  0]LogDerivedDataCache: FDerivedDataBackendGraph:  Pak pak cache file ../../../../../../Users/Loïc/Documents/Unreal Projects/RandomSpawn/DerivedDataCache/DDC.ddp not found, will not use a pak cache.
[2015.08.05-19.30.52:203][  0]LogDerivedDataCache: Unable to find inner node Pak for hierarchical cache Hierarchy.
[2015.08.05-19.30.52:203][  0]LogDerivedDataCache: FDerivedDataBackendGraph:  CompressedPak pak cache file ../../../../../../Users/Loïc/Documents/Unreal Projects/RandomSpawn/DerivedDataCache/Compressed.ddp not found, will not use a pak cache.
[2015.08.05-19.30.52:203][  0]LogDerivedDataCache: Unable to find inner node CompressedPak for hierarchical cache Hierarchy.
[2015.08.05-19.30.52:328][  0]LogDerivedDataCache:Display: Pak cache opened for reading ../../../Engine/DerivedDataCache/Compressed.ddp.
[2015.08.05-19.30.52:340][  0]LogDerivedDataCache: Using Local data cache path C:/Users/Loïc/AppData/Local/UnrealEngine/Common/DerivedDataCache: Writable
[2015.08.05-19.30.52:504][  0]LogInit: Selected Device Profile: [Windows]
[2015.08.05-19.30.52:571][  0]ImportText (ComponentSweepMultiTests): Missing closing parenthesis: (RootShapeAsset="/Engine/BasicShapes/Cube.Cube",ShapeType="TriggerCapsule",HitResult=(Time=0.50,Location=(X=-100.000015,Y=0.0,Z=100.000015),ImpactPoint=(X=-50.0,Y=0.0,Z=50.0),Normal=(X=-1.0,Y=-0.0,Z=0.0),ImpactNormal=(X=0.0,Y=0.0,Z=1.0),TraceStart=(X=-200.0,Y=0.0,Z=200.0),TraceEnd=(X=0.0,Y=0.0,Z=0.0))
[2015.08.05-19.30.52:571][  0]ImportText (LineTraceSingleByChannelTests): Missing closing parenthesis: (RootShapeAsset="/Engine/BasicShapes/Cube.Cube",HitResult=(Time=0.50,Location=(X=-100.000015,Y=0.0,Z=100.000015),ImpactPoint=(X=-50.0,Y=0.0,Z=50.0),Normal=(X=-1.0,Y=-0.0,Z=0.0),ImpactNormal=(X=0.0,Y=0.0,Z=1.0),TraceStart=(X=-200.0,Y=0.0,Z=200.0),TraceEnd=(X=0.0,Y=0.0,Z=0.0))
[2015.08.05-19.30.52:592][  0]LogMeshUtilities: No automatic mesh reduction module available
[2015.08.05-19.30.52:592][  0]LogMeshUtilities: No automatic mesh merging module available
[2015.08.05-19.30.52:856][  0]LogInit: WinSock: version 1.1 (2.2), MaxSocks=32767, MaxUdp=65467
[2015.08.05-19.30.53:597][  0]UdpMessaging: Initializing bridge on interface 0.0.0.0:0 to multicast group 230.0.0.1:6666.
[2015.08.05-19.30.53:859][  0]SourceControl: Info Source control is disabled
[2015.08.05-19.30.53:868][  0]SourceControl: Info Source control is disabled
[2015.08.05-19.30.53:876][  0]SourceControl: Info Source control is disabled
[2015.08.05-19.30.53:883][  0]SourceControl: Info Source control is disabled
[2015.08.05-19.30.54:047][  0]LogObj: 26273 objects as part of root set at end of initial load.
[2015.08.05-19.30.54:047][  0]LogUObjectAllocator: 5409256 out of 0 bytes used by permanent object pool.
[2015.08.05-19.30.54:106][  0]LogEngine: Initializing Engine...
[2015.08.05-19.30.54:108][  0]LogHMD: Can't find Oculus library dev build: is proper Runtime installed? Version: 0.6.0.0
[2015.08.05-19.30.54:108][  0]LogHMD:Warning: SteamVR failed to initialize.  Error: 110
[2015.08.05-19.30.54:222][  0]LogAIModule: Creating AISystem for world NewWorld
[2015.08.05-19.30.54:225][  0]LogInit: XAudio2 using 'Haut-parleurs (Realtek High Definition Audio)' : 2 channels at 48 kHz using 32 bits per sample (channel mask 0x3)
[2015.08.05-19.30.54:242][  0]LogInit: FAudioDevice initialized.
[2015.08.05-19.30.54:270][  0]LogDerivedDataCache: Saved boot cache 0.03s 53MB C:/Users/Loïc/AppData/Local/UnrealEngine/4.8/DerivedDataCache/Boot.ddc.
[2015.08.05-19.30.54:278][  0]LogInit: Texture streaming: Disabled
[2015.08.05-19.30.54:296][  0]LogAnalytics: Creating configured Analytics provider AnalyticsET
[2015.08.05-19.30.54:296][  0]LogAnalytics: [UEEditor.Rocket.Release] APIServer = http://et2.epicgames.com/ET2/. AppVersion = 4.8.3-2634408+++depot+UE4-Releases+4.8
[2015.08.05-19.30.54:296][  0]LogAnalytics: [UEEditor.Rocket.Release] SetUserId 504f49814bd2122454a9c9a4beaeaa57|2799e6c2b9344bb28bf6eae71078dab8|928b9dfe-ef31-4895-b7ab-97275a57542b
[2015.08.05-19.30.54:297][  0]LogAnalytics: [UEEditor.Rocket.Release] AnalyticsET::StartSession
[2015.08.05-19.30.54:318][  0]LogInit: Transaction tracking system initialized
[2015.08.05-19.30.54:426][  0]BlueprintLog: New page: Editor Load
[2015.08.05-19.30.54:455][  0]LogAssetRegistry: FAssetRegistry took 0.0108 seconds to start up
[2015.08.05-19.30.54:455][  0]LogDirectoryWatcher:Warning: Failed to begin reading directory changes for ../../../Engine/Plugins/Experimental/CharacterAI/Content/. Error: 0
[2015.08.05-19.30.55:009][  0]LogConsoleManager:Warning: Console variable 'r.VSync' wasn't set ('GameSetting' has a lower priority than 'SystemSettingsIni')
[2015.08.05-19.30.55:010][  0]LogConsoleResponse:Display: 
[2015.08.05-19.30.55:096][  0]LogCook:Display: Done creating registry. It took  0.00s.
[2015.08.05-19.30.55:220][  0]SourceControl: Info Source control is disabled
[2015.08.05-19.30.55:220][  0]Cmd: MAP LOAD FILE="../../../../../../Users/Loïc/Documents/Unreal Projects/RandomSpawn/Content/FirstPersonBP/Maps/FirstPersonExampleMap.umap" TEMPLATE=0 SHOWPROGRESS=1 FEATURELEVEL=3
[2015.08.05-19.30.55:220][  0]LightingResults: New page: Lighting Build
[2015.08.05-19.30.55:229][  0]MapCheck: New page: Map Check
[2015.08.05-19.30.55:230][  0]LightingResults: New page: Lighting Build
[2015.08.05-19.30.55:237][  0]LogParticles: Destroying 0 GPU particle simulations for FXSystem 0x0000001BD4AA4B80
[2015.08.05-19.30.58:705][  0]LogAIModule: Creating AISystem for world FirstPersonExampleMap
[2015.08.05-19.30.58:712][  0]LogEditorServer: Finished looking for orphan Actors (0.000 secs)
[2015.08.05-19.30.59:777][  0]Cmd: MAP CHECKDEP NOCLEARLOG
[2015.08.05-19.30.59:822][  0]MapCheck: Info Map check complete: 0 Error(s), 0 Warning(s), took 45.363ms to complete.
[2015.08.05-19.30.59:822][  0]LogFileHelpers: Loading map 'FirstPersonExampleMap' took 4.603
[2015.08.05-19.30.59:915][  0]LogCollectionManager: Loaded 0 collections in 0.001544 seconds
[2015.08.05-19.30.59:921][  0]LogContentBrowser: Native class hierarchy populated in 0.0060 seconds. Added 1792 classes and 301 folders.
[2015.08.05-19.30.59:952][  0]LogContentBrowser: Native class hierarchy updated for 'WidgetCarousel' in 0.0003 seconds. Added 0 classes and 0 folders.
[2015.08.05-19.30.59:973][  0]LogContentBrowser: Native class hierarchy updated for 'AddContentDialog' in 0.0003 seconds. Added 0 classes and 0 folders.
[2015.08.05-19.30.59:987][  0]LogContentBrowser: Native class hierarchy updated for 'SceneOutliner' in 0.0003 seconds. Added 1 classes and 2 folders.
[2015.08.05-19.31.00:072][  0]LogCrashTracker: Crashtracker disabled due to settings.
[2015.08.05-19.31.00:073][  0]LogD3D11RHI: InitD3DDevice
[2015.08.05-19.31.00:075][  0]LogUObjectGlobals:Warning: Failed to find object 'Class None.'
[2015.08.05-19.31.00:098][  0]LogLoad: Full Startup: 11.12 seconds (BP compile: 1.69 seconds)
[2015.08.05-19.31.00:107][  0]LogWindowsTextInputMethodSystem:Display: IME system now deactivated.
[2015.08.05-19.31.00:160][  0]LogContentStreaming: Texture pool size is 0.000000MB
[2015.08.05-19.31.00:202][  0]LogContentStreaming: Texture pool size now 200 MB
[2015.08.05-19.31.00:303][  0]LogRenderer: Reallocating scene render targets to support 1208x576 (Frame:2).
[2015.08.05-19.31.00:888][ 14]LogAssetRegistry: Asset discovery search completed in 6.4444 seconds
[2015.08.05-19.31.01:132][ 33]LogD3D11RHI: InitD3DDevice
[2015.08.05-19.31.03:849][270]LogD3D11RHI: InitD3DDevice
[2015.08.05-19.31.17:713][599]LogD3D11RHI: InitD3DDevice
[2015.08.05-19.31.17:794][599]LogLinker:Warning: Asset '../../../Engine/Content/ArtTools/RenderToTexture/Macros/RenderToTextureMacros.uasset' has been saved with empty engine version. The asset will be loaded but may be incompatible.
[2015.08.05-19.31.17:830][599]LogLinker:Warning: Asset '../../../Engine/Content/ArtTools/RenderToTexture/Enums/RenderToTexture_Enum.uasset' has been saved with empty engine version. The asset will be loaded but may be incompatible.
[2015.08.05-19.31.18:649][599]LogActor:Warning: GameNetworkManager /Engine/Transient.World_2:PersistentLevel.GameNetworkManager_0 has natively added scene component(s), but none of them were set as the actor's RootComponent - picking one arbitrarily
[2015.08.05-19.31.42:659][ 85]LogD3D11RHI: InitD3DDevice
[2015.08.05-19.31.55:821][593]BlueprintLog: New page: Compile FirstPersonGameMode
[2015.08.05-19.31.55:926][593]LogActorComponent: UnregisterComponent: (/Engine/Transient.CharMoveComp) Not registered. Aborting.
[2015.08.05-19.31.56:192][593]BlueprintEditorCompileResults: Info The execution path doesn't end with a return node.  Completed 
[2015.08.05-19.31.56:192][593]BlueprintEditorCompileResults: Info The execution path doesn't end with a return node.  Completed 
[2015.08.05-19.31.56:192][593]BlueprintEditorCompileResults: Info [0067.21] Compile of FirstPersonGameMode successful! [in 369 ms]
[2015.08.05-19.31.56:316][603]LogD3D11RHI: InitD3DDevice
[2015.08.05-19.31.56:435][603]LogSavePackage: Save=83.719444ms
[2015.08.05-19.31.56:435][603]LogSavePackage: Moving '../../../../../../Users/Loïc/Documents/Unreal Projects/RandomSpawn/Saved/FirstPersonGameModeDE98AFE5438B6A6D737F82A1739DD712.tmp' to '../../../../../../Users/Loïc/Documents/Unreal Projects/RandomSpawn/Content/FirstPersonBP/Blueprints/FirstPersonGameMode.uasset'
[2015.08.05-19.32.09:717][ 46]LogD3D11RHI: InitD3DDevice
[2015.08.05-19.32.09:817][ 46]LogSavePackage: Save=83.694519ms
[2015.08.05-19.32.09:818][ 46]LogSavePackage: Moving '../../../../../../Users/Loïc/Documents/Unreal Projects/RandomSpawn/Saved/FirstPersonGameMode214876F94CCE7928B96D719B1065F370.tmp' to '../../../../../../Users/Loïc/Documents/Unreal Projects/RandomSpawn/Content/FirstPersonBP/Blueprints/FirstPersonGameMode.uasset'
[2015.08.05-19.32.11:503][229]BlueprintLog: New page: Compile FirstPersonGameMode
[2015.08.05-19.32.11:624][229]BlueprintEditorCompileResults: Info The execution path doesn't end with a return node.  Completed 
[2015.08.05-19.32.11:624][229]BlueprintEditorCompileResults: Info The execution path doesn't end with a return node.  Completed 
[2015.08.05-19.32.11:624][229]BlueprintEditorCompileResults: Info [0082.64] Compile of FirstPersonGameMode successful! [in 120 ms]
[2015.08.05-19.32.12:324][300]LogD3D11RHI: InitD3DDevice
[2015.08.05-19.32.12:435][300]LogSavePackage: Save=82.944168ms
[2015.08.05-19.32.12:435][300]LogSavePackage: Moving '../../../../../../Users/Loïc/Documents/Unreal Projects/RandomSpawn/Saved/FirstPersonGameModeF4B77C7A40A16C2C6852D29ECDF7AB3E.tmp' to '../../../../../../Users/Loïc/Documents/Unreal Projects/RandomSpawn/Content/FirstPersonBP/Blueprints/FirstPersonGameMode.uasset'
[2015.08.05-19.32.43:675][675]LogD3D11RHI: InitD3DDevice
[2015.08.05-19.32.43:794][675]LogSavePackage: Save=84.816566ms
[2015.08.05-19.32.43:794][675]LogSavePackage: Moving '../../../../../../Users/Loïc/Documents/Unreal Projects/RandomSpawn/Saved/FirstPersonGameMode2F2505234B72518C822267B695A8A7E8.tmp' to '../../../../../../Users/Loïc/Documents/Unreal Projects/RandomSpawn/Content/FirstPersonBP/Blueprints/FirstPersonGameMode.uasset'
[2015.08.05-19.32.50:282][384]LogD3D11RHI: InitD3DDevice
[2015.08.05-19.32.50:657][416]LogD3D11RHI: InitD3DDevice
[2015.08.05-19.32.58:431][277]LogD3D11RHI: InitD3DDevice
[2015.08.05-19.32.58:958][336]LogD3D11RHI: InitD3DDevice
[2015.08.05-19.32.59:317][373]LogD3D11RHI: InitD3DDevice
[2015.08.05-19.33.05:077][978]LogD3D11RHI: InitD3DDevice
[2015.08.05-19.33.07:238][205]LogD3D11RHI: InitD3DDevice
[2015.08.05-19.33.21:214][612]LogD3D11RHI: InitD3DDevice
[2015.08.05-19.33.28:228][351]LogD3D11RHI: InitD3DDevice
[2015.08.05-19.33.31:811][699]LogD3D11RHI: InitD3DDevice
[2015.08.05-19.33.31:927][699]LogSavePackage: Save=85.790886ms
[2015.08.05-19.33.31:927][699]LogSavePackage: Moving '../../../../../../Users/Loïc/Documents/Unreal Projects/RandomSpawn/Saved/FirstPersonGameModeDCD6EF2049B991CC7269BB98E0AE18E8.tmp' to '../../../../../../Users/Loïc/Documents/Unreal Projects/RandomSpawn/Content/FirstPersonBP/Blueprints/FirstPersonGameMode.uasset'
[2015.08.05-19.33.33:439][856]BlueprintLog: New page: Compile FirstPersonGameMode
[2015.08.05-19.33.33:560][856]BlueprintEditorCompileResults: Info The execution path doesn't end with a return node.  Completed 
[2015.08.05-19.33.33:560][856]BlueprintEditorCompileResults: Info The execution path doesn't end with a return node.  Completed 
[2015.08.05-19.33.33:560][856]BlueprintEditorCompileResults: Info [0164.58] Compile of FirstPersonGameMode successful! [in 121 ms]
[2015.08.05-19.33.33:879][887]LogD3D11RHI: InitD3DDevice
[2015.08.05-19.33.33:994][887]LogSavePackage: Save=85.832306ms
[2015.08.05-19.33.33:995][887]LogSavePackage: Moving '../../../../../../Users/Loïc/Documents/Unreal Projects/RandomSpawn/Saved/FirstPersonGameMode5CF759204578F2CCD2784898319991FF.tmp' to '../../../../../../Users/Loïc/Documents/Unreal Projects/RandomSpawn/Content/FirstPersonBP/Blueprints/FirstPersonGameMode.uasset'
[2015.08.05-19.33.38:988][425]LogD3D11RHI: InitD3DDevice
[2015.08.05-19.33.39:233][447]LogD3D11RHI: InitD3DDevice
[2015.08.05-19.33.55:198][165]LogD3D11RHI: InitD3DDevice
[2015.08.05-19.33.56:915][359]LogD3D11RHI: InitD3DDevice
[2015.08.05-19.33.57:291][396]LogD3D11RHI: InitD3DDevice
[2015.08.05-19.34.01:469][839]LogD3D11RHI: InitD3DDevice
[2015.08.05-19.34.07:910][468]LogD3D11RHI: InitD3DDevice
[2015.08.05-19.34.10:744][776]BlueprintLog: New page: Compile FirstPersonGameMode
[2015.08.05-19.34.10:872][776]BlueprintEditorCompileResults: Info The execution path doesn't end with a return node.  Completed 
[2015.08.05-19.34.10:872][776]BlueprintEditorCompileResults: Info The execution path doesn't end with a return node.  Completed 
[2015.08.05-19.34.10:872][776]BlueprintEditorCompileResults: Info [0201.89] Compile of FirstPersonGameMode successful! [in 127 ms]
[2015.08.05-19.34.11:162][805]LogD3D11RHI: InitD3DDevice
[2015.08.05-19.34.11:283][805]LogSavePackage: Save=86.858315ms
[2015.08.05-19.34.11:283][805]LogSavePackage: Moving '../../../../../../Users/Loïc/Documents/Unreal Projects/RandomSpawn/Saved/FirstPersonGameMode0691D98247C1BD81CCCF0F8B8743D159.tmp' to '../../../../../../Users/Loïc/Documents/Unreal Projects/RandomSpawn/Content/FirstPersonBP/Blueprints/FirstPersonGameMode.uasset'
[2015.08.05-19.34.35:339][430]LogD3D11RHI: InitD3DDevice
[2015.08.05-19.34.37:216][627]LogD3D11RHI: InitD3DDevice
[2015.08.05-19.34.43:162][245]LogD3D11RHI: InitD3DDevice
[2015.08.05-19.34.43:798][302]LogD3D11RHI: InitD3DDevice
[2015.08.05-19.34.44:881][400]LogD3D11RHI: InitD3DDevice
[2015.08.05-19.34.56:843][615]LogD3D11RHI: InitD3DDevice
[2015.08.05-19.34.57:602][689]LogD3D11RHI: InitD3DDevice
[2015.08.05-19.34.59:854][889]LogD3D11RHI: InitD3DDevice
[2015.08.05-19.35.00:564][958]LogD3D11RHI: InitD3DDevice
[2015.08.05-19.35.05:506][464]LogD3D11RHI: InitD3DDevice
[2015.08.05-19.35.08:286][767]LogD3D11RHI: InitD3DDevice
[2015.08.05-19.35.11:160][ 75]LogD3D11RHI: InitD3DDevice
[2015.08.05-19.35.11:219][ 75]LogD3D11RHI: InitD3DDevice
[2015.08.05-19.35.15:664][549]BlueprintLog: New page: Compile FirstPersonGameMode
[2015.08.05-19.35.15:787][549]BlueprintEditorCompileResults: Info The execution path doesn't end with a return node.  Completed 
[2015.08.05-19.35.15:787][549]BlueprintEditorCompileResults: Info The execution path doesn't end with a return node.  Completed 
[2015.08.05-19.35.15:787][549]BlueprintEditorCompileResults: Info [0266.81] Compile of FirstPersonGameMode successful! [in 122 ms]
[2015.08.05-19.35.16:188][591]LogD3D11RHI: InitD3DDevice
[2015.08.05-19.35.16:297][591]LogSavePackage: Save=89.938171ms
[2015.08.05-19.35.16:297][591]LogSavePackage: Moving '../../../../../../Users/Loïc/Documents/Unreal Projects/RandomSpawn/Saved/FirstPersonGameModeE6956C1549B82F5D03BC7FB8890EAE24.tmp' to '../../../../../../Users/Loïc/Documents/Unreal Projects/RandomSpawn/Content/FirstPersonBP/Blueprints/FirstPersonGameMode.uasset'
[2015.08.05-19.35.48:403][268]LogD3D11RHI: InitD3DDevice
[2015.08.05-19.35.49:389][371]LogD3D11RHI: InitD3DDevice
[2015.08.05-19.35.56:668][172]LogD3D11RHI: InitD3DDevice
[2015.08.05-19.35.59:921][528]LogD3D11RHI: InitD3DDevice
[2015.08.05-19.36.01:655][713]LogD3D11RHI: InitD3DDevice
[2015.08.05-19.36.01:765][713]LogSavePackage: Save=89.501228ms
[2015.08.05-19.36.01:765][713]LogSavePackage: Moving '../../../../../../Users/Loïc/Documents/Unreal Projects/RandomSpawn/Saved/FirstPersonGameMode573483C04745ECC1AA8E3BB1F25A27FB.tmp' to '../../../../../../Users/Loïc/Documents/Unreal Projects/RandomSpawn/Content/FirstPersonBP/Blueprints/FirstPersonGameMode.uasset'
[2015.08.05-19.36.07:868][417]LogD3D11RHI: InitD3DDevice
[2015.08.05-19.36.08:372][468]LogD3D11RHI: InitD3DDevice
[2015.08.05-19.36.25:332][297]LogD3D11RHI: InitD3DDevice
[2015.08.05-19.36.26:213][387]LogD3D11RHI: InitD3DDevice
[2015.08.05-19.36.26:743][439]LogD3D11RHI: InitD3DDevice
[2015.08.05-19.36.31:058][865]LogD3D11RHI: InitD3DDevice
[2015.08.05-19.36.31:472][909]LogD3D11RHI: InitD3DDevice
[2015.08.05-19.36.34:011][181]LogD3D11RHI: InitD3DDevice
[2015.08.05-19.36.36:480][438]LogD3D11RHI: InitD3DDevice
[2015.08.05-19.36.38:242][619]LogD3D11RHI: InitD3DDevice
[2015.08.05-19.36.39:853][786]LogD3D11RHI: InitD3DDevice
[2015.08.05-19.36.41:124][910]LogD3D11RHI: InitD3DDevice
[2015.08.05-19.36.42:994][102]LogD3D11RHI: InitD3DDevice
[2015.08.05-19.36.45:684][378]LogD3D11RHI: InitD3DDevice
[2015.08.05-19.36.57:030][561]LogD3D11RHI: InitD3DDevice
[2015.08.05-19.37.03:693][256]BlueprintLog: New page: Compile FirstPersonGameMode
[2015.08.05-19.37.03:824][256]BlueprintEditorCompileResults: Info The execution path doesn't end with a return node.  Completed 
[2015.08.05-19.37.03:824][256]BlueprintEditorCompileResults: Info The execution path doesn't end with a return node.  Completed 
[2015.08.05-19.37.03:824][256]BlueprintEditorCompileResults: Info [0374.84] Compile of FirstPersonGameMode successful! [in 130 ms]
[2015.08.05-19.37.04:183][293]LogD3D11RHI: InitD3DDevice
[2015.08.05-19.37.04:300][293]LogSavePackage: Save=90.668724ms
[2015.08.05-19.37.04:300][293]LogSavePackage: Moving '../../../../../../Users/Loïc/Documents/Unreal Projects/RandomSpawn/Saved/FirstPersonGameModeF3D49CC84B4242AC790679822CCDAD13.tmp' to '../../../../../../Users/Loïc/Documents/Unreal Projects/RandomSpawn/Content/FirstPersonBP/Blueprints/FirstPersonGameMode.uasset'
[2015.08.05-19.37.14:591][439]LogD3D11RHI: InitD3DDevice
[2015.08.05-19.37.17:036][708]BlueprintLog: New page: Compile FirstPersonGameMode
[2015.08.05-19.37.17:171][708]BlueprintEditorCompileResults: Info The execution path doesn't end with a return node.  Completed 
[2015.08.05-19.37.17:171][708]BlueprintEditorCompileResults: Info The execution path doesn't end with a return node.  Completed 
[2015.08.05-19.37.17:171][708]BlueprintEditorCompileResults: Info [0388.19] Compile of FirstPersonGameMode successful! [in 135 ms]
[2015.08.05-19.37.17:492][741]LogD3D11RHI: InitD3DDevice
[2015.08.05-19.37.17:609][741]LogSavePackage: Save=92.378372ms
[2015.08.05-19.37.17:609][741]LogSavePackage: Moving '../../../../../../Users/Loïc/Documents/Unreal Projects/RandomSpawn/Saved/FirstPersonGameMode42B8D8024BDB046A555ED79434652E80.tmp' to '../../../../../../Users/Loïc/Documents/Unreal Projects/RandomSpawn/Content/FirstPersonBP/Blueprints/FirstPersonGameMode.uasset'
[2015.08.05-19.37.32:152][376]LogD3D11RHI: InitD3DDevice
[2015.08.05-19.37.41:310][391]LogD3D11RHI: InitD3DDevice
[2015.08.05-19.37.54:809][851]BlueprintLog: New page: Compile FirstPersonGameMode
[2015.08.05-19.37.54:936][851]BlueprintEditorCompileResults: Info The execution path doesn't end with a return node.  Completed 
[2015.08.05-19.37.54:937][851]BlueprintEditorCompileResults: Info The execution path doesn't end with a return node.  Completed 
[2015.08.05-19.37.54:937][851]BlueprintEditorCompileResults: Info [0425.96] Compile of FirstPersonGameMode successful! [in 127 ms]
[2015.08.05-19.37.55:326][890]LogD3D11RHI: InitD3DDevice
[2015.08.05-19.37.55:447][890]LogSavePackage: Save=92.652924ms
[2015.08.05-19.37.55:447][890]LogSavePackage: Moving '../../../../../../Users/Loïc/Documents/Unreal Projects/RandomSpawn/Saved/FirstPersonGameMode7B55113641208636FAC4B4AEC9B644AB.tmp' to '../../../../../../Users/Loïc/Documents/Unreal Projects/RandomSpawn/Content/FirstPersonBP/Blueprints/FirstPersonGameMode.uasset'
[2015.08.05-19.37.58:945][276]LogPlayLevel: PIE:  No blueprints needed recompiling
[2015.08.05-19.37.58:948][276]PIE: New page: PIE session: FirstPersonExampleMap (Aug 5, 2015, 11:37:58 PM)
[2015.08.05-19.37.58:948][276]LogPlayLevel: Creating play world package: /Game/FirstPersonBP/Maps/UEDPIE_1_FirstPersonExampleMap
[2015.08.05-19.37.58:969][276]LogPlayLevel: PIE: StaticDuplicateObject took: (0.020599s)
[2015.08.05-19.37.58:970][276]LogAIModule: Creating AISystem for world FirstPersonExampleMap
[2015.08.05-19.37.58:971][276]LogPlayLevel: PIE: World Init took: (0.001796s)
[2015.08.05-19.37.58:971][276]LogPlayLevel: PIE: Created PIE world by copying editor world from /Game/FirstPersonBP/Maps/FirstPersonExampleMap.FirstPersonExampleMap to /Game/FirstPersonBP/Maps/UEDPIE_1_FirstPersonExampleMap.FirstPersonExampleMap (0.023137s)
[2015.08.05-19.37.59:012][276]LogInit: XAudio2 using 'Haut-parleurs (Realtek High Definition Audio)' : 2 channels at 48 kHz using 32 bits per sample (channel mask 0x3)
[2015.08.05-19.37.59:019][276]LogInit: FAudioDevice initialized.
[2015.08.05-19.37.59:022][276]LogD3D11RHI: InitD3DDevice
[2015.08.05-19.37.59:064][276]LogWorld: Game class is 'FirstPersonGameMode_C'
[2015.08.05-19.37.59:068][276]LogWorld: Bringing World /Game/FirstPersonBP/Maps/UEDPIE_1_FirstPersonExampleMap.FirstPersonExampleMap up for play (max tick rate 0) at 2015.08.05-21.37.59
[2015.08.05-19.37.59:068][276]LogActor:Warning: GameSession /Game/FirstPersonBP/Maps/UEDPIE_1_FirstPersonExampleMap.FirstPersonExampleMap:PersistentLevel.GameSession_0 has natively added scene component(s), but none of them were set as the actor's RootComponent - picking one arbitrarily
[2015.08.05-19.37.59:068][276]LogActor:Warning: GameNetworkManager /Game/FirstPersonBP/Maps/UEDPIE_1_FirstPersonExampleMap.FirstPersonExampleMap:PersistentLevel.GameNetworkManager_1 has natively added scene component(s), but none of them were set as the actor's RootComponent - picking one arbitrarily
[2015.08.05-19.37.59:069][276]LogWorld: Bringing up level for play took: 0.002870
[2015.08.05-19.37.59:070][276]LogInit: WinSock: Socket queue 131072 / 131072
[2015.08.05-19.37.59:072][276]LogInit: WinSock: I am Loic-PC (25.97.102.240:0)
[2015.08.05-19.37.59:072][276]LogNet: GameNetDriver IpNetDriver_0 IpNetDriver listening on port 7777
[2015.08.05-19.37.59:084][276]PIE: Info Play in editor start time for /Game/FirstPersonBP/Maps/UEDPIE_1_FirstPersonExampleMap 0.143
[2015.08.05-19.37.59:085][276]PIE: New page: PIE session: FirstPersonExampleMap (Aug 5, 2015, 11:37:59 PM)
[2015.08.05-19.37.59:092][276]LogD3D11RHI: InitD3DDevice
[2015.08.05-19.37.59:119][276]LogNet: Browse: 127.0.0.1//Game/FirstPersonBP/Maps/FirstPersonExampleMap
[2015.08.05-19.37.59:120][276]LogInit: WinSock: Socket queue 32768 / 32768
[2015.08.05-19.37.59:120][276]LogNet: Game client on port 7777, rate 10000
[2015.08.05-19.37.59:120][276]LogNet: GetLocalNetworkVersion: GEngineNetVersion: 2634408, ProjectName: randomspawn, ProjectVersion: 1.0.0.0, InternalProtocolVersion: 8, LocalNetworkVersion: 733586408
[2015.08.05-19.37.59:136][276]PIE: Info Play in editor start time for /Game/FirstPersonBP/Maps/FirstPersonExampleMap 0.194
[2015.08.05-19.37.59:160][276]LogNet: NotifyAcceptingConnection: Server FirstPersonExampleMap accept
[2015.08.05-19.37.59:160][276]LogNet: Open FirstPersonExampleMap 08/05/15 21:37:59 127.0.0.1
[2015.08.05-19.37.59:160][276]LogNet: Added client connection.  Remote address = 127.0.0.1:58672
[2015.08.05-19.37.59:160][276]LogNet: NotifyAcceptingChannel Control 0 server World /Game/FirstPersonBP/Maps/UEDPIE_1_FirstPersonExampleMap.FirstPersonExampleMap: Accepted
[2015.08.05-19.37.59:160][276]LogNet: Remote platform little endian=1
[2015.08.05-19.37.59:160][276]LogNet: This platform little endian=1
[2015.08.05-19.37.59:160][276]LogNet: GetLocalNetworkVersion: GEngineNetVersion: 2634408, ProjectName: randomspawn, ProjectVersion: 1.0.0.0, InternalProtocolVersion: 8, LocalNetworkVersion: 733586408
[2015.08.05-19.37.59:246][277]LogNet: Login request: /Game/FirstPersonBP/Maps/FirstPersonExampleMap userId: Invalid
[2015.08.05-19.37.59:247][277]LogNet: Welcomed by server (Level: /Game/FirstPersonBP/Maps/UEDPIE_1_FirstPersonExampleMap, Game: /Game/FirstPersonBP/Blueprints/FirstPersonGameMode.FirstPersonGameMode_C)
[2015.08.05-19.37.59:284][277]LogLoad: LoadMap: 127.0.0.1//Game/FirstPersonBP/Maps/UEDPIE_1_FirstPersonExampleMap?game=/Game/FirstPersonBP/Blueprints/FirstPersonGameMode.FirstPersonGameMode_C
[2015.08.05-19.37.59:325][277]LogParticles: Destroying 0 GPU particle simulations for FXSystem 0x0000001BA6B2C7C0
[2015.08.05-19.37.59:346][277]Cmd: MEM
[2015.08.05-19.37.59:384][277]LogMemory: Platform Memory Stats for Windows
[2015.08.05-19.37.59:384][277]LogMemory: Process Physical Memory: 1168.78 MB used, 1170.75 MB peak
[2015.08.05-19.37.59:384][277]LogMemory: Process Virtual Memory: 1722.76 MB used, 1723.13 MB peak
[2015.08.05-19.37.59:384][277]LogMemory: Physical Memory: 4043.71 MB used, 8111.74 MB total
[2015.08.05-19.37.59:384][277]LogMemory: Virtual Memory: 2344.45 MB used, 134217728.00 MB total
[2015.08.05-19.37.59:384][277]LogMemory: 
[2015.08.05-19.37.59:384][277]Allocator Stats for TBB: (not implemented)
[2015.08.05-19.37.59:384][277]LogLinker: Can't find file for asset '/Game/FirstPersonBP/Maps/UEDPIE_1_FirstPersonExampleMap' while loading NULL.
[2015.08.05-19.37.59:406][277]LogWorld: PIE: Copying PIE streaming level from /Game/FirstPersonBP/Maps/FirstPersonExampleMap.FirstPersonExampleMap to /Game/FirstPersonBP/Maps/UEDPIE_2_FirstPersonExampleMap.FirstPersonExampleMap. OwningWorld: None
[2015.08.05-19.37.59:408][277]LogAIModule: Creating AISystem for world FirstPersonExampleMap
[2015.08.05-19.37.59:413][277]LogWorld: Bringing World /Game/FirstPersonBP/Maps/UEDPIE_2_FirstPersonExampleMap.FirstPersonExampleMap up for play (max tick rate 0) at 2015.08.05-21.37.59
[2015.08.05-19.37.59:414][277]LogWorld: Bringing up level for play took: 0.002810
[2015.08.05-19.37.59:434][278]LogNet: Client netspeed is 10000
[2015.08.05-19.37.59:434][278]LogNet: Join request: /Game/FirstPersonBP/Maps/FirstPersonExampleMap?SplitscreenCount=1
[2015.08.05-19.37.59:436][278]LogNet: Join succeeded: 257
[2015.08.05-19.38.03:913][550]LogArray:Warning: Attempted to get an item from array AllPlayersTemp out of bounds [2/1]!
[2015.08.05-19.38.03:913][550]LogScript:Warning: Accessed None 'In Player'
	FirstPersonGameMode_C /Game/FirstPersonBP/Maps/UEDPIE_1_FirstPersonExampleMap.FirstPersonExampleMap:PersistentLevel.FirstPersonGameMode_C_2
	Function /Game/FirstPersonBP/Blueprints/FirstPersonGameMode.FirstPersonGameMode_C:SpawnPlayer:0016
[2015.08.05-19.38.03:913][550]PIE:Error: Error Accessed None 'In Player' from node SpawnActor in graph 'SpawnPlayer' in blueprint FirstPersonGameMode
[2015.08.05-19.38.03:913][550]LogScript:Warning: Accessed None 'In Player'
	FirstPersonGameMode_C /Game/FirstPersonBP/Maps/UEDPIE_1_FirstPersonExampleMap.FirstPersonExampleMap:PersistentLevel.FirstPersonGameMode_C_2
	Function /Game/FirstPersonBP/Blueprints/FirstPersonGameMode.FirstPersonGameMode_C:SpawnPlayer:0045
[2015.08.05-19.38.03:913][550]PIE:Error: Error Accessed None 'In Player' from node SpawnActor in graph 'SpawnPlayer' in blueprint FirstPersonGameMode
[2015.08.05-19.38.03:915][550]LogScript:Warning: Accessed None 'In Player'
	FirstPersonGameMode_C /Game/FirstPersonBP/Maps/UEDPIE_1_FirstPersonExampleMap.FirstPersonExampleMap:PersistentLevel.FirstPersonGameMode_C_2
	Function /Game/FirstPersonBP/Blueprints/FirstPersonGameMode.FirstPersonGameMode_C:SpawnPlayer:0100
[2015.08.05-19.38.03:915][550]PIE:Error: Error Accessed None 'In Player' from node SpawnActor in graph 'SpawnPlayer' in blueprint FirstPersonGameMode
[2015.08.05-19.38.03:915][550]LogScript:Warning: Accessed None 'In Player'
	FirstPersonGameMode_C /Game/FirstPersonBP/Maps/UEDPIE_1_FirstPersonExampleMap.FirstPersonExampleMap:PersistentLevel.FirstPersonGameMode_C_2
	Function /Game/FirstPersonBP/Blueprints/FirstPersonGameMode.FirstPersonGameMode_C:SpawnPlayer:012F
[2015.08.05-19.38.03:915][550]PIE:Error: Error Accessed None 'In Player' from node SpawnActor in graph 'SpawnPlayer' in blueprint FirstPersonGameMode
[2015.08.05-19.38.05:323][632]LogBlueprintUserMessages: Client 1: Byormi
[2015.08.05-19.38.05:698][654]LogBlueprintUserMessages: Client 1: Byormi
[2015.08.05-19.38.05:850][663]LogBlueprintUserMessages: Client 1: Byormi
[2015.08.05-19.38.06:004][672]LogBlueprintUserMessages: Client 1: Byormi
[2015.08.05-19.38.06:157][681]LogBlueprintUserMessages: Client 1: Byormi
[2015.08.05-19.38.10:330][917]LogNet: UChannel::CleanUp: [GameNetDriver] [PlayerController_2] [PlayerController_2]. ChIndex == 0. Closing connection.
[2015.08.05-19.38.10:330][917]LogNet: UNetConnection::Close: Name: IpConnection_1, Driver: GameNetDriver IpNetDriver_0, PC: PlayerController_2, Owner: PlayerController_2, Channels: 13, RemoteAddr: 127.0.0.1:58672, Time: 2015.08.05-19.38.10
[2015.08.05-19.38.10:330][917]LogNet: UChannel::Close: Sending CloseBunch. ChIndex == 0. Name: ControlChannel_1
[2015.08.05-19.38.10:330][917]LogNet: UChannel::CleanUp: [GameNetDriver] [PlayerController_3] [PlayerController_3]. ChIndex == 0. Closing connection.
[2015.08.05-19.38.10:330][917]LogNet: UNetConnection::Close: Name: IpConnection_0, Driver: GameNetDriver IpNetDriver_1, PC: PlayerController_3, Owner: PlayerController_3, Channels: 13, RemoteAddr: 127.0.0.1:7777, Time: 2015.08.05-19.38.10
[2015.08.05-19.38.10:330][917]LogNet: UChannel::Close: Sending CloseBunch. ChIndex == 0. Name: ControlChannel_0
[2015.08.05-19.38.10:339][917]LogExit: GameNetDriver None shut down
[2015.08.05-19.38.10:339][917]LogExit: GameNetDriver None shut down
[2015.08.05-19.38.10:339][917]LogParticles: Destroying 0 GPU particle simulations for FXSystem 0x0000001BE0519E40
[2015.08.05-19.38.10:365][917]LogParticles: Destroying 0 GPU particle simulations for FXSystem 0x0000001BDD2DBC40
[2015.08.05-19.38.10:365][917]LogD3D11RHI: InitD3DDevice
[2015.08.05-19.38.14:129][311]LogD3D11RHI: InitD3DDevice
[2015.08.05-19.43.12:430][163]LogD3D11RHI: InitD3DDevice
[2015.08.05-19.43.13:010][222]LogD3D11RHI: InitD3DDevice
[2015.08.05-19.43.19:769][924]LogD3D11RHI: InitD3DDevice
[2015.08.05-19.43.22:244][186]LogD3D11RHI: InitD3DDevice
[2015.08.05-19.43.23:248][285]LogD3D11RHI: InitD3DDevice
[2015.08.05-19.43.24:591][421]LogD3D11RHI: InitD3DDevice
[2015.08.05-19.43.26:444][627]BlueprintLog: New page: Compile FirstPersonGameMode
[2015.08.05-19.43.26:570][627]BlueprintEditorCompileResults: Info The execution path doesn't end with a return node.  Completed 
[2015.08.05-19.43.26:570][627]BlueprintEditorCompileResults: Info The execution path doesn't end with a return node.  Completed 
[2015.08.05-19.43.26:570][627]BlueprintEditorCompileResults: Info [0757.59] Compile of FirstPersonGameMode successful! [in 125 ms]
[2015.08.05-19.43.26:947][667]LogD3D11RHI: InitD3DDevice
[2015.08.05-19.43.27:085][667]LogSavePackage: Save=100.604752ms
[2015.08.05-19.43.27:085][667]LogSavePackage: Moving '../../../../../../Users/Loïc/Documents/Unreal Projects/RandomSpawn/Saved/FirstPersonGameModeDD9127E94EB0AD4177E391BDEBED69FC.tmp' to '../../../../../../Users/Loïc/Documents/Unreal Projects/RandomSpawn/Content/FirstPersonBP/Blueprints/FirstPersonGameMode.uasset'
[2015.08.05-19.43.27:739][738]LogPlayLevel: PIE:  No blueprints needed recompiling
[2015.08.05-19.43.27:740][738]PIE: New page: PIE session: FirstPersonExampleMap (Aug 5, 2015, 11:43:27 PM)
[2015.08.05-19.43.27:740][738]LogPlayLevel: Creating play world package: /Game/FirstPersonBP/Maps/UEDPIE_1_FirstPersonExampleMap
[2015.08.05-19.43.27:761][738]LogPlayLevel: PIE: StaticDuplicateObject took: (0.020625s)
[2015.08.05-19.43.27:762][738]LogAIModule: Creating AISystem for world FirstPersonExampleMap
[2015.08.05-19.43.27:763][738]LogPlayLevel: PIE: World Init took: (0.002234s)
[2015.08.05-19.43.27:763][738]LogPlayLevel: PIE: Created PIE world by copying editor world from /Game/FirstPersonBP/Maps/FirstPersonExampleMap.FirstPersonExampleMap to /Game/FirstPersonBP/Maps/UEDPIE_1_FirstPersonExampleMap.FirstPersonExampleMap (0.023156s)
[2015.08.05-19.43.27:804][738]LogInit: XAudio2 using 'Haut-parleurs (Realtek High Definition Audio)' : 2 channels at 48 kHz using 32 bits per sample (channel mask 0x3)
[2015.08.05-19.43.27:810][738]LogInit: FAudioDevice initialized.
[2015.08.05-19.43.27:813][738]LogD3D11RHI: InitD3DDevice
[2015.08.05-19.43.27:847][738]LogWorld: Game class is 'FirstPersonGameMode_C'
[2015.08.05-19.43.27:851][738]LogWorld: Bringing World /Game/FirstPersonBP/Maps/UEDPIE_1_FirstPersonExampleMap.FirstPersonExampleMap up for play (max tick rate 0) at 2015.08.05-21.43.27
[2015.08.05-19.43.27:851][738]LogActor:Warning: GameSession /Game/FirstPersonBP/Maps/UEDPIE_1_FirstPersonExampleMap.FirstPersonExampleMap:PersistentLevel.GameSession_1 has natively added scene component(s), but none of them were set as the actor's RootComponent - picking one arbitrarily
[2015.08.05-19.43.27:851][738]LogActor:Warning: GameNetworkManager /Game/FirstPersonBP/Maps/UEDPIE_1_FirstPersonExampleMap.FirstPersonExampleMap:PersistentLevel.GameNetworkManager_2 has natively added scene component(s), but none of them were set as the actor's RootComponent - picking one arbitrarily
[2015.08.05-19.43.27:851][738]LogWorld: Bringing up level for play took: 0.002776
[2015.08.05-19.43.27:853][738]LogInit: WinSock: Socket queue 131072 / 131072
[2015.08.05-19.43.27:853][738]LogNet: GameNetDriver IpNetDriver_2 IpNetDriver listening on port 7777
[2015.08.05-19.43.27:866][738]PIE: Info Play in editor start time for /Game/FirstPersonBP/Maps/UEDPIE_1_FirstPersonExampleMap 0.924
[2015.08.05-19.43.27:867][738]PIE: New page: PIE session: FirstPersonExampleMap (Aug 5, 2015, 11:43:27 PM)
[2015.08.05-19.43.27:870][738]LogD3D11RHI: InitD3DDevice
[2015.08.05-19.43.27:900][738]LogNet: Browse: 127.0.0.1//Game/FirstPersonBP/Maps/FirstPersonExampleMap
[2015.08.05-19.43.27:901][738]LogInit: WinSock: Socket queue 32768 / 32768
[2015.08.05-19.43.27:901][738]LogNet: Game client on port 7777, rate 10000
[2015.08.05-19.43.27:901][738]LogNet: GetLocalNetworkVersion: GEngineNetVersion: 2634408, ProjectName: randomspawn, ProjectVersion: 1.0.0.0, InternalProtocolVersion: 8, LocalNetworkVersion: 733586408
[2015.08.05-19.43.27:921][738]PIE: Info Play in editor start time for /Game/FirstPersonBP/Maps/FirstPersonExampleMap 0.98
[2015.08.05-19.43.27:939][738]LogNet: NotifyAcceptingConnection: Server FirstPersonExampleMap accept
[2015.08.05-19.43.27:939][738]LogNet: Open FirstPersonExampleMap 08/05/15 21:43:27 127.0.0.1
[2015.08.05-19.43.27:939][738]LogNet: Added client connection.  Remote address = 127.0.0.1:52216
[2015.08.05-19.43.27:939][738]LogNet: NotifyAcceptingChannel Control 0 server World /Game/FirstPersonBP/Maps/UEDPIE_1_FirstPersonExampleMap.FirstPersonExampleMap: Accepted
[2015.08.05-19.43.27:939][738]LogNet: Remote platform little endian=1
[2015.08.05-19.43.27:939][738]LogNet: This platform little endian=1
[2015.08.05-19.43.27:939][738]LogNet: GetLocalNetworkVersion: GEngineNetVersion: 2634408, ProjectName: randomspawn, ProjectVersion: 1.0.0.0, InternalProtocolVersion: 8, LocalNetworkVersion: 733586408
[2015.08.05-19.43.28:018][739]LogNet: Login request: /Game/FirstPersonBP/Maps/FirstPersonExampleMap userId: Invalid
[2015.08.05-19.43.28:019][739]LogNet: Welcomed by server (Level: /Game/FirstPersonBP/Maps/UEDPIE_1_FirstPersonExampleMap, Game: /Game/FirstPersonBP/Blueprints/FirstPersonGameMode.FirstPersonGameMode_C)
[2015.08.05-19.43.28:060][739]LogLoad: LoadMap: 127.0.0.1//Game/FirstPersonBP/Maps/UEDPIE_1_FirstPersonExampleMap?game=/Game/FirstPersonBP/Blueprints/FirstPersonGameMode.FirstPersonGameMode_C
[2015.08.05-19.43.28:096][739]LogParticles: Destroying 0 GPU particle simulations for FXSystem 0x0000001BDD250EA0
[2015.08.05-19.43.28:116][739]Cmd: MEM
[2015.08.05-19.43.28:153][739]LogMemory: Platform Memory Stats for Windows
[2015.08.05-19.43.28:153][739]LogMemory: Process Physical Memory: 1188.68 MB used, 1199.88 MB peak
[2015.08.05-19.43.28:153][739]LogMemory: Process Virtual Memory: 1703.08 MB used, 1812.30 MB peak
[2015.08.05-19.43.28:153][739]LogMemory: Physical Memory: 4075.58 MB used, 8111.74 MB total
[2015.08.05-19.43.28:153][739]LogMemory: Virtual Memory: 2345.11 MB used, 134217728.00 MB total
[2015.08.05-19.43.28:153][739]LogMemory: 
[2015.08.05-19.43.28:153][739]Allocator Stats for TBB: (not implemented)
[2015.08.05-19.43.28:154][739]LogLinker: Can't find file for asset '/Game/FirstPersonBP/Maps/UEDPIE_1_FirstPersonExampleMap' while loading NULL.
[2015.08.05-19.43.28:175][739]LogWorld: PIE: Copying PIE streaming level from /Game/FirstPersonBP/Maps/FirstPersonExampleMap.FirstPersonExampleMap to /Game/FirstPersonBP/Maps/UEDPIE_2_FirstPersonExampleMap.FirstPersonExampleMap. OwningWorld: None
[2015.08.05-19.43.28:176][739]LogAIModule: Creating AISystem for world FirstPersonExampleMap
[2015.08.05-19.43.28:185][739]LogWorld: Bringing World /Game/FirstPersonBP/Maps/UEDPIE_2_FirstPersonExampleMap.FirstPersonExampleMap up for play (max tick rate 0) at 2015.08.05-21.43.28
[2015.08.05-19.43.28:185][739]LogWorld: Bringing up level for play took: 0.002607
[2015.08.05-19.43.28:202][740]LogNet: Client netspeed is 10000
[2015.08.05-19.43.28:202][740]LogNet: Join request: /Game/FirstPersonBP/Maps/FirstPersonExampleMap?SplitscreenCount=1
[2015.08.05-19.43.28:204][740]LogNet: Join succeeded: 259
[2015.08.05-19.43.45:985][770]LogBlueprintUserMessages: Server: Traxa
[2015.08.05-19.43.46:860][818]LogBlueprintUserMessages: Server: Traxa
[2015.08.05-19.43.47:319][843]LogBlueprintUserMessages: Server: Traxa
[2015.08.05-19.43.47:459][851]LogBlueprintUserMessages: Server: Traxa
[2015.08.05-19.43.50:628][ 16]LogNet: UChannel::CleanUp: [GameNetDriver] [None] [None]. ChIndex == 0. Closing connection.
[2015.08.05-19.43.50:628][ 16]LogNet: UNetConnection::Close: Name: IpConnection_3, Driver: GameNetDriver IpNetDriver_2, PC: None, Owner: None, Channels: 2, RemoteAddr: 127.0.0.1:52216, Time: 2015.08.05-19.43.50
[2015.08.05-19.43.50:628][ 16]LogNet: UChannel::Close: Sending CloseBunch. ChIndex == 0. Name: ControlChannel_3
[2015.08.05-19.43.50:628][ 16]LogNet: UChannel::CleanUp: [GameNetDriver] [None] [None]. ChIndex == 0. Closing connection.
[2015.08.05-19.43.50:628][ 16]LogNet: UNetConnection::Close: Name: IpConnection_2, Driver: GameNetDriver IpNetDriver_3, PC: None, Owner: None, Channels: 2, RemoteAddr: 127.0.0.1:7777, Time: 2015.08.05-19.43.50
[2015.08.05-19.43.50:628][ 16]LogNet: UChannel::Close: Sending CloseBunch. ChIndex == 0. Name: ControlChannel_2
[2015.08.05-19.43.50:633][ 16]LogParticles: Destroying 0 GPU particle simulations for FXSystem 0x0000001BD09FA160
[2015.08.05-19.43.50:633][ 16]LogExit: GameNetDriver None shut down
[2015.08.05-19.43.50:633][ 16]LogExit: GameNetDriver None shut down
[2015.08.05-19.43.50:633][ 16]LogParticles: Destroying 0 GPU particle simulations for FXSystem 0x0000001BCADD5580
[2015.08.05-19.44.30:947][649]LogPlayLevel: PIE:  No blueprints needed recompiling
[2015.08.05-19.44.30:948][649]PIE: New page: PIE session: FirstPersonExampleMap (Aug 5, 2015, 11:44:30 PM)
[2015.08.05-19.44.30:949][649]LogPlayLevel: Creating play world package: /Game/FirstPersonBP/Maps/UEDPIE_1_FirstPersonExampleMap
[2015.08.05-19.44.30:968][649]LogPlayLevel: PIE: StaticDuplicateObject took: (0.018779s)
[2015.08.05-19.44.30:969][649]LogAIModule: Creating AISystem for world FirstPersonExampleMap
[2015.08.05-19.44.30:969][649]LogPlayLevel: PIE: World Init took: (0.001696s)
[2015.08.05-19.44.30:969][649]LogPlayLevel: PIE: Created PIE world by copying editor world from /Game/FirstPersonBP/Maps/FirstPersonExampleMap.FirstPersonExampleMap to /Game/FirstPersonBP/Maps/UEDPIE_1_FirstPersonExampleMap.FirstPersonExampleMap (0.020742s)
[2015.08.05-19.44.31:010][649]LogInit: XAudio2 using 'Haut-parleurs (Realtek High Definition Audio)' : 2 channels at 48 kHz using 32 bits per sample (channel mask 0x3)
[2015.08.05-19.44.31:015][649]LogInit: FAudioDevice initialized.
[2015.08.05-19.44.31:018][649]LogD3D11RHI: InitD3DDevice
[2015.08.05-19.44.31:052][649]LogWorld: Game class is 'FirstPersonGameMode_C'
[2015.08.05-19.44.31:057][649]LogWorld: Bringing World /Game/FirstPersonBP/Maps/UEDPIE_1_FirstPersonExampleMap.FirstPersonExampleMap up for play (max tick rate 0) at 2015.08.05-21.44.31
[2015.08.05-19.44.31:057][649]LogActor:Warning: GameSession /Game/FirstPersonBP/Maps/UEDPIE_1_FirstPersonExampleMap.FirstPersonExampleMap:PersistentLevel.GameSession_2 has natively added scene component(s), but none of them were set as the actor's RootComponent - picking one arbitrarily
[2015.08.05-19.44.31:058][649]LogActor:Warning: GameNetworkManager /Game/FirstPersonBP/Maps/UEDPIE_1_FirstPersonExampleMap.FirstPersonExampleMap:PersistentLevel.GameNetworkManager_3 has natively added scene component(s), but none of them were set as the actor's RootComponent - picking one arbitrarily
[2015.08.05-19.44.31:059][649]LogWorld: Bringing up level for play took: 0.004226
[2015.08.05-19.44.31:060][649]LogInit: WinSock: Socket queue 131072 / 131072
[2015.08.05-19.44.31:061][649]LogNet: GameNetDriver IpNetDriver_4 IpNetDriver listening on port 7777
[2015.08.05-19.44.31:071][649]PIE: Info Play in editor start time for /Game/FirstPersonBP/Maps/UEDPIE_1_FirstPersonExampleMap 0.129
[2015.08.05-19.44.31:072][649]PIE: New page: PIE session: FirstPersonExampleMap (Aug 5, 2015, 11:44:31 PM)
[2015.08.05-19.44.31:079][649]LogD3D11RHI: InitD3DDevice
[2015.08.05-19.44.31:107][649]LogNet: Browse: 127.0.0.1//Game/FirstPersonBP/Maps/FirstPersonExampleMap
[2015.08.05-19.44.31:109][649]LogInit: WinSock: Socket queue 32768 / 32768
[2015.08.05-19.44.31:110][649]LogNet: Game client on port 7777, rate 10000
[2015.08.05-19.44.31:110][649]LogNet: GetLocalNetworkVersion: GEngineNetVersion: 2634408, ProjectName: randomspawn, ProjectVersion: 1.0.0.0, InternalProtocolVersion: 8, LocalNetworkVersion: 733586408
[2015.08.05-19.44.31:122][649]PIE: Info Play in editor start time for /Game/FirstPersonBP/Maps/FirstPersonExampleMap 0.18
[2015.08.05-19.44.31:140][649]LogNet: NotifyAcceptingConnection: Server FirstPersonExampleMap accept
[2015.08.05-19.44.31:141][649]LogNet: Open FirstPersonExampleMap 08/05/15 21:44:31 127.0.0.1
[2015.08.05-19.44.31:141][649]LogNet: Added client connection.  Remote address = 127.0.0.1:65004
[2015.08.05-19.44.31:141][649]LogNet: NotifyAcceptingChannel Control 0 server World /Game/FirstPersonBP/Maps/UEDPIE_1_FirstPersonExampleMap.FirstPersonExampleMap: Accepted
[2015.08.05-19.44.31:141][649]LogNet: Remote platform little endian=1
[2015.08.05-19.44.31:141][649]LogNet: This platform little endian=1
[2015.08.05-19.44.31:141][649]LogNet: GetLocalNetworkVersion: GEngineNetVersion: 2634408, ProjectName: randomspawn, ProjectVersion: 1.0.0.0, InternalProtocolVersion: 8, LocalNetworkVersion: 733586408
[2015.08.05-19.44.31:212][650]LogNet: Login request: /Game/FirstPersonBP/Maps/FirstPersonExampleMap userId: Invalid
[2015.08.05-19.44.31:213][650]LogNet: Welcomed by server (Level: /Game/FirstPersonBP/Maps/UEDPIE_1_FirstPersonExampleMap, Game: /Game/FirstPersonBP/Blueprints/FirstPersonGameMode.FirstPersonGameMode_C)
[2015.08.05-19.44.31:247][650]LogLoad: LoadMap: 127.0.0.1//Game/FirstPersonBP/Maps/UEDPIE_1_FirstPersonExampleMap?game=/Game/FirstPersonBP/Blueprints/FirstPersonGameMode.FirstPersonGameMode_C
[2015.08.05-19.44.31:281][650]LogParticles: Destroying 0 GPU particle simulations for FXSystem 0x0000001BCC0DF600
[2015.08.05-19.44.31:299][650]Cmd: MEM
[2015.08.05-19.44.31:337][650]LogMemory: Platform Memory Stats for Windows
[2015.08.05-19.44.31:337][650]LogMemory: Process Physical Memory: 1190.59 MB used, 1216.28 MB peak
[2015.08.05-19.44.31:337][650]LogMemory: Process Virtual Memory: 1700.86 MB used, 1812.30 MB peak
[2015.08.05-19.44.31:337][650]LogMemory: Physical Memory: 4077.16 MB used, 8111.74 MB total
[2015.08.05-19.44.31:337][650]LogMemory: Virtual Memory: 2342.11 MB used, 134217728.00 MB total
[2015.08.05-19.44.31:337][650]LogMemory: 
[2015.08.05-19.44.31:337][650]Allocator Stats for TBB: (not implemented)
[2015.08.05-19.44.31:337][650]LogLinker: Can't find file for asset '/Game/FirstPersonBP/Maps/UEDPIE_1_FirstPersonExampleMap' while loading NULL.
[2015.08.05-19.44.31:366][650]LogWorld: PIE: Copying PIE streaming level from /Game/FirstPersonBP/Maps/FirstPersonExampleMap.FirstPersonExampleMap to /Game/FirstPersonBP/Maps/UEDPIE_2_FirstPersonExampleMap.FirstPersonExampleMap. OwningWorld: None
[2015.08.05-19.44.31:368][650]LogAIModule: Creating AISystem for world FirstPersonExampleMap
[2015.08.05-19.44.31:372][650]LogWorld: Bringing World /Game/FirstPersonBP/Maps/UEDPIE_2_FirstPersonExampleMap.FirstPersonExampleMap up for play (max tick rate 0) at 2015.08.05-21.44.31
[2015.08.05-19.44.31:373][650]LogWorld: Bringing up level for play took: 0.003158
[2015.08.05-19.44.31:391][651]LogNet: Client netspeed is 10000
[2015.08.05-19.44.31:391][651]LogNet: Join request: /Game/FirstPersonBP/Maps/FirstPersonExampleMap?SplitscreenCount=1
[2015.08.05-19.44.31:393][651]LogNet: Join succeeded: 261
[2015.08.05-19.44.35:929][910]LogArray:Warning: Attempted to get an item from array AllPlayersTemp out of bounds [2/1]!
[2015.08.05-19.44.35:929][910]LogArray:Warning: Attempted to get an item from array AllClasses out of bounds [3/2]!
[2015.08.05-19.44.35:929][910]LogScript:Warning: UGameplayStatics::BeginSpawningActorFromClass: can not spawn an actor from a NULL class
[2015.08.05-19.44.35:929][910]LogBlueprintUserMessages: Server: Cast Failed
[2015.08.05-19.44.35:929][910]LogArray:Warning: Attempted to get an item from array AllClasses out of bounds [3/2]!
[2015.08.05-19.44.35:931][910]LogArray:Warning: Attempted to get an item from array AllClasses out of bounds [3/2]!
[2015.08.05-19.44.38:463][ 40]LogBlueprintUserMessages: Client 1: Traxa
[2015.08.05-19.44.38:660][ 50]LogBlueprintUserMessages: Client 1: Traxa
[2015.08.05-19.44.38:874][ 61]LogBlueprintUserMessages: Client 1: Traxa
[2015.08.05-19.44.39:027][ 69]LogBlueprintUserMessages: Client 1: Traxa
[2015.08.05-19.44.40:574][151]LogBlueprintUserMessages: Server: Hunter
[2015.08.05-19.44.40:723][159]LogBlueprintUserMessages: Server: Hunter
[2015.08.05-19.44.40:946][171]LogBlueprintUserMessages: Server: Hunter
[2015.08.05-19.44.41:117][180]LogBlueprintUserMessages: Server: Hunter
[2015.08.05-19.44.41:284][189]LogBlueprintUserMessages: Server: Hunter
[2015.08.05-19.44.42:059][230]LogBlueprintUserMessages: Server: Hunter
[2015.08.05-19.44.42:232][239]LogBlueprintUserMessages: Server: Hunter
[2015.08.05-19.44.42:390][247]LogBlueprintUserMessages: Server: Hunter
[2015.08.05-19.44.43:142][279]LogNet: UChannel::CleanUp: [GameNetDriver] [None] [None]. ChIndex == 0. Closing connection.
[2015.08.05-19.44.43:142][279]LogNet: UNetConnection::Close: Name: IpConnection_5, Driver: GameNetDriver IpNetDriver_4, PC: None, Owner: None, Channels: 2, RemoteAddr: 127.0.0.1:65004, Time: 2015.08.05-19.44.43
[2015.08.05-19.44.43:142][279]LogNet: UChannel::Close: Sending CloseBunch. ChIndex == 0. Name: ControlChannel_5
[2015.08.05-19.44.43:142][279]LogNet: UChannel::CleanUp: [GameNetDriver] [None] [None]. ChIndex == 0. Closing connection.
[2015.08.05-19.44.43:142][279]LogNet: UNetConnection::Close: Name: IpConnection_4, Driver: GameNetDriver IpNetDriver_5, PC: None, Owner: None, Channels: 2, RemoteAddr: 127.0.0.1:7777, Time: 2015.08.05-19.44.43
[2015.08.05-19.44.43:142][279]LogNet: UChannel::Close: Sending CloseBunch. ChIndex == 0. Name: ControlChannel_4
[2015.08.05-19.44.43:147][279]LogExit: GameNetDriver None shut down
[2015.08.05-19.44.43:147][279]LogExit: GameNetDriver None shut down
[2015.08.05-19.44.43:147][279]LogParticles: Destroying 0 GPU particle simulations for FXSystem 0x0000001BE058A700
[2015.08.05-19.44.43:181][280]LogParticles: Destroying 0 GPU particle simulations for FXSystem 0x0000001BE0589A80
[2015.08.05-19.44.44:966][475]LogPlayLevel: PIE:  No blueprints needed recompiling
[2015.08.05-19.44.44:968][475]PIE: New page: PIE session: FirstPersonExampleMap (Aug 5, 2015, 11:44:44 PM)
[2015.08.05-19.44.44:968][475]LogPlayLevel: Creating play world package: /Game/FirstPersonBP/Maps/UEDPIE_1_FirstPersonExampleMap
[2015.08.05-19.44.44:987][475]LogPlayLevel: PIE: StaticDuplicateObject took: (0.019446s)
[2015.08.05-19.44.44:988][475]LogAIModule: Creating AISystem for world FirstPersonExampleMap
[2015.08.05-19.44.44:989][475]LogPlayLevel: PIE: World Init took: (0.001688s)
[2015.08.05-19.44.44:989][475]LogPlayLevel: PIE: Created PIE world by copying editor world from /Game/FirstPersonBP/Maps/FirstPersonExampleMap.FirstPersonExampleMap to /Game/FirstPersonBP/Maps/UEDPIE_1_FirstPersonExampleMap.FirstPersonExampleMap (0.021406s)
[2015.08.05-19.44.45:028][475]LogInit: XAudio2 using 'Haut-parleurs (Realtek High Definition Audio)' : 2 channels at 48 kHz using 32 bits per sample (channel mask 0x3)
[2015.08.05-19.44.45:035][475]LogInit: FAudioDevice initialized.
[2015.08.05-19.44.45:037][475]LogD3D11RHI: InitD3DDevice
[2015.08.05-19.44.45:066][475]LogWorld: Game class is 'FirstPersonGameMode_C'
[2015.08.05-19.44.45:071][475]LogWorld: Bringing World /Game/FirstPersonBP/Maps/UEDPIE_1_FirstPersonExampleMap.FirstPersonExampleMap up for play (max tick rate 0) at 2015.08.05-21.44.45
[2015.08.05-19.44.45:071][475]LogActor:Warning: GameSession /Game/FirstPersonBP/Maps/UEDPIE_1_FirstPersonExampleMap.FirstPersonExampleMap:PersistentLevel.GameSession_3 has natively added scene component(s), but none of them were set as the actor's RootComponent - picking one arbitrarily
[2015.08.05-19.44.45:071][475]LogActor:Warning: GameNetworkManager /Game/FirstPersonBP/Maps/UEDPIE_1_FirstPersonExampleMap.FirstPersonExampleMap:PersistentLevel.GameNetworkManager_4 has natively added scene component(s), but none of them were set as the actor's RootComponent - picking one arbitrarily
[2015.08.05-19.44.45:072][475]LogWorld: Bringing up level for play took: 0.004368
[2015.08.05-19.44.45:073][475]LogInit: WinSock: Socket queue 131072 / 131072
[2015.08.05-19.44.45:073][475]LogNet: GameNetDriver IpNetDriver_6 IpNetDriver listening on port 7777
[2015.08.05-19.44.45:083][475]PIE: Info Play in editor start time for /Game/FirstPersonBP/Maps/UEDPIE_1_FirstPersonExampleMap 0.142
[2015.08.05-19.44.45:085][475]PIE: New page: PIE session: FirstPersonExampleMap (Aug 5, 2015, 11:44:45 PM)
[2015.08.05-19.44.45:091][475]LogD3D11RHI: InitD3DDevice
[2015.08.05-19.44.45:121][475]LogNet: Browse: 127.0.0.1//Game/FirstPersonBP/Maps/FirstPersonExampleMap
[2015.08.05-19.44.45:123][475]LogInit: WinSock: Socket queue 32768 / 32768
[2015.08.05-19.44.45:124][475]LogNet: Game client on port 7777, rate 10000
[2015.08.05-19.44.45:124][475]LogNet: GetLocalNetworkVersion: GEngineNetVersion: 2634408, ProjectName: randomspawn, ProjectVersion: 1.0.0.0, InternalProtocolVersion: 8, LocalNetworkVersion: 733586408
[2015.08.05-19.44.45:134][475]PIE: Info Play in editor start time for /Game/FirstPersonBP/Maps/FirstPersonExampleMap 0.192
[2015.08.05-19.44.45:152][475]LogNet: NotifyAcceptingConnection: Server FirstPersonExampleMap accept
[2015.08.05-19.44.45:152][475]LogNet: Open FirstPersonExampleMap 08/05/15 21:44:45 127.0.0.1
[2015.08.05-19.44.45:152][475]LogNet: Added client connection.  Remote address = 127.0.0.1:65005
[2015.08.05-19.44.45:152][475]LogNet: NotifyAcceptingChannel Control 0 server World /Game/FirstPersonBP/Maps/UEDPIE_1_FirstPersonExampleMap.FirstPersonExampleMap: Accepted
[2015.08.05-19.44.45:152][475]LogNet: Remote platform little endian=1
[2015.08.05-19.44.45:152][475]LogNet: This platform little endian=1
[2015.08.05-19.44.45:152][475]LogNet: GetLocalNetworkVersion: GEngineNetVersion: 2634408, ProjectName: randomspawn, ProjectVersion: 1.0.0.0, InternalProtocolVersion: 8, LocalNetworkVersion: 733586408
[2015.08.05-19.44.45:224][476]LogNet: Login request: /Game/FirstPersonBP/Maps/FirstPersonExampleMap userId: Invalid
[2015.08.05-19.44.45:225][476]LogNet: Welcomed by server (Level: /Game/FirstPersonBP/Maps/UEDPIE_1_FirstPersonExampleMap, Game: /Game/FirstPersonBP/Blueprints/FirstPersonGameMode.FirstPersonGameMode_C)
[2015.08.05-19.44.45:260][476]LogLoad: LoadMap: 127.0.0.1//Game/FirstPersonBP/Maps/UEDPIE_1_FirstPersonExampleMap?game=/Game/FirstPersonBP/Blueprints/FirstPersonGameMode.FirstPersonGameMode_C
[2015.08.05-19.44.45:293][476]LogParticles: Destroying 0 GPU particle simulations for FXSystem 0x0000001BD09F8180
[2015.08.05-19.44.45:311][476]Cmd: MEM
[2015.08.05-19.44.45:352][476]LogMemory: Platform Memory Stats for Windows
[2015.08.05-19.44.45:352][476]LogMemory: Process Physical Memory: 1191.48 MB used, 1218.20 MB peak
[2015.08.05-19.44.45:352][476]LogMemory: Process Virtual Memory: 1701.98 MB used, 1812.30 MB peak
[2015.08.05-19.44.45:352][476]LogMemory: Physical Memory: 4079.14 MB used, 8111.74 MB total
[2015.08.05-19.44.45:352][476]LogMemory: Virtual Memory: 2342.11 MB used, 134217728.00 MB total
[2015.08.05-19.44.45:352][476]LogMemory: 
[2015.08.05-19.44.45:352][476]Allocator Stats for TBB: (not implemented)
[2015.08.05-19.44.45:353][476]LogLinker: Can't find file for asset '/Game/FirstPersonBP/Maps/UEDPIE_1_FirstPersonExampleMap' while loading NULL.
[2015.08.05-19.44.45:381][476]LogWorld: PIE: Copying PIE streaming level from /Game/FirstPersonBP/Maps/FirstPersonExampleMap.FirstPersonExampleMap to /Game/FirstPersonBP/Maps/UEDPIE_2_FirstPersonExampleMap.FirstPersonExampleMap. OwningWorld: None
[2015.08.05-19.44.45:382][476]LogAIModule: Creating AISystem for world FirstPersonExampleMap
[2015.08.05-19.44.45:387][476]LogWorld: Bringing World /Game/FirstPersonBP/Maps/UEDPIE_2_FirstPersonExampleMap.FirstPersonExampleMap up for play (max tick rate 0) at 2015.08.05-21.44.45
[2015.08.05-19.44.45:387][476]LogWorld: Bringing up level for play took: 0.003226
[2015.08.05-19.44.45:406][477]LogNet: Client netspeed is 10000
[2015.08.05-19.44.45:406][477]LogNet: Join request: /Game/FirstPersonBP/Maps/FirstPersonExampleMap?SplitscreenCount=1
[2015.08.05-19.44.45:408][477]LogNet: Join succeeded: 263
[2015.08.05-19.44.49:943][734]LogArray:Warning: Attempted to get an item from array AllPlayersTemp out of bounds [2/1]!
[2015.08.05-19.44.49:943][734]LogScript:Warning: Accessed None 'In Player'
	FirstPersonGameMode_C /Game/FirstPersonBP/Maps/UEDPIE_1_FirstPersonExampleMap.FirstPersonExampleMap:PersistentLevel.FirstPersonGameMode_C_4
	Function /Game/FirstPersonBP/Blueprints/FirstPersonGameMode.FirstPersonGameMode_C:SpawnHunter:0016
[2015.08.05-19.44.49:944][734]PIE:Error: Error Accessed None 'In Player' from node SpawnActor Hunter BP in graph 'SpawnHunter' in blueprint FirstPersonGameMode
[2015.08.05-19.44.49:944][734]LogScript:Warning: Accessed None 'In Player'
	FirstPersonGameMode_C /Game/FirstPersonBP/Maps/UEDPIE_1_FirstPersonExampleMap.FirstPersonExampleMap:PersistentLevel.FirstPersonGameMode_C_4
	Function /Game/FirstPersonBP/Blueprints/FirstPersonGameMode.FirstPersonGameMode_C:SpawnHunter:0045
[2015.08.05-19.44.49:944][734]PIE:Error: Error Accessed None 'In Player' from node SpawnActor Hunter BP in graph 'SpawnHunter' in blueprint FirstPersonGameMode
[2015.08.05-19.44.49:945][734]LogScript:Warning: Accessed None 'In Player'
	FirstPersonGameMode_C /Game/FirstPersonBP/Maps/UEDPIE_1_FirstPersonExampleMap.FirstPersonExampleMap:PersistentLevel.FirstPersonGameMode_C_4
	Function /Game/FirstPersonBP/Blueprints/FirstPersonGameMode.FirstPersonGameMode_C:SpawnHunter:0100
[2015.08.05-19.44.49:945][734]PIE:Error: Error Accessed None 'In Player' from node SpawnActor Hunter BP in graph 'SpawnHunter' in blueprint FirstPersonGameMode
[2015.08.05-19.44.49:945][734]LogScript:Warning: Accessed None 'In Player'
	FirstPersonGameMode_C /Game/FirstPersonBP/Maps/UEDPIE_1_FirstPersonExampleMap.FirstPersonExampleMap:PersistentLevel.FirstPersonGameMode_C_4
	Function /Game/FirstPersonBP/Blueprints/FirstPersonGameMode.FirstPersonGameMode_C:SpawnHunter:012F
[2015.08.05-19.44.49:945][734]PIE:Error: Error Accessed None 'In Player' from node SpawnActor Hunter BP in graph 'SpawnHunter' in blueprint FirstPersonGameMode
[2015.08.05-19.44.49:946][734]LogArray:Warning: Attempted to get an item from array AllPlayersTemp out of bounds [2/1]!
[2015.08.05-19.44.49:951][734]LogArray:Warning: Attempted to get an item from array AllClasses out of bounds [2/1]!
[2015.08.05-19.44.49:951][734]LogScript:Warning: UGameplayStatics::BeginSpawningActorFromClass: can not spawn an actor from a NULL class
[2015.08.05-19.44.49:951][734]LogBlueprintUserMessages: Server: Cast Failed
[2015.08.05-19.44.56:211][ 69]LogBlueprintUserMessages: Server: Traxa
[2015.08.05-19.44.56:389][ 78]LogBlueprintUserMessages: Server: Traxa
[2015.08.05-19.44.56:530][ 85]LogBlueprintUserMessages: Server: Traxa
[2015.08.05-19.44.56:673][ 92]LogBlueprintUserMessages: Server: Traxa
[2015.08.05-19.44.57:104][106]LogNet: UChannel::CleanUp: [GameNetDriver] [None] [None]. ChIndex == 0. Closing connection.
[2015.08.05-19.44.57:104][106]LogNet: UNetConnection::Close: Name: IpConnection_7, Driver: GameNetDriver IpNetDriver_6, PC: None, Owner: None, Channels: 2, RemoteAddr: 127.0.0.1:65005, Time: 2015.08.05-19.44.57
[2015.08.05-19.44.57:104][106]LogNet: UChannel::Close: Sending CloseBunch. ChIndex == 0. Name: ControlChannel_7
[2015.08.05-19.44.57:104][106]LogNet: UChannel::CleanUp: [GameNetDriver] [None] [None]. ChIndex == 0. Closing connection.
[2015.08.05-19.44.57:104][106]LogNet: UNetConnection::Close: Name: IpConnection_6, Driver: GameNetDriver IpNetDriver_7, PC: None, Owner: None, Channels: 2, RemoteAddr: 127.0.0.1:7777, Time: 2015.08.05-19.44.57
[2015.08.05-19.44.57:104][106]LogNet: UChannel::Close: Sending CloseBunch. ChIndex == 0. Name: ControlChannel_6
[2015.08.05-19.44.57:109][106]LogExit: GameNetDriver None shut down
[2015.08.05-19.44.57:109][106]LogExit: GameNetDriver None shut down
[2015.08.05-19.44.57:110][106]LogParticles: Destroying 0 GPU particle simulations for FXSystem 0x0000001BCD9F42C0
[2015.08.05-19.44.57:142][106]LogParticles: Destroying 0 GPU particle simulations for FXSystem 0x0000001BCD9F5620
[2015.08.05-19.44.57:142][106]LogD3D11RHI: InitD3DDevice
[2015.08.05-19.45.00:272][421]LogD3D11RHI: InitD3DDevice
[2015.08.05-19.45.37:138][689]LogD3D11RHI: InitD3DDevice
[2015.08.05-19.45.37:263][689]LogSavePackage: Save=94.422684ms
[2015.08.05-19.45.37:263][689]LogSavePackage: Moving '../../../../../../Users/Loïc/Documents/Unreal Projects/RandomSpawn/Saved/FirstPersonGameMode6BB5845D487C93B59DB43390A3A41A16.tmp' to '../../../../../../Users/Loïc/Documents/Unreal Projects/RandomSpawn/Content/FirstPersonBP/Blueprints/FirstPersonGameMode.uasset'
[2015.08.05-19.45.46:106][490]LogD3D11RHI: InitD3DDevice
[2015.08.05-19.45.55:664][466]Cmd: QUIT_EDITOR
[2015.08.05-19.45.56:393][466]LogWindowsTextInputMethodSystem:Display: IME system now deactivated.
[2015.08.05-19.45.56:487][466]LogExit: Preparing to exit.
[2015.08.05-19.45.57:322][466]LogExit: Editor shut down
[2015.08.05-19.45.57:323][466]LogExit: Transaction tracking system shut down
[2015.08.05-19.45.57:325][466]LogParticles: Destroying 0 GPU particle simulations for FXSystem 0x0000001BE2F9FA60
[2015.08.05-19.45.57:325][466]LogParticles: Destroying 0 GPU particle simulations for FXSystem 0x0000001B96F0B9C0
[2015.08.05-19.45.57:325][466]LogParticles: Destroying 0 GPU particle simulations for FXSystem 0x0000001B957E56C0
[2015.08.05-19.45.57:325][466]LogParticles: Destroying 0 GPU particle simulations for FXSystem 0x0000001BA4C1C540
[2015.08.05-19.45.57:571][466]LogExit: Object subsystem successfully closed.
[2015.08.05-19.45.57:579][466]LogD3D11RHI: Shutdown
[2015.08.05-19.45.57:579][466]LogD3D11RHI: CleanupD3DDevice
[2015.08.05-19.45.57:626][466]LogD3D11RHI: ~FD3D11DynamicRHI
[2015.08.05-19.45.57:638][466]LogModuleManager: Shutting down and abandoning module CrashTracker (188)
[2015.08.05-19.45.57:638][466]LogModuleManager: Shutting down and abandoning module SceneOutliner (187)
[2015.08.05-19.45.57:638][466]LogModuleManager: Shutting down and abandoning module SuperSearch (186)
[2015.08.05-19.45.57:638][466]LogModuleManager: Shutting down and abandoning module WidgetCarousel (185)
[2015.08.05-19.45.57:638][466]LogModuleManager: Shutting down and abandoning module AddContentDialog (184)
[2015.08.05-19.45.57:638][466]LogModuleManager: Shutting down and abandoning module EditorWidgets (183)
[2015.08.05-19.45.57:638][466]LogModuleManager: Shutting down and abandoning module CollectionManager (182)
[2015.08.05-19.45.57:638][466]LogModuleManager: Shutting down and abandoning module StatsViewer (181)
[2015.08.05-19.45.57:638][466]LogModuleManager: Shutting down and abandoning module FoliageEdit (180)
[2015.08.05-19.45.57:638][466]LogModuleManager: Shutting down and abandoning module LandscapeEditor (179)
[2015.08.05-19.45.57:639][466]LogModuleManager: Shutting down and abandoning module ActorPickerMode (178)
[2015.08.05-19.45.57:639][466]LogModuleManager: Shutting down and abandoning module GeometryMode (177)
[2015.08.05-19.45.57:639][466]LogModuleManager: Shutting down and abandoning module TextureAlignMode (176)
[2015.08.05-19.45.57:639][466]LogModuleManager: Shutting down and abandoning module BspMode (175)
[2015.08.05-19.45.57:639][466]LogModuleManager: Shutting down and abandoning module PlacementMode (174)
[2015.08.05-19.45.57:639][466]LogModuleManager: Shutting down and abandoning module AutomationWorker (173)
[2015.08.05-19.45.57:639][466]LogModuleManager: Shutting down and abandoning module CharacterAI (172)
[2015.08.05-19.45.57:639][466]LogModuleManager: Shutting down and abandoning module SmartSnapping (171)
[2015.08.05-19.45.57:639][466]LogModuleManager: Shutting down and abandoning module ViewportSnapping (170)
[2015.08.05-19.45.57:639][466]LogModuleManager: Shutting down and abandoning module LogVisualizer (169)
[2015.08.05-19.45.57:639][466]LogModuleManager: Shutting down and abandoning module GameProjectGeneration (168)
[2015.08.05-19.45.57:639][466]LogModuleManager: Shutting down and abandoning module IntroTutorials (167)
[2015.08.05-19.45.57:639][466]LogModuleManager: Shutting down and abandoning module EditorLiveStreaming (166)
[2015.08.05-19.45.57:639][466]LogModuleManager: Shutting down and abandoning module IOSPlatformEditor (165)
[2015.08.05-19.45.57:639][466]LogModuleManager: Shutting down and abandoning module HTML5PlatformEditor (164)
[2015.08.05-19.45.57:639][466]LogModuleManager: Shutting down and abandoning module AndroidDeviceDetection (163)
[2015.08.05-19.45.58:465][466]LogModuleManager: Shutting down and abandoning module AndroidPlatformEditor (162)
[2015.08.05-19.45.58:465][466]LogModuleManager: Shutting down and abandoning module IOSRuntimeSettings (161)
[2015.08.05-19.45.58:465][466]LogModuleManager: Shutting down and abandoning module AndroidRuntimeSettings (160)
[2015.08.05-19.45.58:465][466]LogModuleManager: Shutting down and abandoning module MergeActors (159)
[2015.08.05-19.45.58:465][466]LogModuleManager: Shutting down and abandoning module SizeMap (158)
[2015.08.05-19.45.58:465][466]LogModuleManager: Shutting down and abandoning module TreeMap (157)
[2015.08.05-19.45.58:465][466]LogModuleManager: Shutting down and abandoning module ReferenceViewer (156)
[2015.08.05-19.45.58:465][466]LogModuleManager: Shutting down and abandoning module LocalizationDashboard (155)
[2015.08.05-19.45.58:465][466]LogModuleManager: Shutting down and abandoning module HardwareTargeting (154)
[2015.08.05-19.45.58:465][466]LogModuleManager: Shutting down and abandoning module DeviceProfileEditor (153)
[2015.08.05-19.45.58:465][466]LogModuleManager: Shutting down and abandoning module UndoHistory (152)
[2015.08.05-19.45.58:465][466]LogModuleManager: Shutting down and abandoning module GameplayTagsEditor (151)
[2015.08.05-19.45.58:465][466]LogModuleManager: Shutting down and abandoning module UserFeedback (150)
[2015.08.05-19.45.58:465][466]LogModuleManager: Shutting down and abandoning module XmlParser (149)
[2015.08.05-19.45.58:465][466]LogModuleManager: Shutting down and abandoning module Blutility (148)
[2015.08.05-19.45.58:465][466]LogModuleManager: Shutting down and abandoning module ProjectTargetPlatformEditor (147)
[2015.08.05-19.45.58:465][466]LogModuleManager: Shutting down and abandoning module ProjectSettingsViewer (146)
[2015.08.05-19.45.58:465][466]LogModuleManager: Shutting down and abandoning module InputBindingEditor (145)
[2015.08.05-19.45.58:465][466]LogModuleManager: Shutting down and abandoning module EditorSettingsViewer (144)
[2015.08.05-19.45.58:466][466]LogModuleManager: Shutting down and abandoning module SettingsEditor (143)
[2015.08.05-19.45.58:466][466]LogModuleManager: Shutting down and abandoning module ProjectLauncher (142)
[2015.08.05-19.45.58:466][466]LogModuleManager: Shutting down and abandoning module SessionFrontend (141)
[2015.08.05-19.45.58:466][466]LogModuleManager: Shutting down and abandoning module ProfilerClient (140)
[2015.08.05-19.45.58:466][466]LogModuleManager: Shutting down and abandoning module TargetDeviceServices (139)
[2015.08.05-19.45.58:466][466]LogModuleManager: Shutting down and abandoning module DeviceManager (138)
[2015.08.05-19.45.58:466][466]LogModuleManager: Shutting down and abandoning module AutomationController (137)
[2015.08.05-19.45.58:466][466]LogModuleManager: Shutting down and abandoning module AutomationWindow (136)
[2015.08.05-19.45.58:466][466]LogModuleManager: Shutting down and abandoning module Layers (135)
[2015.08.05-19.45.58:466][466]LogModuleManager: Shutting down and abandoning module ComponentVisualizers (134)
[2015.08.05-19.45.58:466][466]LogModuleManager: Shutting down and abandoning module DetailCustomizations (133)
[2015.08.05-19.45.58:466][466]LogModuleManager: Shutting down and abandoning module PackagesDialog (132)
[2015.08.05-19.45.58:466][466]LogModuleManager: Shutting down and abandoning module AssetRegistry (131)
[2015.08.05-19.45.58:523][466]LogModuleManager: Shutting down and abandoning module Persona (130)
[2015.08.05-19.45.58:523][466]LogModuleManager: Shutting down and abandoning module Kismet (129)
[2015.08.05-19.45.58:523][466]LogModuleManager: Shutting down and abandoning module GraphEditor (128)
[2015.08.05-19.45.58:524][466]LogModuleManager: Shutting down and abandoning module ClassViewer (127)
[2015.08.05-19.45.58:525][466]LogModuleManager: Shutting down and abandoning module Toolbox (126)
[2015.08.05-19.45.58:525][466]LogModuleManager: Shutting down and abandoning module ModuleUI (125)
[2015.08.05-19.45.58:525][466]LogModuleManager: Shutting down and abandoning module MovieSceneTools (124)
[2015.08.05-19.45.58:525][466]LogModuleManager: Shutting down and abandoning module OutputLog (123)
[2015.08.05-19.45.58:525][466]LogModuleManager: Shutting down and abandoning module GammaUI (122)
[2015.08.05-19.45.58:525][466]LogModuleManager: Shutting down and abandoning module Documentation (121)
[2015.08.05-19.45.58:525][466]LogModuleManager: Shutting down and abandoning module GameLiveStreaming (120)
[2015.08.05-19.45.58:525][466]LogModuleManager: Shutting down and abandoning module StreamingPauseRendering (119)
[2015.08.05-19.45.58:525][466]LogModuleManager: Shutting down and abandoning module AnalyticsET (118)
[2015.08.05-19.45.58:525][466]LogModuleManager: Shutting down and abandoning module Analytics (117)
[2015.08.05-19.45.58:525][466]LogModuleManager: Shutting down and abandoning module AITestSuite (116)
[2015.08.05-19.45.58:525][466]LogModuleManager: Shutting down and abandoning module GameplayDebugger (115)
[2015.08.05-19.45.58:525][466]LogModuleManager: Shutting down and abandoning module AIModule (114)
[2015.08.05-19.45.58:525][466]LogModuleManager: Shutting down and abandoning module ProfilerService (113)
[2015.08.05-19.45.58:746][466]LogModuleManager: Shutting down and abandoning module TaskGraph (112)
[2015.08.05-19.45.58:746][466]LogModuleManager: Shutting down and abandoning module SlateRemote (111)
[2015.08.05-19.45.58:746][466]LogModuleManager: Shutting down and abandoning module SteamVRController (110)
[2015.08.05-19.45.58:746][466]LogModuleManager: Shutting down and abandoning module SteamVR (109)
[2015.08.05-19.45.58:746][466]LogModuleManager: Shutting down and abandoning module ProceduralMeshComponent (108)
[2015.08.05-19.45.58:746][466]LogModuleManager: Shutting down and abandoning module OculusRift (107)
[2015.08.05-19.45.58:746][466]LogModuleManager: Shutting down and abandoning module LeapMotionController (106)
[2015.08.05-19.45.58:754][466]LogModuleManager: Shutting down and abandoning module CustomMeshComponent (105)
[2015.08.05-19.45.58:754][466]LogModuleManager: Shutting down and abandoning module CableComponent (104)
[2015.08.05-19.45.58:754][466]LogModuleManager: Shutting down and abandoning module MessagingDebugger (103)
[2015.08.05-19.45.58:754][466]LogModuleManager: Shutting down and abandoning module MediaPlayerEditor (102)
[2015.08.05-19.45.58:754][466]LogModuleManager: Shutting down and abandoning module SpeedTreeImporter (101)
[2015.08.05-19.45.58:754][466]LogModuleManager: Shutting down and abandoning module PluginBrowser (100)
[2015.08.05-19.45.58:754][466]LogModuleManager: Shutting down and abandoning module EpicSurvey (99)
[2015.08.05-19.45.58:754][466]LogModuleManager: Shutting down and abandoning module DesktopPlatform (98)
[2015.08.05-19.45.58:754][466]LogModuleManager: Shutting down and abandoning module VisualStudioSourceCodeAccess (97)
[2015.08.05-19.45.58:754][466]LogModuleManager: Shutting down and abandoning module UObjectPlugin (96)
[2015.08.05-19.45.58:754][466]LogModuleManager: Shutting down and abandoning module SubversionSourceControl (95)
[2015.08.05-19.45.58:754][466]LogModuleManager: Shutting down and abandoning module PerforceSourceControl (94)
[2015.08.05-19.45.58:754][466]LogModuleManager: Shutting down and abandoning module SourceControl (93)
[2015.08.05-19.45.58:754][466]LogModuleManager: Shutting down and abandoning module GitSourceControl (92)
[2015.08.05-19.45.58:754][466]LogModuleManager: Shutting down and abandoning module BlankPlugin (91)
[2015.08.05-19.45.58:754][466]LogModuleManager: Shutting down and abandoning module PaperTiledImporter (90)
[2015.08.05-19.45.58:754][466]LogModuleManager: Shutting down and abandoning module PaperSpriteSheetImporter (89)
[2015.08.05-19.45.58:754][466]LogModuleManager: Shutting down and abandoning module MeshPaint (88)
[2015.08.05-19.45.58:754][466]LogModuleManager: Shutting down and abandoning module SlateReflector (87)
[2015.08.05-19.45.58:754][466]LogModuleManager: Shutting down and abandoning module DirectoryWatcher (86)
[2015.08.05-19.45.58:754][466]LogModuleManager: Shutting down and abandoning module HotReload (85)
[2015.08.05-19.45.58:754][466]LogModuleManager: Shutting down and abandoning module MainFrame (84)
[2015.08.05-19.45.58:754][466]LogModuleManager: Shutting down and abandoning module LevelEditor (83)
[2015.08.05-19.45.58:755][466]LogModuleManager: Shutting down and abandoning module ContentBrowser (82)
[2015.08.05-19.45.58:756][466]LogModuleManager: Shutting down and abandoning module Paper2DEditor (81)
[2015.08.05-19.45.58:756][466]LogModuleManager: Shutting down and abandoning module UdpMessaging (80)
[2015.08.05-19.45.58:857][466]LogModuleManager: Shutting down and abandoning module Paper2D (79)
[2015.08.05-19.45.58:857][466]LogModuleManager: Shutting down and abandoning module WindowsMoviePlayer (78)
[2015.08.05-19.45.58:859][466]LogModuleManager: Shutting down and abandoning module Media (77)
[2015.08.05-19.45.58:859][466]LogModuleManager: Shutting down and abandoning module WmfMedia (76)
[2015.08.05-19.45.58:859][466]LogModuleManager: Shutting down and abandoning module OnlineBlueprintSupport (75)
[2015.08.05-19.45.58:859][466]LogModuleManager: Shutting down and abandoning module PropertyEditor (74)
[2015.08.05-19.45.58:859][466]LogModuleManager: Shutting down and abandoning module BehaviorTreeEditor (73)
[2015.08.05-19.45.58:859][466]LogModuleManager: Shutting down and abandoning module FunctionalTesting (72)
[2015.08.05-19.45.58:859][466]LogModuleManager: Shutting down and abandoning module CollisionAnalyzer (71)
[2015.08.05-19.45.58:859][466]LogModuleManager: Shutting down and abandoning module WorkspaceMenuStructure (70)
[2015.08.05-19.45.58:859][466]LogModuleManager: Shutting down and abandoning module MessageLog (69)
[2015.08.05-19.45.58:859][466]LogModuleManager: Shutting down and abandoning module Sequencer (68)
[2015.08.05-19.45.58:859][466]LogModuleManager: Shutting down and abandoning module AssetTools (67)
[2015.08.05-19.45.58:860][466]LogModuleManager: Shutting down and abandoning module UMGEditor (66)
[2015.08.05-19.45.58:860][466]LogModuleManager: Shutting down and abandoning module UMG (65)
[2015.08.05-19.45.58:860][466]LogModuleManager: Shutting down and abandoning module Slate (64)
[2015.08.05-19.45.58:860][466]LogModuleManager: Shutting down and abandoning module EditorStyle (63)
[2015.08.05-19.45.58:864][466]LogModuleManager: Shutting down and abandoning module SessionServices (62)
[2015.08.05-19.45.58:864][466]LogModuleManager: Shutting down and abandoning module SourceCodeAccess (61)
[2015.08.05-19.45.58:864][466]LogModuleManager: Shutting down and abandoning module HeadMountedDisplay (60)
[2015.08.05-19.45.58:864][466]LogModuleManager: Shutting down and abandoning module XAudio2 (59)
[2015.08.05-19.45.58:864][466]LogModuleManager: Shutting down and abandoning module Networking (57)
[2015.08.05-19.45.58:864][466]LogModuleManager: Shutting down and abandoning module Core (56)
[2015.08.05-19.45.58:864][466]LogModuleManager: Shutting down and abandoning module KismetCompiler (55)
[2015.08.05-19.45.58:864][466]LogModuleManager: Shutting down and abandoning module PhysXFormats (54)
[2015.08.05-19.45.58:864][466]LogModuleManager: Shutting down and abandoning module MeshUtilities (53)
[2015.08.05-19.45.58:864][466]LogModuleManager: Shutting down and abandoning module DerivedDataCache (52)
[2015.08.05-19.45.58:915][466]LogDerivedDataCache: Shutdown
[2015.08.05-19.45.58:915][466]LogModuleManager: Shutting down and abandoning module ShaderFormatOpenGL (51)
[2015.08.05-19.45.58:915][466]LogModuleManager: Shutting down and abandoning module ShaderFormatD3D (50)
[2015.08.05-19.45.58:915][466]LogModuleManager: Shutting down and abandoning module MetalShaderFormat (49)
[2015.08.05-19.45.58:915][466]LogModuleManager: Shutting down and abandoning module TextureFormatUncompressed (48)
[2015.08.05-19.45.58:915][466]LogModuleManager: Shutting down and abandoning module TextureFormatPVR (47)
[2015.08.05-19.45.58:915][466]LogModuleManager: Shutting down and abandoning module TextureFormatIntelISPCTexComp (46)
[2015.08.05-19.45.58:915][466]LogModuleManager: Shutting down and abandoning module TextureFormatDXT (45)
[2015.08.05-19.45.58:915][466]LogModuleManager: Shutting down and abandoning module ImageWrapper (44)
[2015.08.05-19.45.58:915][466]LogModuleManager: Shutting down and abandoning module TextureFormatASTC (43)
[2015.08.05-19.45.58:915][466]LogModuleManager: Shutting down and abandoning module TextureFormatAndroid (42)
[2015.08.05-19.45.58:915][466]LogModuleManager: Shutting down and abandoning module AudioFormatOpus (41)
[2015.08.05-19.45.58:915][466]LogModuleManager: Shutting down and abandoning module AudioFormatOgg (40)
[2015.08.05-19.45.58:915][466]LogModuleManager: Shutting down and abandoning module AudioFormatADPCM (39)
[2015.08.05-19.45.58:915][466]LogModuleManager: Shutting down and abandoning module LinuxTargetPlatform (38)
[2015.08.05-19.45.58:915][466]LogModuleManager: Shutting down and abandoning module LinuxServerTargetPlatform (37)
[2015.08.05-19.45.58:915][466]LogModuleManager: Shutting down and abandoning module LinuxNoEditorTargetPlatform (36)
[2015.08.05-19.45.58:915][466]LogModuleManager: Shutting down and abandoning module Messaging (35)
[2015.08.05-19.45.58:915][466]LogModuleManager: Shutting down and abandoning module IOSTargetPlatform (34)
[2015.08.05-19.45.58:915][466]LogModuleManager: Shutting down and abandoning module HTML5TargetPlatform (33)
[2015.08.05-19.45.58:915][466]LogModuleManager: Shutting down and abandoning module Android_PVRTCTargetPlatform (32)
[2015.08.05-19.45.58:915][466]LogModuleManager: Shutting down and abandoning module Android_ETC2TargetPlatform (31)
[2015.08.05-19.45.58:915][466]LogModuleManager: Shutting down and abandoning module Android_ETC1TargetPlatform (30)
[2015.08.05-19.45.58:915][466]LogModuleManager: Shutting down and abandoning module Android_DXTTargetPlatform (29)
[2015.08.05-19.45.58:915][466]LogModuleManager: Shutting down and abandoning module Android_ATCTargetPlatform (28)
[2015.08.05-19.45.58:915][466]LogModuleManager: Shutting down and abandoning module Android_ASTCTargetPlatform (27)
[2015.08.05-19.45.58:915][466]LogModuleManager: Shutting down and abandoning module AndroidTargetPlatform (26)
[2015.08.05-19.45.58:915][466]LogModuleManager: Shutting down and abandoning module WindowsTargetPlatform (25)
[2015.08.05-19.45.58:915][466]LogModuleManager: Shutting down and abandoning module WindowsServerTargetPlatform (24)
[2015.08.05-19.45.58:915][466]LogModuleManager: Shutting down and abandoning module WindowsNoEditorTargetPlatform (23)
[2015.08.05-19.45.58:915][466]LogModuleManager: Shutting down and abandoning module WindowsClientTargetPlatform (22)
[2015.08.05-19.45.58:915][466]LogModuleManager: Shutting down and abandoning module DesktopTargetPlatform (21)
[2015.08.05-19.45.58:915][466]LogModuleManager: Shutting down and abandoning module TargetPlatform (20)
[2015.08.05-19.45.58:915][466]LogModuleManager: Shutting down and abandoning module InputCore (19)
[2015.08.05-19.45.58:915][466]LogModuleManager: Shutting down and abandoning module Settings (18)
[2015.08.05-19.45.58:915][466]LogModuleManager: Shutting down and abandoning module OnlineSubsystem (16)
[2015.08.05-19.45.58:915][466]LogModuleManager: Shutting down and abandoning module HTTP (15)
[2015.08.05-19.45.58:916][466]LogModuleManager: Shutting down and abandoning module ExampleDeviceProfileSelector (14)
[2015.08.05-19.45.58:916][466]LogModuleManager: Shutting down and abandoning module TextureCompressor (13)
[2015.08.05-19.45.58:916][466]LogModuleManager: Shutting down and abandoning module ShaderCore (12)
[2015.08.05-19.45.58:916][466]LogModuleManager: Shutting down and abandoning module Landscape (11)
[2015.08.05-19.45.58:916][466]LogModuleManager: Shutting down and abandoning module SlateRHIRenderer (10)
[2015.08.05-19.45.58:917][466]LogModuleManager: Shutting down and abandoning module OpenGLDrv (9)
[2015.08.05-19.45.58:917][466]LogModuleManager: Shutting down and abandoning module D3D11RHI (8)
[2015.08.05-19.45.58:917][466]LogModuleManager: Shutting down and abandoning module Renderer (7)
[2015.08.05-19.45.58:917][466]LogModuleManager: Shutting down and abandoning module Engine (6)
[2015.08.05-19.45.58:917][466]LogModuleManager: Shutting down and abandoning module CoreUObject (5)
[2015.08.05-19.45.58:917][466]LogModuleManager: Shutting down and abandoning module NetworkFile (4)
[2015.08.05-19.45.58:917][466]LogModuleManager: Shutting down and abandoning module StreamingFile (3)
[2015.08.05-19.45.58:917][466]LogModuleManager: Shutting down and abandoning module SandboxFile (2)
[2015.08.05-19.45.58:917][466]LogModuleManager: Shutting down and abandoning module PakFile (1)
[2015.08.05-19.45.58:918][466]LogExit: Exiting.
[2015.08.05-19.45.58:929][466]Log file closed, 08/05/15 21:45:58
