[2015.08.06-10.53.11:949][  0]Log file open, 08/06/15 12:53:11
[2015.08.06-10.53.11:949][  0]LogInit:Display: Running engine for game: RandomSpawn
[2015.08.06-10.53.11:949][  0]LogInit:Display: RandInit(2015714141) SRandInit(2015714141).
[2015.08.06-10.53.11:949][  0]LogTaskGraph: Started task graph with 4 named threads and 7 total threads.
[2015.08.06-10.53.11:949][  0]LogStats: Stats thread started
[2015.08.06-10.53.11:949][  0]LogInit: Version: 4.8.3-2634408+++depot+UE4-Releases+4.8
[2015.08.06-10.53.11:949][  0]LogInit: API Version: 2579680
[2015.08.06-10.53.11:949][  0]LogInit: Compiled (64-bit): Jul 27 2015 16:24:33
[2015.08.06-10.53.11:949][  0]LogInit: Compiled with Visual C++: 18.00.21005.01
[2015.08.06-10.53.11:949][  0]LogInit: Build Configuration: Development
[2015.08.06-10.53.11:949][  0]LogInit: Branch Name: ++depot+UE4-Releases+4.8
[2015.08.06-10.53.11:949][  0]LogInit: Command line:  
[2015.08.06-10.53.11:949][  0]LogInit: Base directory: C:/Program Files/Epic Games/4.8/Engine/Binaries/Win64/
[2015.08.06-10.53.11:949][  0]LogInit: Rocket: 1
[2015.08.06-10.53.11:962][  0]LogInit: Using libcurl 7.41.0
[2015.08.06-10.53.11:962][  0]LogInit:  - built for x86_64-pc-win32
[2015.08.06-10.53.11:962][  0]LogInit:  - supports SSL with WinSSL
[2015.08.06-10.53.11:962][  0]LogInit:  - other features:
[2015.08.06-10.53.11:962][  0]LogInit:      CURL_VERSION_SSL
[2015.08.06-10.53.11:962][  0]LogInit:      CURL_VERSION_IPV6
[2015.08.06-10.53.11:962][  0]LogInit:      CURL_VERSION_ASYNCHDNS
[2015.08.06-10.53.11:962][  0]LogInit:      CURL_VERSION_LARGEFILE
[2015.08.06-10.53.11:962][  0]LogInit:      CURL_VERSION_IDN
[2015.08.06-10.53.11:963][  0]LogInit:  CurlRequestOptions (configurable via config and command line):
[2015.08.06-10.53.11:963][  0]LogInit:  - bVerifyPeer = true  - Libcurl will verify peer certificate
[2015.08.06-10.53.11:963][  0]LogInit:  - bUseHttpProxy = false  - Libcurl will NOT use HTTP proxy
[2015.08.06-10.53.11:963][  0]LogInit:  - bDontReuseConnections = false  - Libcurl will reuse connections
[2015.08.06-10.53.11:963][  0]LogInit:  - CertBundlePath = nullptr  - Libcurl will use whatever was configured at build time.
[2015.08.06-10.53.11:971][  0]LogOnline:Warning: No default platform service specified for OnlineSubsystem
[2015.08.06-10.53.11:982][  0]LogInit: Presizing for 0 objects not considered by GC, pre-allocating 0 bytes.
[2015.08.06-10.53.11:987][  0]LogInit: Object subsystem initialized
[2015.08.06-10.53.11:988][  0]LogConsoleResponse:Warning: Skipping Unknown console variable: 'TranslucentSortAxis = (X=0.000000,Y=-1.000000,Z=0.000000)'
[2015.08.06-10.53.11:988][  0]LogConsoleResponse:Warning:   Found in ini file 'C:/Users/Loïc/Documents/Unreal Projects/RandomSpawn/Saved/Config/Windows/Engine.ini', in section '[/Script/Engine.RendererSettings]'
[2015.08.06-10.53.11:988][  0]LogConsoleResponse:Warning: Skipping Unknown console variable: 'UIScaleRule = ShortestSide'
[2015.08.06-10.53.11:988][  0]LogConsoleResponse:Warning:   Found in ini file 'C:/Users/Loïc/Documents/Unreal Projects/RandomSpawn/Saved/Config/Windows/Engine.ini', in section '[/Script/Engine.RendererSettings]'
[2015.08.06-10.53.11:988][  0]LogConsoleResponse:Warning: Skipping Unknown console variable: 'UIScaleCurve = (EditorCurveData=(Keys=),ExternalCurve=None)'
[2015.08.06-10.53.11:988][  0]LogConsoleResponse:Warning:   Found in ini file 'C:/Users/Loïc/Documents/Unreal Projects/RandomSpawn/Saved/Config/Windows/Engine.ini', in section '[/Script/Engine.RendererSettings]'
[2015.08.06-10.53.11:988][  0]LogInit: Selected Device Profile: [Windows]
[2015.08.06-10.53.11:988][  0]LogInit: Applying CVar settings loaded from the selected device profile: [Windows]
[2015.08.06-10.53.11:995][  0]LogInit: Computer: LOIC-PC
[2015.08.06-10.53.11:995][  0]LogInit: User: Loïc
[2015.08.06-10.53.11:995][  0]LogInit: CPU Page size=4096, Cores=4
[2015.08.06-10.53.11:995][  0]LogInit: High frequency timer resolution =2.728071 MHz
[2015.08.06-10.53.11:995][  0]LogMemory: Memory total: Physical=7.9GB (8GB approx)
[2015.08.06-10.53.11:996][  0]LogMemory: Platform Memory Stats for Windows
[2015.08.06-10.53.11:996][  0]LogMemory: Process Physical Memory: 52.87 MB used, 52.87 MB peak
[2015.08.06-10.53.11:996][  0]LogMemory: Process Virtual Memory: 25.75 MB used, 25.75 MB peak
[2015.08.06-10.53.11:996][  0]LogMemory: Physical Memory: 2728.77 MB used, 8111.74 MB total
[2015.08.06-10.53.11:996][  0]LogMemory: Virtual Memory: 299.36 MB used, 134217728.00 MB total
[2015.08.06-10.53.12:025][  0]LogTextLocalizationManager: The requested culture ('fr_FR') has no localization data; falling back to 'en' for localization and internationalization data.
[2015.08.06-10.53.12:211][  0]LogTextLocalizationManager:Warning: Loaded localization resources contain conflicting entries for (Namespace:ContentBrowser, Key:ImportAssetToolTip):
Localization Resource: (C:/Program Files/Epic Games/4.8/Engine/Content/Localization/Editor/en/Editor.locres) Source String Hash: (-630476809) Localized String: (Import to {0}...)
Localization Resource: (C:/Program Files/Epic Games/4.8/Engine/Content/Localization/Editor/en/Editor.locres) Source String Hash: (1271782899) Localized String: (Imports an asset from file to this folder.)
[2015.08.06-10.53.12:651][  0]LogD3D11RHI: Found D3D11 adapter 0: NVIDIA GeForce GTX880M (Feature Level 11_0)
[2015.08.06-10.53.12:651][  0]LogD3D11RHI: Adapter has 4010MB of dedicated video memory, 0MB of dedicated system memory, and 4055MB of shared system memory, 1 output[s]
[2015.08.06-10.53.12:666][  0]LogD3D11RHI: Found D3D11 adapter 1: NVIDIA GeForce GTX880M (Feature Level 11_0)
[2015.08.06-10.53.12:666][  0]LogD3D11RHI: Adapter has 4010MB of dedicated video memory, 0MB of dedicated system memory, and 4055MB of shared system memory, 0 output[s]
[2015.08.06-10.53.12:667][  0]LogD3D11RHI: Found D3D11 adapter 2: Microsoft Basic Render Driver (Feature Level 11_0)
[2015.08.06-10.53.12:667][  0]LogD3D11RHI: Adapter has 4010MB of dedicated video memory, 0MB of dedicated system memory, and 4055MB of shared system memory, 0 output[s]
[2015.08.06-10.53.12:667][  0]LogD3D11RHI: Chosen D3D11 Adapter Id = 0
[2015.08.06-10.53.12:670][  0]LogD3D11RHI: InitD3DDevice
[2015.08.06-10.53.12:670][  0]LogD3D11RHI: !Direct3DDevice
[2015.08.06-10.53.12:670][  0]LogRHI: Texture pool is 1361 MB (70% of 1945 MB)
[2015.08.06-10.53.12:683][  0]LogD3D11RHI: Async texture creation enabled
[2015.08.06-10.53.13:084][  0]LogShaderCompilers:Display: Using Local Shader Compiler.
[2015.08.06-10.53.13:735][  0]LogTemp:Display: Loaded TP DesktopTargetPlatform
[2015.08.06-10.53.13:746][  0]LogTemp:Display: Loaded TP WindowsClientTargetPlatform
[2015.08.06-10.53.13:757][  0]LogTemp:Display: Loaded TP WindowsNoEditorTargetPlatform
[2015.08.06-10.53.13:768][  0]LogTemp:Display: Loaded TP WindowsServerTargetPlatform
[2015.08.06-10.53.13:780][  0]LogTemp:Display: Loaded TP WindowsTargetPlatform
[2015.08.06-10.53.13:790][  0]LogTemp:Display: Loaded TP AndroidTargetPlatform
[2015.08.06-10.53.13:800][  0]LogTemp:Display: Loaded TP Android_ASTCTargetPlatform
[2015.08.06-10.53.13:809][  0]LogTemp:Display: Loaded TP Android_ATCTargetPlatform
[2015.08.06-10.53.13:819][  0]LogTemp:Display: Loaded TP Android_DXTTargetPlatform
[2015.08.06-10.53.13:828][  0]LogTemp:Display: Loaded TP Android_ETC1TargetPlatform
[2015.08.06-10.53.13:838][  0]LogTemp:Display: Loaded TP Android_ETC2TargetPlatform
[2015.08.06-10.53.13:847][  0]LogTemp:Display: Loaded TP Android_PVRTCTargetPlatform
[2015.08.06-10.53.13:887][  0]LogTemp:Display: Loaded TP IOSTargetPlatform
[2015.08.06-10.53.13:896][  0]LogTemp:Display: Loaded TP LinuxNoEditorTargetPlatform
[2015.08.06-10.53.13:906][  0]LogTemp:Display: Loaded TP LinuxServerTargetPlatform
[2015.08.06-10.53.13:917][  0]LogTemp:Display: Loaded TP LinuxTargetPlatform
[2015.08.06-10.53.13:917][  0]LogTargetPlatformManager:Display: Building Assets For Windows
[2015.08.06-10.53.14:073][  0]LogDerivedDataCache:Display: Max Cache Size: 512 MB
[2015.08.06-10.53.14:127][  0]LogDerivedDataCache: Loaded boot cache 0.05s 53MB C:/Users/Loïc/AppData/Local/UnrealEngine/4.8/DerivedDataCache/Boot.ddc.
[2015.08.06-10.53.14:127][  0]LogDerivedDataCache:Display: Loaded Boot cache: C:/Users/Loïc/AppData/Local/UnrealEngine/4.8/DerivedDataCache/Boot.ddc
[2015.08.06-10.53.14:128][  0]LogDerivedDataCache: FDerivedDataBackendGraph:  Pak pak cache file ../../../../../../Users/Loïc/Documents/Unreal Projects/RandomSpawn/DerivedDataCache/DDC.ddp not found, will not use a pak cache.
[2015.08.06-10.53.14:128][  0]LogDerivedDataCache: Unable to find inner node Pak for hierarchical cache Hierarchy.
[2015.08.06-10.53.14:128][  0]LogDerivedDataCache: FDerivedDataBackendGraph:  CompressedPak pak cache file ../../../../../../Users/Loïc/Documents/Unreal Projects/RandomSpawn/DerivedDataCache/Compressed.ddp not found, will not use a pak cache.
[2015.08.06-10.53.14:128][  0]LogDerivedDataCache: Unable to find inner node CompressedPak for hierarchical cache Hierarchy.
[2015.08.06-10.53.14:254][  0]LogDerivedDataCache:Display: Pak cache opened for reading ../../../Engine/DerivedDataCache/Compressed.ddp.
[2015.08.06-10.53.14:266][  0]LogDerivedDataCache: Using Local data cache path C:/Users/Loïc/AppData/Local/UnrealEngine/Common/DerivedDataCache: Writable
[2015.08.06-10.53.14:429][  0]LogInit: Selected Device Profile: [Windows]
[2015.08.06-10.53.14:497][  0]ImportText (ComponentSweepMultiTests): Missing closing parenthesis: (RootShapeAsset="/Engine/BasicShapes/Cube.Cube",ShapeType="TriggerCapsule",HitResult=(Time=0.50,Location=(X=-100.000015,Y=0.0,Z=100.000015),ImpactPoint=(X=-50.0,Y=0.0,Z=50.0),Normal=(X=-1.0,Y=-0.0,Z=0.0),ImpactNormal=(X=0.0,Y=0.0,Z=1.0),TraceStart=(X=-200.0,Y=0.0,Z=200.0),TraceEnd=(X=0.0,Y=0.0,Z=0.0))
[2015.08.06-10.53.14:497][  0]ImportText (LineTraceSingleByChannelTests): Missing closing parenthesis: (RootShapeAsset="/Engine/BasicShapes/Cube.Cube",HitResult=(Time=0.50,Location=(X=-100.000015,Y=0.0,Z=100.000015),ImpactPoint=(X=-50.0,Y=0.0,Z=50.0),Normal=(X=-1.0,Y=-0.0,Z=0.0),ImpactNormal=(X=0.0,Y=0.0,Z=1.0),TraceStart=(X=-200.0,Y=0.0,Z=200.0),TraceEnd=(X=0.0,Y=0.0,Z=0.0))
[2015.08.06-10.53.14:518][  0]LogMeshUtilities: No automatic mesh reduction module available
[2015.08.06-10.53.14:518][  0]LogMeshUtilities: No automatic mesh merging module available
[2015.08.06-10.53.14:789][  0]LogInit: WinSock: version 1.1 (2.2), MaxSocks=32767, MaxUdp=65467
[2015.08.06-10.53.15:526][  0]UdpMessaging: Initializing bridge on interface 0.0.0.0:0 to multicast group 230.0.0.1:6666.
[2015.08.06-10.53.15:793][  0]SourceControl: Info Source control is disabled
[2015.08.06-10.53.15:802][  0]SourceControl: Info Source control is disabled
[2015.08.06-10.53.15:810][  0]SourceControl: Info Source control is disabled
[2015.08.06-10.53.15:817][  0]SourceControl: Info Source control is disabled
[2015.08.06-10.53.15:981][  0]LogObj: 26273 objects as part of root set at end of initial load.
[2015.08.06-10.53.15:981][  0]LogUObjectAllocator: 5409256 out of 0 bytes used by permanent object pool.
[2015.08.06-10.53.16:040][  0]LogEngine: Initializing Engine...
[2015.08.06-10.53.16:041][  0]LogHMD: Can't find Oculus library dev build: is proper Runtime installed? Version: 0.6.0.0
[2015.08.06-10.53.16:042][  0]LogHMD:Warning: SteamVR failed to initialize.  Error: 110
[2015.08.06-10.53.16:172][  0]LogAIModule: Creating AISystem for world NewWorld
[2015.08.06-10.53.16:175][  0]LogInit: XAudio2 using 'Haut-parleurs (Realtek High Definition Audio)' : 2 channels at 48 kHz using 32 bits per sample (channel mask 0x3)
[2015.08.06-10.53.16:195][  0]LogInit: FAudioDevice initialized.
[2015.08.06-10.53.16:225][  0]LogDerivedDataCache: Saved boot cache 0.03s 53MB C:/Users/Loïc/AppData/Local/UnrealEngine/4.8/DerivedDataCache/Boot.ddc.
[2015.08.06-10.53.16:232][  0]LogInit: Texture streaming: Disabled
[2015.08.06-10.53.16:250][  0]LogAnalytics: Creating configured Analytics provider AnalyticsET
[2015.08.06-10.53.16:250][  0]LogAnalytics: [UEEditor.Rocket.Release] APIServer = http://et2.epicgames.com/ET2/. AppVersion = 4.8.3-2634408+++depot+UE4-Releases+4.8
[2015.08.06-10.53.16:250][  0]LogAnalytics: [UEEditor.Rocket.Release] SetUserId 504f49814bd2122454a9c9a4beaeaa57|2799e6c2b9344bb28bf6eae71078dab8|928b9dfe-ef31-4895-b7ab-97275a57542b
[2015.08.06-10.53.16:250][  0]LogAnalytics: [UEEditor.Rocket.Release] AnalyticsET::StartSession
[2015.08.06-10.53.16:272][  0]LogInit: Transaction tracking system initialized
[2015.08.06-10.53.16:379][  0]BlueprintLog: New page: Editor Load
[2015.08.06-10.53.16:408][  0]LogAssetRegistry: FAssetRegistry took 0.0108 seconds to start up
[2015.08.06-10.53.16:408][  0]LogDirectoryWatcher:Warning: Failed to begin reading directory changes for ../../../Engine/Plugins/Experimental/CharacterAI/Content/. Error: 0
[2015.08.06-10.53.16:962][  0]LogConsoleManager:Warning: Console variable 'r.VSync' wasn't set ('GameSetting' has a lower priority than 'SystemSettingsIni')
[2015.08.06-10.53.16:962][  0]LogConsoleResponse:Display: 
[2015.08.06-10.53.17:038][  0]LogCook:Display: Done creating registry. It took  0.00s.
[2015.08.06-10.53.17:165][  0]SourceControl: Info Source control is disabled
[2015.08.06-10.53.17:165][  0]Cmd: MAP LOAD FILE="../../../../../../Users/Loïc/Documents/Unreal Projects/RandomSpawn/Content/FirstPersonBP/Maps/FirstPersonExampleMap.umap" TEMPLATE=0 SHOWPROGRESS=1 FEATURELEVEL=3
[2015.08.06-10.53.17:165][  0]LightingResults: New page: Lighting Build
[2015.08.06-10.53.17:175][  0]MapCheck: New page: Map Check
[2015.08.06-10.53.17:175][  0]LightingResults: New page: Lighting Build
[2015.08.06-10.53.17:183][  0]LogParticles: Destroying 0 GPU particle simulations for FXSystem 0x000000433E4B0B80
[2015.08.06-10.53.20:815][  0]LogAIModule: Creating AISystem for world FirstPersonExampleMap
[2015.08.06-10.53.20:822][  0]LogEditorServer: Finished looking for orphan Actors (0.000 secs)
[2015.08.06-10.53.21:894][  0]Cmd: MAP CHECKDEP NOCLEARLOG
[2015.08.06-10.53.21:941][  0]MapCheck: Info Map check complete: 0 Error(s), 0 Warning(s), took 46.445ms to complete.
[2015.08.06-10.53.21:941][  0]LogFileHelpers: Loading map 'FirstPersonExampleMap' took 4.777
[2015.08.06-10.53.22:045][  0]LogCollectionManager: Loaded 0 collections in 0.001616 seconds
[2015.08.06-10.53.22:051][  0]LogContentBrowser: Native class hierarchy populated in 0.0063 seconds. Added 1792 classes and 301 folders.
[2015.08.06-10.53.22:083][  0]LogContentBrowser: Native class hierarchy updated for 'WidgetCarousel' in 0.0003 seconds. Added 0 classes and 0 folders.
[2015.08.06-10.53.22:104][  0]LogContentBrowser: Native class hierarchy updated for 'AddContentDialog' in 0.0003 seconds. Added 0 classes and 0 folders.
[2015.08.06-10.53.22:116][  0]LogContentBrowser: Native class hierarchy updated for 'SceneOutliner' in 0.0003 seconds. Added 1 classes and 2 folders.
[2015.08.06-10.53.22:191][  0]LogCrashTracker: Crashtracker disabled due to settings.
[2015.08.06-10.53.22:191][  0]LogD3D11RHI: InitD3DDevice
[2015.08.06-10.53.22:194][  0]LogUObjectGlobals:Warning: Failed to find object 'Class None.'
[2015.08.06-10.53.22:216][  0]LogLoad: Full Startup: 11.37 seconds (BP compile: 1.79 seconds)
[2015.08.06-10.53.22:224][  0]LogWindowsTextInputMethodSystem:Display: IME system now deactivated.
[2015.08.06-10.53.22:271][  0]LogContentStreaming: Texture pool size is 0.000000MB
[2015.08.06-10.53.22:312][  0]LogContentStreaming: Texture pool size now 200 MB
[2015.08.06-10.53.22:413][  0]LogRenderer: Reallocating scene render targets to support 1208x576 (Frame:2).
[2015.08.06-10.53.23:020][ 16]LogAssetRegistry: Asset discovery search completed in 6.6236 seconds
[2015.08.06-10.53.23:243][ 35]LogD3D11RHI: InitD3DDevice
[2015.08.06-10.58.25:252][113]LogD3D11RHI: InitD3DDevice
[2015.08.06-10.58.25:739][156]LogPlayLevel: PIE:  No blueprints needed recompiling
[2015.08.06-10.58.25:741][156]PIE: New page: PIE session: FirstPersonExampleMap (Aug 6, 2015, 2:58:25 PM)
[2015.08.06-10.58.25:742][156]LogPlayLevel: Creating play world package: /Game/FirstPersonBP/Maps/UEDPIE_1_FirstPersonExampleMap
[2015.08.06-10.58.25:765][156]LogPlayLevel: PIE: StaticDuplicateObject took: (0.023080s)
[2015.08.06-10.58.25:769][156]LogAIModule: Creating AISystem for world FirstPersonExampleMap
[2015.08.06-10.58.25:770][156]LogPlayLevel: PIE: World Init took: (0.004847s)
[2015.08.06-10.58.25:770][156]LogPlayLevel: PIE: Created PIE world by copying editor world from /Game/FirstPersonBP/Maps/FirstPersonExampleMap.FirstPersonExampleMap to /Game/FirstPersonBP/Maps/UEDPIE_1_FirstPersonExampleMap.FirstPersonExampleMap (0.028540s)
[2015.08.06-10.58.25:770][156]LogActorComponent: UnregisterComponent: (/Engine/Transient.CharMoveComp) Not registered. Aborting.
[2015.08.06-10.58.26:034][156]LogInit: XAudio2 using 'Haut-parleurs (Realtek High Definition Audio)' : 2 channels at 48 kHz using 32 bits per sample (channel mask 0x3)
[2015.08.06-10.58.26:042][156]LogInit: FAudioDevice initialized.
[2015.08.06-10.58.26:045][156]LogD3D11RHI: InitD3DDevice
[2015.08.06-10.58.26:089][156]LogWorld: Game class is 'FirstPersonGameMode_C'
[2015.08.06-10.58.26:094][156]LogWorld: Bringing World /Game/FirstPersonBP/Maps/UEDPIE_1_FirstPersonExampleMap.FirstPersonExampleMap up for play (max tick rate 0) at 2015.08.06-12.58.26
[2015.08.06-10.58.26:094][156]LogActor:Warning: GameSession /Game/FirstPersonBP/Maps/UEDPIE_1_FirstPersonExampleMap.FirstPersonExampleMap:PersistentLevel.GameSession_0 has natively added scene component(s), but none of them were set as the actor's RootComponent - picking one arbitrarily
[2015.08.06-10.58.26:095][156]LogActor:Warning: GameNetworkManager /Game/FirstPersonBP/Maps/UEDPIE_1_FirstPersonExampleMap.FirstPersonExampleMap:PersistentLevel.GameNetworkManager_0 has natively added scene component(s), but none of them were set as the actor's RootComponent - picking one arbitrarily
[2015.08.06-10.58.26:095][156]LogWorld: Bringing up level for play took: 0.004504
[2015.08.06-10.58.26:097][156]LogInit: WinSock: Socket queue 131072 / 131072
[2015.08.06-10.58.26:098][156]LogInit: WinSock: I am Loic-PC (25.97.102.240:0)
[2015.08.06-10.58.26:098][156]LogNet: GameNetDriver IpNetDriver_0 IpNetDriver listening on port 7777
[2015.08.06-10.58.26:115][156]PIE: Info Play in editor start time for /Game/FirstPersonBP/Maps/UEDPIE_1_FirstPersonExampleMap 0.265
[2015.08.06-10.58.26:117][156]PIE: New page: PIE session: FirstPersonExampleMap (Aug 6, 2015, 2:58:26 PM)
[2015.08.06-10.58.26:122][156]LogD3D11RHI: InitD3DDevice
[2015.08.06-10.58.26:151][156]LogNet: Browse: 127.0.0.1//Game/FirstPersonBP/Maps/FirstPersonExampleMap
[2015.08.06-10.58.26:151][156]LogInit: WinSock: Socket queue 32768 / 32768
[2015.08.06-10.58.26:152][156]LogNet: Game client on port 7777, rate 10000
[2015.08.06-10.58.26:152][156]LogNet: GetLocalNetworkVersion: GEngineNetVersion: 2634408, ProjectName: randomspawn, ProjectVersion: 1.0.0.0, InternalProtocolVersion: 8, LocalNetworkVersion: 733586408
[2015.08.06-10.58.26:173][156]PIE: Info Play in editor start time for /Game/FirstPersonBP/Maps/FirstPersonExampleMap 0.323
[2015.08.06-10.58.26:198][156]LogNet: NotifyAcceptingConnection: Server FirstPersonExampleMap accept
[2015.08.06-10.58.26:198][156]LogNet: Open FirstPersonExampleMap 08/06/15 12:58:26 127.0.0.1
[2015.08.06-10.58.26:198][156]LogNet: Added client connection.  Remote address = 127.0.0.1:63902
[2015.08.06-10.58.26:198][156]LogNet: NotifyAcceptingChannel Control 0 server World /Game/FirstPersonBP/Maps/UEDPIE_1_FirstPersonExampleMap.FirstPersonExampleMap: Accepted
[2015.08.06-10.58.26:198][156]LogNet: Remote platform little endian=1
[2015.08.06-10.58.26:198][156]LogNet: This platform little endian=1
[2015.08.06-10.58.26:198][156]LogNet: GetLocalNetworkVersion: GEngineNetVersion: 2634408, ProjectName: randomspawn, ProjectVersion: 1.0.0.0, InternalProtocolVersion: 8, LocalNetworkVersion: 733586408
[2015.08.06-10.58.26:282][157]LogNet: Login request: /Game/FirstPersonBP/Maps/FirstPersonExampleMap userId: Invalid
[2015.08.06-10.58.26:284][157]LogNet: Welcomed by server (Level: /Game/FirstPersonBP/Maps/UEDPIE_1_FirstPersonExampleMap, Game: /Game/FirstPersonBP/Blueprints/FirstPersonGameMode.FirstPersonGameMode_C)
[2015.08.06-10.58.26:323][157]LogLoad: LoadMap: 127.0.0.1//Game/FirstPersonBP/Maps/UEDPIE_1_FirstPersonExampleMap?game=/Game/FirstPersonBP/Blueprints/FirstPersonGameMode.FirstPersonGameMode_C
[2015.08.06-10.58.26:345][157]LogParticles: Destroying 0 GPU particle simulations for FXSystem 0x00000043378CCD60
[2015.08.06-10.58.26:364][157]Cmd: MEM
[2015.08.06-10.58.26:390][157]LogMemory: Platform Memory Stats for Windows
[2015.08.06-10.58.26:390][157]LogMemory: Process Physical Memory: 1109.31 MB used, 1113.02 MB peak
[2015.08.06-10.58.26:390][157]LogMemory: Process Virtual Memory: 1613.71 MB used, 1613.72 MB peak
[2015.08.06-10.58.26:390][157]LogMemory: Physical Memory: 3512.92 MB used, 8111.74 MB total
[2015.08.06-10.58.26:390][157]LogMemory: Virtual Memory: 2220.09 MB used, 134217728.00 MB total
[2015.08.06-10.58.26:390][157]LogMemory: 
[2015.08.06-10.58.26:390][157]Allocator Stats for TBB: (not implemented)
[2015.08.06-10.58.26:390][157]LogLinker: Can't find file for asset '/Game/FirstPersonBP/Maps/UEDPIE_1_FirstPersonExampleMap' while loading NULL.
[2015.08.06-10.58.26:415][157]LogWorld: PIE: Copying PIE streaming level from /Game/FirstPersonBP/Maps/FirstPersonExampleMap.FirstPersonExampleMap to /Game/FirstPersonBP/Maps/UEDPIE_2_FirstPersonExampleMap.FirstPersonExampleMap. OwningWorld: None
[2015.08.06-10.58.26:416][157]LogAIModule: Creating AISystem for world FirstPersonExampleMap
[2015.08.06-10.58.26:421][157]LogWorld: Bringing World /Game/FirstPersonBP/Maps/UEDPIE_2_FirstPersonExampleMap.FirstPersonExampleMap up for play (max tick rate 0) at 2015.08.06-12.58.26
[2015.08.06-10.58.26:422][157]LogWorld: Bringing up level for play took: 0.002878
[2015.08.06-10.58.26:449][158]LogNet: Client netspeed is 10000
[2015.08.06-10.58.26:449][158]LogNet: Join request: /Game/FirstPersonBP/Maps/FirstPersonExampleMap?SplitscreenCount=1
[2015.08.06-10.58.26:451][158]LogNet: Join succeeded: 257
[2015.08.06-10.58.32:104][480]LogBlueprintUserMessages: Client 1: Hunter
[2015.08.06-10.58.32:257][488]LogBlueprintUserMessages: Client 1: Hunter
[2015.08.06-10.58.32:430][497]LogBlueprintUserMessages: Client 1: Hunter
[2015.08.06-10.58.32:660][509]LogBlueprintUserMessages: Client 1: Hunter
[2015.08.06-10.58.34:074][583]LogBlueprintUserMessages: Server: Cinnro
[2015.08.06-10.58.34:246][592]LogBlueprintUserMessages: Server: Cinnro
[2015.08.06-10.58.34:401][600]LogBlueprintUserMessages: Server: Cinnro
[2015.08.06-10.58.34:572][609]LogBlueprintUserMessages: Server: Cinnro
[2015.08.06-10.58.35:048][628]LogNet: UChannel::CleanUp: [GameNetDriver] [None] [None]. ChIndex == 0. Closing connection.
[2015.08.06-10.58.35:048][628]LogNet: UNetConnection::Close: Name: IpConnection_1, Driver: GameNetDriver IpNetDriver_0, PC: None, Owner: None, Channels: 2, RemoteAddr: 127.0.0.1:63902, Time: 2015.08.06-10.58.35
[2015.08.06-10.58.35:048][628]LogNet: UChannel::Close: Sending CloseBunch. ChIndex == 0. Name: ControlChannel_1
[2015.08.06-10.58.35:048][628]LogNet: UChannel::CleanUp: [GameNetDriver] [None] [None]. ChIndex == 0. Closing connection.
[2015.08.06-10.58.35:048][628]LogNet: UNetConnection::Close: Name: IpConnection_0, Driver: GameNetDriver IpNetDriver_1, PC: None, Owner: None, Channels: 2, RemoteAddr: 127.0.0.1:7777, Time: 2015.08.06-10.58.35
[2015.08.06-10.58.35:048][628]LogNet: UChannel::Close: Sending CloseBunch. ChIndex == 0. Name: ControlChannel_0
[2015.08.06-10.58.35:053][628]LogExit: GameNetDriver None shut down
[2015.08.06-10.58.35:053][628]LogExit: GameNetDriver None shut down
[2015.08.06-10.58.35:053][628]LogParticles: Destroying 0 GPU particle simulations for FXSystem 0x000000430B55F740
[2015.08.06-10.58.35:053][628]LogParticles: Destroying 0 GPU particle simulations for FXSystem 0x00000043378CE340
[2015.08.06-10.58.35:975][714]LogD3D11RHI: InitD3DDevice
[2015.08.06-10.58.36:556][767]LogPlayLevel: PIE:  No blueprints needed recompiling
[2015.08.06-10.58.36:558][767]PIE: New page: PIE session: FirstPersonExampleMap (Aug 6, 2015, 2:58:36 PM)
[2015.08.06-10.58.36:558][767]LogPlayLevel: Creating play world package: /Game/FirstPersonBP/Maps/UEDPIE_1_FirstPersonExampleMap
[2015.08.06-10.58.36:576][767]LogPlayLevel: PIE: StaticDuplicateObject took: (0.017829s)
[2015.08.06-10.58.36:577][767]LogAIModule: Creating AISystem for world FirstPersonExampleMap
[2015.08.06-10.58.36:578][767]LogPlayLevel: PIE: World Init took: (0.001899s)
[2015.08.06-10.58.36:578][767]LogPlayLevel: PIE: Created PIE world by copying editor world from /Game/FirstPersonBP/Maps/FirstPersonExampleMap.FirstPersonExampleMap to /Game/FirstPersonBP/Maps/UEDPIE_1_FirstPersonExampleMap.FirstPersonExampleMap (0.020007s)
[2015.08.06-10.58.36:609][767]LogInit: XAudio2 using 'Haut-parleurs (Realtek High Definition Audio)' : 2 channels at 48 kHz using 32 bits per sample (channel mask 0x3)
[2015.08.06-10.58.36:616][767]LogInit: FAudioDevice initialized.
[2015.08.06-10.58.36:618][767]LogD3D11RHI: InitD3DDevice
[2015.08.06-10.58.36:653][767]LogWorld: Game class is 'FirstPersonGameMode_C'
[2015.08.06-10.58.36:659][767]LogWorld: Bringing World /Game/FirstPersonBP/Maps/UEDPIE_1_FirstPersonExampleMap.FirstPersonExampleMap up for play (max tick rate 0) at 2015.08.06-12.58.36
[2015.08.06-10.58.36:659][767]LogActor:Warning: GameSession /Game/FirstPersonBP/Maps/UEDPIE_1_FirstPersonExampleMap.FirstPersonExampleMap:PersistentLevel.GameSession_1 has natively added scene component(s), but none of them were set as the actor's RootComponent - picking one arbitrarily
[2015.08.06-10.58.36:659][767]LogActor:Warning: GameNetworkManager /Game/FirstPersonBP/Maps/UEDPIE_1_FirstPersonExampleMap.FirstPersonExampleMap:PersistentLevel.GameNetworkManager_1 has natively added scene component(s), but none of them were set as the actor's RootComponent - picking one arbitrarily
[2015.08.06-10.58.36:659][767]LogWorld: Bringing up level for play took: 0.004173
[2015.08.06-10.58.36:661][767]LogInit: WinSock: Socket queue 131072 / 131072
[2015.08.06-10.58.36:661][767]LogNet: GameNetDriver IpNetDriver_2 IpNetDriver listening on port 7777
[2015.08.06-10.58.36:679][767]PIE: Info Play in editor start time for /Game/FirstPersonBP/Maps/UEDPIE_1_FirstPersonExampleMap 0.829
[2015.08.06-10.58.36:680][767]PIE: New page: PIE session: FirstPersonExampleMap (Aug 6, 2015, 2:58:36 PM)
[2015.08.06-10.58.36:685][767]LogD3D11RHI: InitD3DDevice
[2015.08.06-10.58.36:714][767]LogNet: Browse: 127.0.0.1//Game/FirstPersonBP/Maps/FirstPersonExampleMap
[2015.08.06-10.58.36:715][767]LogInit: WinSock: Socket queue 32768 / 32768
[2015.08.06-10.58.36:715][767]LogNet: Game client on port 7777, rate 10000
[2015.08.06-10.58.36:715][767]LogNet: GetLocalNetworkVersion: GEngineNetVersion: 2634408, ProjectName: randomspawn, ProjectVersion: 1.0.0.0, InternalProtocolVersion: 8, LocalNetworkVersion: 733586408
[2015.08.06-10.58.36:734][767]PIE: Info Play in editor start time for /Game/FirstPersonBP/Maps/FirstPersonExampleMap 0.884
[2015.08.06-10.58.36:751][767]LogNet: NotifyAcceptingConnection: Server FirstPersonExampleMap accept
[2015.08.06-10.58.36:751][767]LogNet: Open FirstPersonExampleMap 08/06/15 12:58:36 127.0.0.1
[2015.08.06-10.58.36:751][767]LogNet: Added client connection.  Remote address = 127.0.0.1:63903
[2015.08.06-10.58.36:751][767]LogNet: NotifyAcceptingChannel Control 0 server World /Game/FirstPersonBP/Maps/UEDPIE_1_FirstPersonExampleMap.FirstPersonExampleMap: Accepted
[2015.08.06-10.58.36:751][767]LogNet: Remote platform little endian=1
[2015.08.06-10.58.36:751][767]LogNet: This platform little endian=1
[2015.08.06-10.58.36:751][767]LogNet: GetLocalNetworkVersion: GEngineNetVersion: 2634408, ProjectName: randomspawn, ProjectVersion: 1.0.0.0, InternalProtocolVersion: 8, LocalNetworkVersion: 733586408
[2015.08.06-10.58.36:833][768]LogNet: Login request: /Game/FirstPersonBP/Maps/FirstPersonExampleMap userId: Invalid
[2015.08.06-10.58.36:834][768]LogNet: Welcomed by server (Level: /Game/FirstPersonBP/Maps/UEDPIE_1_FirstPersonExampleMap, Game: /Game/FirstPersonBP/Blueprints/FirstPersonGameMode.FirstPersonGameMode_C)
[2015.08.06-10.58.36:904][768]LogLoad: LoadMap: 127.0.0.1//Game/FirstPersonBP/Maps/UEDPIE_1_FirstPersonExampleMap?game=/Game/FirstPersonBP/Blueprints/FirstPersonGameMode.FirstPersonGameMode_C
[2015.08.06-10.58.36:922][768]LogParticles: Destroying 0 GPU particle simulations for FXSystem 0x000000434C760720
[2015.08.06-10.58.36:938][768]Cmd: MEM
[2015.08.06-10.58.36:965][768]LogMemory: Platform Memory Stats for Windows
[2015.08.06-10.58.36:965][768]LogMemory: Process Physical Memory: 1121.86 MB used, 1136.92 MB peak
[2015.08.06-10.58.36:965][768]LogMemory: Process Virtual Memory: 1623.48 MB used, 1694.12 MB peak
[2015.08.06-10.58.36:965][768]LogMemory: Physical Memory: 3532.78 MB used, 8111.74 MB total
[2015.08.06-10.58.36:965][768]LogMemory: Virtual Memory: 2255.96 MB used, 134217728.00 MB total
[2015.08.06-10.58.36:965][768]LogMemory: 
[2015.08.06-10.58.36:965][768]Allocator Stats for TBB: (not implemented)
[2015.08.06-10.58.36:965][768]LogLinker: Can't find file for asset '/Game/FirstPersonBP/Maps/UEDPIE_1_FirstPersonExampleMap' while loading NULL.
[2015.08.06-10.58.36:987][768]LogWorld: PIE: Copying PIE streaming level from /Game/FirstPersonBP/Maps/FirstPersonExampleMap.FirstPersonExampleMap to /Game/FirstPersonBP/Maps/UEDPIE_2_FirstPersonExampleMap.FirstPersonExampleMap. OwningWorld: None
[2015.08.06-10.58.36:989][768]LogAIModule: Creating AISystem for world FirstPersonExampleMap
[2015.08.06-10.58.36:995][768]LogWorld: Bringing World /Game/FirstPersonBP/Maps/UEDPIE_2_FirstPersonExampleMap.FirstPersonExampleMap up for play (max tick rate 0) at 2015.08.06-12.58.36
[2015.08.06-10.58.36:995][768]LogWorld: Bringing up level for play took: 0.002722
[2015.08.06-10.58.37:017][769]LogNet: Client netspeed is 10000
[2015.08.06-10.58.37:017][769]LogNet: Join request: /Game/FirstPersonBP/Maps/FirstPersonExampleMap?SplitscreenCount=1
[2015.08.06-10.58.37:019][769]LogNet: Join succeeded: 259
[2015.08.06-10.58.42:478][ 81]LogBlueprintUserMessages: Client 1: Cinnro
[2015.08.06-10.58.42:632][ 89]LogBlueprintUserMessages: Client 1: Cinnro
[2015.08.06-10.58.42:785][ 97]LogBlueprintUserMessages: Client 1: Cinnro
[2015.08.06-10.58.42:937][105]LogBlueprintUserMessages: Client 1: Cinnro
[2015.08.06-10.58.43:111][114]LogBlueprintUserMessages: Client 1: Cinnro
[2015.08.06-10.58.43:264][122]LogBlueprintUserMessages: Client 1: Cinnro
[2015.08.06-10.58.43:457][132]LogBlueprintUserMessages: Client 1: Cinnro
[2015.08.06-10.58.44:846][204]LogBlueprintUserMessages: Server: Byormi
[2015.08.06-10.58.45:043][214]LogBlueprintUserMessages: Server: Byormi
[2015.08.06-10.58.45:195][222]LogBlueprintUserMessages: Server: Byormi
[2015.08.06-10.58.45:364][231]LogBlueprintUserMessages: Server: Byormi
[2015.08.06-10.58.45:522][239]LogBlueprintUserMessages: Server: Byormi
[2015.08.06-10.58.46:299][274]LogNet: UChannel::CleanUp: [GameNetDriver] [None] [None]. ChIndex == 0. Closing connection.
[2015.08.06-10.58.46:299][274]LogNet: UNetConnection::Close: Name: IpConnection_3, Driver: GameNetDriver IpNetDriver_2, PC: None, Owner: None, Channels: 2, RemoteAddr: 127.0.0.1:63903, Time: 2015.08.06-10.58.46
[2015.08.06-10.58.46:299][274]LogNet: UChannel::Close: Sending CloseBunch. ChIndex == 0. Name: ControlChannel_3
[2015.08.06-10.58.46:299][274]LogNet: UChannel::CleanUp: [GameNetDriver] [None] [None]. ChIndex == 0. Closing connection.
[2015.08.06-10.58.46:299][274]LogNet: UNetConnection::Close: Name: IpConnection_2, Driver: GameNetDriver IpNetDriver_3, PC: None, Owner: None, Channels: 2, RemoteAddr: 127.0.0.1:7777, Time: 2015.08.06-10.58.46
[2015.08.06-10.58.46:299][274]LogNet: UChannel::Close: Sending CloseBunch. ChIndex == 0. Name: ControlChannel_2
[2015.08.06-10.58.46:305][274]LogExit: GameNetDriver None shut down
[2015.08.06-10.58.46:305][274]LogExit: GameNetDriver None shut down
[2015.08.06-10.58.46:306][274]LogParticles: Destroying 0 GPU particle simulations for FXSystem 0x000000434C761620
[2015.08.06-10.58.46:329][274]LogParticles: Destroying 0 GPU particle simulations for FXSystem 0x000000434DF8C2C0
[2015.08.06-10.58.47:141][344]LogPlayLevel: PIE:  No blueprints needed recompiling
[2015.08.06-10.58.47:142][344]PIE: New page: PIE session: FirstPersonExampleMap (Aug 6, 2015, 2:58:47 PM)
[2015.08.06-10.58.47:142][344]LogPlayLevel: Creating play world package: /Game/FirstPersonBP/Maps/UEDPIE_1_FirstPersonExampleMap
[2015.08.06-10.58.47:162][344]LogPlayLevel: PIE: StaticDuplicateObject took: (0.019359s)
[2015.08.06-10.58.47:163][344]LogAIModule: Creating AISystem for world FirstPersonExampleMap
[2015.08.06-10.58.47:164][344]LogPlayLevel: PIE: World Init took: (0.002012s)
[2015.08.06-10.58.47:164][344]LogPlayLevel: PIE: Created PIE world by copying editor world from /Game/FirstPersonBP/Maps/FirstPersonExampleMap.FirstPersonExampleMap to /Game/FirstPersonBP/Maps/UEDPIE_1_FirstPersonExampleMap.FirstPersonExampleMap (0.021665s)
[2015.08.06-10.58.47:193][344]LogInit: XAudio2 using 'Haut-parleurs (Realtek High Definition Audio)' : 2 channels at 48 kHz using 32 bits per sample (channel mask 0x3)
[2015.08.06-10.58.47:200][344]LogInit: FAudioDevice initialized.
[2015.08.06-10.58.47:202][344]LogD3D11RHI: InitD3DDevice
[2015.08.06-10.58.47:233][344]LogWorld: Game class is 'FirstPersonGameMode_C'
[2015.08.06-10.58.47:239][344]LogWorld: Bringing World /Game/FirstPersonBP/Maps/UEDPIE_1_FirstPersonExampleMap.FirstPersonExampleMap up for play (max tick rate 0) at 2015.08.06-12.58.47
[2015.08.06-10.58.47:239][344]LogActor:Warning: GameSession /Game/FirstPersonBP/Maps/UEDPIE_1_FirstPersonExampleMap.FirstPersonExampleMap:PersistentLevel.GameSession_2 has natively added scene component(s), but none of them were set as the actor's RootComponent - picking one arbitrarily
[2015.08.06-10.58.47:239][344]LogActor:Warning: GameNetworkManager /Game/FirstPersonBP/Maps/UEDPIE_1_FirstPersonExampleMap.FirstPersonExampleMap:PersistentLevel.GameNetworkManager_2 has natively added scene component(s), but none of them were set as the actor's RootComponent - picking one arbitrarily
[2015.08.06-10.58.47:239][344]LogWorld: Bringing up level for play took: 0.004348
[2015.08.06-10.58.47:241][344]LogInit: WinSock: Socket queue 131072 / 131072
[2015.08.06-10.58.47:241][344]LogNet: GameNetDriver IpNetDriver_4 IpNetDriver listening on port 7777
[2015.08.06-10.58.47:259][344]PIE: Info Play in editor start time for /Game/FirstPersonBP/Maps/UEDPIE_1_FirstPersonExampleMap -0.591
[2015.08.06-10.58.47:261][344]PIE: New page: PIE session: FirstPersonExampleMap (Aug 6, 2015, 2:58:47 PM)
[2015.08.06-10.58.47:266][344]LogD3D11RHI: InitD3DDevice
[2015.08.06-10.58.47:295][344]LogNet: Browse: 127.0.0.1//Game/FirstPersonBP/Maps/FirstPersonExampleMap
[2015.08.06-10.58.47:296][344]LogInit: WinSock: Socket queue 32768 / 32768
[2015.08.06-10.58.47:296][344]LogNet: Game client on port 7777, rate 10000
[2015.08.06-10.58.47:296][344]LogNet: GetLocalNetworkVersion: GEngineNetVersion: 2634408, ProjectName: randomspawn, ProjectVersion: 1.0.0.0, InternalProtocolVersion: 8, LocalNetworkVersion: 733586408
[2015.08.06-10.58.47:316][344]PIE: Info Play in editor start time for /Game/FirstPersonBP/Maps/FirstPersonExampleMap -0.534
[2015.08.06-10.58.47:334][344]LogNet: NotifyAcceptingConnection: Server FirstPersonExampleMap accept
[2015.08.06-10.58.47:334][344]LogNet: Open FirstPersonExampleMap 08/06/15 12:58:47 127.0.0.1
[2015.08.06-10.58.47:334][344]LogNet: Added client connection.  Remote address = 127.0.0.1:63904
[2015.08.06-10.58.47:334][344]LogNet: NotifyAcceptingChannel Control 0 server World /Game/FirstPersonBP/Maps/UEDPIE_1_FirstPersonExampleMap.FirstPersonExampleMap: Accepted
[2015.08.06-10.58.47:334][344]LogNet: Remote platform little endian=1
[2015.08.06-10.58.47:334][344]LogNet: This platform little endian=1
[2015.08.06-10.58.47:334][344]LogNet: GetLocalNetworkVersion: GEngineNetVersion: 2634408, ProjectName: randomspawn, ProjectVersion: 1.0.0.0, InternalProtocolVersion: 8, LocalNetworkVersion: 733586408
[2015.08.06-10.58.47:416][345]LogNet: Login request: /Game/FirstPersonBP/Maps/FirstPersonExampleMap userId: Invalid
[2015.08.06-10.58.47:417][345]LogNet: Welcomed by server (Level: /Game/FirstPersonBP/Maps/UEDPIE_1_FirstPersonExampleMap, Game: /Game/FirstPersonBP/Blueprints/FirstPersonGameMode.FirstPersonGameMode_C)
[2015.08.06-10.58.47:466][345]LogLoad: LoadMap: 127.0.0.1//Game/FirstPersonBP/Maps/UEDPIE_1_FirstPersonExampleMap?game=/Game/FirstPersonBP/Blueprints/FirstPersonGameMode.FirstPersonGameMode_C
[2015.08.06-10.58.47:489][345]LogParticles: Destroying 0 GPU particle simulations for FXSystem 0x000000434C6F89A0
[2015.08.06-10.58.47:502][345]Cmd: MEM
[2015.08.06-10.58.47:533][345]LogMemory: Platform Memory Stats for Windows
[2015.08.06-10.58.47:533][345]LogMemory: Process Physical Memory: 1121.75 MB used, 1141.43 MB peak
[2015.08.06-10.58.47:533][345]LogMemory: Process Virtual Memory: 1622.68 MB used, 1695.04 MB peak
[2015.08.06-10.58.47:533][345]LogMemory: Physical Memory: 3504.17 MB used, 8111.74 MB total
[2015.08.06-10.58.47:533][345]LogMemory: Virtual Memory: 2256.03 MB used, 134217728.00 MB total
[2015.08.06-10.58.47:533][345]LogMemory: 
[2015.08.06-10.58.47:533][345]Allocator Stats for TBB: (not implemented)
[2015.08.06-10.58.47:533][345]LogLinker: Can't find file for asset '/Game/FirstPersonBP/Maps/UEDPIE_1_FirstPersonExampleMap' while loading NULL.
[2015.08.06-10.58.47:558][345]LogWorld: PIE: Copying PIE streaming level from /Game/FirstPersonBP/Maps/FirstPersonExampleMap.FirstPersonExampleMap to /Game/FirstPersonBP/Maps/UEDPIE_2_FirstPersonExampleMap.FirstPersonExampleMap. OwningWorld: None
[2015.08.06-10.58.47:560][345]LogAIModule: Creating AISystem for world FirstPersonExampleMap
[2015.08.06-10.58.47:565][345]LogWorld: Bringing World /Game/FirstPersonBP/Maps/UEDPIE_2_FirstPersonExampleMap.FirstPersonExampleMap up for play (max tick rate 0) at 2015.08.06-12.58.47
[2015.08.06-10.58.47:565][345]LogWorld: Bringing up level for play took: 0.002972
[2015.08.06-10.58.47:586][346]LogNet: Client netspeed is 10000
[2015.08.06-10.58.47:586][346]LogNet: Join request: /Game/FirstPersonBP/Maps/FirstPersonExampleMap?SplitscreenCount=1
[2015.08.06-10.58.47:588][346]LogNet: Join succeeded: 261
[2015.08.06-10.59.33:560][739]LogBlueprintUserMessages: Client 1: Cinnro
[2015.08.06-10.59.33:703][746]LogBlueprintUserMessages: Client 1: Cinnro
[2015.08.06-10.59.33:847][753]LogBlueprintUserMessages: Client 1: Cinnro
[2015.08.06-10.59.33:993][760]LogBlueprintUserMessages: Client 1: Cinnro
[2015.08.06-10.59.34:152][768]LogBlueprintUserMessages: Client 1: Cinnro
[2015.08.06-10.59.39:873][ 59]LogBlueprintUserMessages: Server: Hunter
[2015.08.06-10.59.40:056][ 68]LogBlueprintUserMessages: Server: Hunter
[2015.08.06-10.59.40:216][ 76]LogBlueprintUserMessages: Server: Hunter
[2015.08.06-10.59.40:380][ 84]LogBlueprintUserMessages: Server: Hunter
[2015.08.06-10.59.40:543][ 92]LogBlueprintUserMessages: Server: Hunter
[2015.08.06-10.59.40:707][100]LogBlueprintUserMessages: Server: Hunter
[2015.08.06-10.59.40:871][108]LogBlueprintUserMessages: Server: Hunter
[2015.08.06-10.59.41:825][149]LogNet: UChannel::CleanUp: [GameNetDriver] [None] [None]. ChIndex == 0. Closing connection.
[2015.08.06-10.59.41:825][149]LogNet: UNetConnection::Close: Name: IpConnection_5, Driver: GameNetDriver IpNetDriver_4, PC: None, Owner: None, Channels: 2, RemoteAddr: 127.0.0.1:63904, Time: 2015.08.06-10.59.41
[2015.08.06-10.59.41:825][149]LogNet: UChannel::Close: Sending CloseBunch. ChIndex == 0. Name: ControlChannel_5
[2015.08.06-10.59.41:825][149]LogNet: UChannel::CleanUp: [GameNetDriver] [None] [None]. ChIndex == 0. Closing connection.
[2015.08.06-10.59.41:825][149]LogNet: UNetConnection::Close: Name: IpConnection_4, Driver: GameNetDriver IpNetDriver_5, PC: None, Owner: None, Channels: 2, RemoteAddr: 127.0.0.1:7777, Time: 2015.08.06-10.59.41
[2015.08.06-10.59.41:825][149]LogNet: UChannel::Close: Sending CloseBunch. ChIndex == 0. Name: ControlChannel_4
[2015.08.06-10.59.41:829][149]LogExit: GameNetDriver None shut down
[2015.08.06-10.59.41:829][149]LogExit: GameNetDriver None shut down
[2015.08.06-10.59.41:829][149]LogParticles: Destroying 0 GPU particle simulations for FXSystem 0x000000434C701760
[2015.08.06-10.59.41:856][149]LogParticles: Destroying 0 GPU particle simulations for FXSystem 0x000000434C7023E0
[2015.08.06-10.59.42:821][244]LogPlayLevel: PIE:  No blueprints needed recompiling
[2015.08.06-10.59.42:822][244]PIE: New page: PIE session: FirstPersonExampleMap (Aug 6, 2015, 2:59:42 PM)
[2015.08.06-10.59.42:822][244]LogPlayLevel: Creating play world package: /Game/FirstPersonBP/Maps/UEDPIE_1_FirstPersonExampleMap
[2015.08.06-10.59.42:840][244]LogPlayLevel: PIE: StaticDuplicateObject took: (0.017777s)
[2015.08.06-10.59.42:841][244]LogAIModule: Creating AISystem for world FirstPersonExampleMap
[2015.08.06-10.59.42:842][244]LogPlayLevel: PIE: World Init took: (0.001634s)
[2015.08.06-10.59.42:842][244]LogPlayLevel: PIE: Created PIE world by copying editor world from /Game/FirstPersonBP/Maps/FirstPersonExampleMap.FirstPersonExampleMap to /Game/FirstPersonBP/Maps/UEDPIE_1_FirstPersonExampleMap.FirstPersonExampleMap (0.019648s)
[2015.08.06-10.59.42:872][244]LogInit: XAudio2 using 'Haut-parleurs (Realtek High Definition Audio)' : 2 channels at 48 kHz using 32 bits per sample (channel mask 0x3)
[2015.08.06-10.59.42:878][244]LogInit: FAudioDevice initialized.
[2015.08.06-10.59.42:881][244]LogD3D11RHI: InitD3DDevice
[2015.08.06-10.59.42:920][244]LogWorld: Game class is 'FirstPersonGameMode_C'
[2015.08.06-10.59.42:924][244]LogWorld: Bringing World /Game/FirstPersonBP/Maps/UEDPIE_1_FirstPersonExampleMap.FirstPersonExampleMap up for play (max tick rate 0) at 2015.08.06-12.59.42
[2015.08.06-10.59.42:924][244]LogActor:Warning: GameSession /Game/FirstPersonBP/Maps/UEDPIE_1_FirstPersonExampleMap.FirstPersonExampleMap:PersistentLevel.GameSession_3 has natively added scene component(s), but none of them were set as the actor's RootComponent - picking one arbitrarily
[2015.08.06-10.59.42:924][244]LogActor:Warning: GameNetworkManager /Game/FirstPersonBP/Maps/UEDPIE_1_FirstPersonExampleMap.FirstPersonExampleMap:PersistentLevel.GameNetworkManager_3 has natively added scene component(s), but none of them were set as the actor's RootComponent - picking one arbitrarily
[2015.08.06-10.59.42:924][244]LogWorld: Bringing up level for play took: 0.002891
[2015.08.06-10.59.42:925][244]LogInit: WinSock: Socket queue 131072 / 131072
[2015.08.06-10.59.42:926][244]LogNet: GameNetDriver IpNetDriver_6 IpNetDriver listening on port 7777
[2015.08.06-10.59.42:942][244]PIE: Info Play in editor start time for /Game/FirstPersonBP/Maps/UEDPIE_1_FirstPersonExampleMap 1.093
[2015.08.06-10.59.42:944][244]PIE: New page: PIE session: FirstPersonExampleMap (Aug 6, 2015, 2:59:42 PM)
[2015.08.06-10.59.42:949][244]LogD3D11RHI: InitD3DDevice
[2015.08.06-10.59.42:979][244]LogNet: Browse: 127.0.0.1//Game/FirstPersonBP/Maps/FirstPersonExampleMap
[2015.08.06-10.59.42:980][244]LogInit: WinSock: Socket queue 32768 / 32768
[2015.08.06-10.59.42:980][244]LogNet: Game client on port 7777, rate 10000
[2015.08.06-10.59.42:980][244]LogNet: GetLocalNetworkVersion: GEngineNetVersion: 2634408, ProjectName: randomspawn, ProjectVersion: 1.0.0.0, InternalProtocolVersion: 8, LocalNetworkVersion: 733586408
[2015.08.06-10.59.43:002][244]PIE: Info Play in editor start time for /Game/FirstPersonBP/Maps/FirstPersonExampleMap 1.152
[2015.08.06-10.59.43:025][244]LogNet: NotifyAcceptingConnection: Server FirstPersonExampleMap accept
[2015.08.06-10.59.43:025][244]LogNet: Open FirstPersonExampleMap 08/06/15 12:59:43 127.0.0.1
[2015.08.06-10.59.43:025][244]LogNet: Added client connection.  Remote address = 127.0.0.1:63536
[2015.08.06-10.59.43:025][244]LogNet: NotifyAcceptingChannel Control 0 server World /Game/FirstPersonBP/Maps/UEDPIE_1_FirstPersonExampleMap.FirstPersonExampleMap: Accepted
[2015.08.06-10.59.43:025][244]LogNet: Remote platform little endian=1
[2015.08.06-10.59.43:025][244]LogNet: This platform little endian=1
[2015.08.06-10.59.43:025][244]LogNet: GetLocalNetworkVersion: GEngineNetVersion: 2634408, ProjectName: randomspawn, ProjectVersion: 1.0.0.0, InternalProtocolVersion: 8, LocalNetworkVersion: 733586408
[2015.08.06-10.59.43:107][245]LogNet: Login request: /Game/FirstPersonBP/Maps/FirstPersonExampleMap userId: Invalid
[2015.08.06-10.59.43:108][245]LogNet: Welcomed by server (Level: /Game/FirstPersonBP/Maps/UEDPIE_1_FirstPersonExampleMap, Game: /Game/FirstPersonBP/Blueprints/FirstPersonGameMode.FirstPersonGameMode_C)
[2015.08.06-10.59.43:146][245]LogLoad: LoadMap: 127.0.0.1//Game/FirstPersonBP/Maps/UEDPIE_1_FirstPersonExampleMap?game=/Game/FirstPersonBP/Blueprints/FirstPersonGameMode.FirstPersonGameMode_C
[2015.08.06-10.59.43:170][245]LogParticles: Destroying 0 GPU particle simulations for FXSystem 0x000000434C6FAA20
[2015.08.06-10.59.43:182][245]Cmd: MEM
[2015.08.06-10.59.43:213][245]LogMemory: Platform Memory Stats for Windows
[2015.08.06-10.59.43:213][245]LogMemory: Process Physical Memory: 1122.03 MB used, 1141.43 MB peak
[2015.08.06-10.59.43:213][245]LogMemory: Process Virtual Memory: 1622.89 MB used, 1695.04 MB peak
[2015.08.06-10.59.43:213][245]LogMemory: Physical Memory: 3505.73 MB used, 8111.74 MB total
[2015.08.06-10.59.43:213][245]LogMemory: Virtual Memory: 2270.49 MB used, 134217728.00 MB total
[2015.08.06-10.59.43:213][245]LogMemory: 
[2015.08.06-10.59.43:213][245]Allocator Stats for TBB: (not implemented)
[2015.08.06-10.59.43:214][245]LogLinker: Can't find file for asset '/Game/FirstPersonBP/Maps/UEDPIE_1_FirstPersonExampleMap' while loading NULL.
[2015.08.06-10.59.43:238][245]LogWorld: PIE: Copying PIE streaming level from /Game/FirstPersonBP/Maps/FirstPersonExampleMap.FirstPersonExampleMap to /Game/FirstPersonBP/Maps/UEDPIE_2_FirstPersonExampleMap.FirstPersonExampleMap. OwningWorld: None
[2015.08.06-10.59.43:239][245]LogAIModule: Creating AISystem for world FirstPersonExampleMap
[2015.08.06-10.59.43:244][245]LogWorld: Bringing World /Game/FirstPersonBP/Maps/UEDPIE_2_FirstPersonExampleMap.FirstPersonExampleMap up for play (max tick rate 0) at 2015.08.06-12.59.43
[2015.08.06-10.59.43:245][245]LogWorld: Bringing up level for play took: 0.003685
[2015.08.06-10.59.43:270][246]LogNet: Client netspeed is 10000
[2015.08.06-10.59.43:270][246]LogNet: Join request: /Game/FirstPersonBP/Maps/FirstPersonExampleMap?SplitscreenCount=1
[2015.08.06-10.59.43:272][246]LogNet: Join succeeded: 263
[2015.08.06-10.59.49:811][617]LogBlueprintUserMessages: Client 1: Cinnro
[2015.08.06-10.59.49:941][624]LogBlueprintUserMessages: Client 1: Cinnro
[2015.08.06-10.59.50:074][631]LogBlueprintUserMessages: Client 1: Cinnro
[2015.08.06-10.59.51:509][706]LogBlueprintUserMessages: Server: Byormi
[2015.08.06-10.59.51:700][716]LogBlueprintUserMessages: Server: Byormi
[2015.08.06-10.59.51:850][724]LogBlueprintUserMessages: Server: Byormi
[2015.08.06-10.59.52:000][732]LogBlueprintUserMessages: Server: Byormi
[2015.08.06-10.59.52:434][749]LogNet: UChannel::CleanUp: [GameNetDriver] [None] [None]. ChIndex == 0. Closing connection.
[2015.08.06-10.59.52:434][749]LogNet: UNetConnection::Close: Name: IpConnection_7, Driver: GameNetDriver IpNetDriver_6, PC: None, Owner: None, Channels: 2, RemoteAddr: 127.0.0.1:63536, Time: 2015.08.06-10.59.52
[2015.08.06-10.59.52:434][749]LogNet: UChannel::Close: Sending CloseBunch. ChIndex == 0. Name: ControlChannel_7
[2015.08.06-10.59.52:434][749]LogNet: UChannel::CleanUp: [GameNetDriver] [None] [None]. ChIndex == 0. Closing connection.
[2015.08.06-10.59.52:434][749]LogNet: UNetConnection::Close: Name: IpConnection_6, Driver: GameNetDriver IpNetDriver_7, PC: None, Owner: None, Channels: 2, RemoteAddr: 127.0.0.1:7777, Time: 2015.08.06-10.59.52
[2015.08.06-10.59.52:434][749]LogNet: UChannel::Close: Sending CloseBunch. ChIndex == 0. Name: ControlChannel_6
[2015.08.06-10.59.52:438][749]LogExit: GameNetDriver None shut down
[2015.08.06-10.59.52:438][749]LogExit: GameNetDriver None shut down
[2015.08.06-10.59.52:438][749]LogParticles: Destroying 0 GPU particle simulations for FXSystem 0x000000434C626700
[2015.08.06-10.59.52:461][749]LogParticles: Destroying 0 GPU particle simulations for FXSystem 0x00000043378CFF60
[2015.08.06-10.59.54:400][944]LogPlayLevel: PIE:  No blueprints needed recompiling
[2015.08.06-10.59.54:401][944]PIE: New page: PIE session: FirstPersonExampleMap (Aug 6, 2015, 2:59:54 PM)
[2015.08.06-10.59.54:401][944]LogPlayLevel: Creating play world package: /Game/FirstPersonBP/Maps/UEDPIE_1_FirstPersonExampleMap
[2015.08.06-10.59.54:419][944]LogPlayLevel: PIE: StaticDuplicateObject took: (0.017589s)
[2015.08.06-10.59.54:420][944]LogAIModule: Creating AISystem for world FirstPersonExampleMap
[2015.08.06-10.59.54:420][944]LogPlayLevel: PIE: World Init took: (0.001504s)
[2015.08.06-10.59.54:421][944]LogPlayLevel: PIE: Created PIE world by copying editor world from /Game/FirstPersonBP/Maps/FirstPersonExampleMap.FirstPersonExampleMap to /Game/FirstPersonBP/Maps/UEDPIE_1_FirstPersonExampleMap.FirstPersonExampleMap (0.019351s)
[2015.08.06-10.59.54:451][944]LogInit: XAudio2 using 'Haut-parleurs (Realtek High Definition Audio)' : 2 channels at 48 kHz using 32 bits per sample (channel mask 0x3)
[2015.08.06-10.59.54:457][944]LogInit: FAudioDevice initialized.
[2015.08.06-10.59.54:460][944]LogD3D11RHI: InitD3DDevice
[2015.08.06-10.59.54:492][944]LogWorld: Game class is 'FirstPersonGameMode_C'
[2015.08.06-10.59.54:498][944]LogWorld: Bringing World /Game/FirstPersonBP/Maps/UEDPIE_1_FirstPersonExampleMap.FirstPersonExampleMap up for play (max tick rate 0) at 2015.08.06-12.59.54
[2015.08.06-10.59.54:498][944]LogActor:Warning: GameSession /Game/FirstPersonBP/Maps/UEDPIE_1_FirstPersonExampleMap.FirstPersonExampleMap:PersistentLevel.GameSession_4 has natively added scene component(s), but none of them were set as the actor's RootComponent - picking one arbitrarily
[2015.08.06-10.59.54:498][944]LogActor:Warning: GameNetworkManager /Game/FirstPersonBP/Maps/UEDPIE_1_FirstPersonExampleMap.FirstPersonExampleMap:PersistentLevel.GameNetworkManager_4 has natively added scene component(s), but none of them were set as the actor's RootComponent - picking one arbitrarily
[2015.08.06-10.59.54:498][944]LogWorld: Bringing up level for play took: 0.004302
[2015.08.06-10.59.54:500][944]LogInit: WinSock: Socket queue 131072 / 131072
[2015.08.06-10.59.54:500][944]LogNet: GameNetDriver IpNetDriver_8 IpNetDriver listening on port 7777
[2015.08.06-10.59.54:517][944]PIE: Info Play in editor start time for /Game/FirstPersonBP/Maps/UEDPIE_1_FirstPersonExampleMap 0.667
[2015.08.06-10.59.54:518][944]PIE: New page: PIE session: FirstPersonExampleMap (Aug 6, 2015, 2:59:54 PM)
[2015.08.06-10.59.54:522][944]LogD3D11RHI: InitD3DDevice
[2015.08.06-10.59.54:555][944]LogNet: Browse: 127.0.0.1//Game/FirstPersonBP/Maps/FirstPersonExampleMap
[2015.08.06-10.59.54:556][944]LogInit: WinSock: Socket queue 32768 / 32768
[2015.08.06-10.59.54:556][944]LogNet: Game client on port 7777, rate 10000
[2015.08.06-10.59.54:556][944]LogNet: GetLocalNetworkVersion: GEngineNetVersion: 2634408, ProjectName: randomspawn, ProjectVersion: 1.0.0.0, InternalProtocolVersion: 8, LocalNetworkVersion: 733586408
[2015.08.06-10.59.54:576][944]PIE: Info Play in editor start time for /Game/FirstPersonBP/Maps/FirstPersonExampleMap 0.725
[2015.08.06-10.59.54:592][944]LogNet: NotifyAcceptingConnection: Server FirstPersonExampleMap accept
[2015.08.06-10.59.54:592][944]LogNet: Open FirstPersonExampleMap 08/06/15 12:59:54 127.0.0.1
[2015.08.06-10.59.54:592][944]LogNet: Added client connection.  Remote address = 127.0.0.1:63537
[2015.08.06-10.59.54:592][944]LogNet: NotifyAcceptingChannel Control 0 server World /Game/FirstPersonBP/Maps/UEDPIE_1_FirstPersonExampleMap.FirstPersonExampleMap: Accepted
[2015.08.06-10.59.54:592][944]LogNet: Remote platform little endian=1
[2015.08.06-10.59.54:592][944]LogNet: This platform little endian=1
[2015.08.06-10.59.54:592][944]LogNet: GetLocalNetworkVersion: GEngineNetVersion: 2634408, ProjectName: randomspawn, ProjectVersion: 1.0.0.0, InternalProtocolVersion: 8, LocalNetworkVersion: 733586408
[2015.08.06-10.59.54:671][945]LogNet: Login request: /Game/FirstPersonBP/Maps/FirstPersonExampleMap userId: Invalid
[2015.08.06-10.59.54:672][945]LogNet: Welcomed by server (Level: /Game/FirstPersonBP/Maps/UEDPIE_1_FirstPersonExampleMap, Game: /Game/FirstPersonBP/Blueprints/FirstPersonGameMode.FirstPersonGameMode_C)
[2015.08.06-10.59.54:710][945]LogLoad: LoadMap: 127.0.0.1//Game/FirstPersonBP/Maps/UEDPIE_1_FirstPersonExampleMap?game=/Game/FirstPersonBP/Blueprints/FirstPersonGameMode.FirstPersonGameMode_C
[2015.08.06-10.59.54:734][945]LogParticles: Destroying 0 GPU particle simulations for FXSystem 0x000000434C626A20
[2015.08.06-10.59.54:750][945]Cmd: MEM
[2015.08.06-10.59.54:779][945]LogMemory: Platform Memory Stats for Windows
[2015.08.06-10.59.54:779][945]LogMemory: Process Physical Memory: 1121.89 MB used, 1141.48 MB peak
[2015.08.06-10.59.54:779][945]LogMemory: Process Virtual Memory: 1622.67 MB used, 1695.04 MB peak
[2015.08.06-10.59.54:779][945]LogMemory: Physical Memory: 3506.22 MB used, 8111.74 MB total
[2015.08.06-10.59.54:779][945]LogMemory: Virtual Memory: 2270.49 MB used, 134217728.00 MB total
[2015.08.06-10.59.54:779][945]LogMemory: 
[2015.08.06-10.59.54:779][945]Allocator Stats for TBB: (not implemented)
[2015.08.06-10.59.54:781][945]LogLinker: Can't find file for asset '/Game/FirstPersonBP/Maps/UEDPIE_1_FirstPersonExampleMap' while loading NULL.
[2015.08.06-10.59.54:804][945]LogWorld: PIE: Copying PIE streaming level from /Game/FirstPersonBP/Maps/FirstPersonExampleMap.FirstPersonExampleMap to /Game/FirstPersonBP/Maps/UEDPIE_2_FirstPersonExampleMap.FirstPersonExampleMap. OwningWorld: None
[2015.08.06-10.59.54:806][945]LogAIModule: Creating AISystem for world FirstPersonExampleMap
[2015.08.06-10.59.54:811][945]LogWorld: Bringing World /Game/FirstPersonBP/Maps/UEDPIE_2_FirstPersonExampleMap.FirstPersonExampleMap up for play (max tick rate 0) at 2015.08.06-12.59.54
[2015.08.06-10.59.54:812][945]LogWorld: Bringing up level for play took: 0.003891
[2015.08.06-10.59.54:837][946]LogNet: Client netspeed is 10000
[2015.08.06-10.59.54:837][946]LogNet: Join request: /Game/FirstPersonBP/Maps/FirstPersonExampleMap?SplitscreenCount=1
[2015.08.06-10.59.54:838][946]LogNet: Join succeeded: 265
[2015.08.06-10.59.59:373][210]LogArray:Warning: Attempted to get an item from array AllClasses out of bounds [4/3]!
[2015.08.06-10.59.59:374][210]LogScript:Warning: UGameplayStatics::BeginSpawningActorFromClass: can not spawn an actor from a NULL class
[2015.08.06-10.59.59:374][210]LogBlueprintUserMessages: Server: Cast Failed
[2015.08.06-11.00.03:351][426]LogBlueprintUserMessages: Client 1: Traxa
[2015.08.06-11.00.03:483][433]LogBlueprintUserMessages: Client 1: Traxa
[2015.08.06-11.00.03:683][444]LogBlueprintUserMessages: Client 1: Traxa
[2015.08.06-11.00.03:815][451]LogBlueprintUserMessages: Client 1: Traxa
[2015.08.06-11.00.04:627][492]LogSpawn:Warning: SpawnActor failed because we are in the process of tearing down the world
[2015.08.06-11.00.04:689][492]LogNet: UChannel::CleanUp: [GameNetDriver] [None] [None]. ChIndex == 0. Closing connection.
[2015.08.06-11.00.04:689][492]LogNet: UNetConnection::Close: Name: IpConnection_9, Driver: GameNetDriver IpNetDriver_8, PC: None, Owner: None, Channels: 2, RemoteAddr: 127.0.0.1:63537, Time: 2015.08.06-11.00.04
[2015.08.06-11.00.04:689][492]LogNet: UChannel::Close: Sending CloseBunch. ChIndex == 0. Name: ControlChannel_9
[2015.08.06-11.00.04:689][492]LogNet: UChannel::CleanUp: [GameNetDriver] [None] [None]. ChIndex == 0. Closing connection.
[2015.08.06-11.00.04:689][492]LogNet: UNetConnection::Close: Name: IpConnection_8, Driver: GameNetDriver IpNetDriver_9, PC: None, Owner: None, Channels: 2, RemoteAddr: 127.0.0.1:7777, Time: 2015.08.06-11.00.04
[2015.08.06-11.00.04:689][492]LogNet: UChannel::Close: Sending CloseBunch. ChIndex == 0. Name: ControlChannel_8
[2015.08.06-11.00.04:697][492]LogExit: GameNetDriver None shut down
[2015.08.06-11.00.04:697][492]LogExit: GameNetDriver None shut down
[2015.08.06-11.00.04:697][492]LogParticles: Destroying 0 GPU particle simulations for FXSystem 0x000000434C627920
[2015.08.06-11.00.04:719][492]LogParticles: Destroying 0 GPU particle simulations for FXSystem 0x000000434C703F60
[2015.08.06-11.00.05:343][541]LogWindowsTextInputMethodSystem:Display: IME system now deactivated.
[2015.08.06-11.00.05:619][542]Cmd: QUIT_EDITOR
[2015.08.06-11.00.06:249][542]LogExit: Preparing to exit.
[2015.08.06-11.00.06:855][542]LogExit: Editor shut down
[2015.08.06-11.00.06:856][542]LogExit: Transaction tracking system shut down
[2015.08.06-11.00.06:860][542]LogParticles: Destroying 0 GPU particle simulations for FXSystem 0x00000043504DECA0
[2015.08.06-11.00.06:860][542]LogParticles: Destroying 0 GPU particle simulations for FXSystem 0x0000004300F1B9C0
[2015.08.06-11.00.07:155][542]LogParticles: Destroying 0 GPU particle simulations for FXSystem 0x00000043010B3A60
[2015.08.06-11.00.07:155][542]LogExit: Object subsystem successfully closed.
[2015.08.06-11.00.07:169][542]LogD3D11RHI: Shutdown
[2015.08.06-11.00.07:169][542]LogD3D11RHI: CleanupD3DDevice
[2015.08.06-11.00.07:238][542]LogD3D11RHI: ~FD3D11DynamicRHI
[2015.08.06-11.00.07:252][542]LogModuleManager: Shutting down and abandoning module CrashTracker (188)
[2015.08.06-11.00.07:253][542]LogModuleManager: Shutting down and abandoning module SceneOutliner (187)
[2015.08.06-11.00.07:253][542]LogModuleManager: Shutting down and abandoning module SuperSearch (186)
[2015.08.06-11.00.07:253][542]LogModuleManager: Shutting down and abandoning module WidgetCarousel (185)
[2015.08.06-11.00.07:253][542]LogModuleManager: Shutting down and abandoning module AddContentDialog (184)
[2015.08.06-11.00.07:254][542]LogModuleManager: Shutting down and abandoning module EditorWidgets (183)
[2015.08.06-11.00.07:254][542]LogModuleManager: Shutting down and abandoning module CollectionManager (182)
[2015.08.06-11.00.07:254][542]LogModuleManager: Shutting down and abandoning module StatsViewer (181)
[2015.08.06-11.00.07:254][542]LogModuleManager: Shutting down and abandoning module FoliageEdit (180)
[2015.08.06-11.00.07:254][542]LogModuleManager: Shutting down and abandoning module LandscapeEditor (179)
[2015.08.06-11.00.07:254][542]LogModuleManager: Shutting down and abandoning module ActorPickerMode (178)
[2015.08.06-11.00.07:254][542]LogModuleManager: Shutting down and abandoning module GeometryMode (177)
[2015.08.06-11.00.07:254][542]LogModuleManager: Shutting down and abandoning module TextureAlignMode (176)
[2015.08.06-11.00.07:254][542]LogModuleManager: Shutting down and abandoning module BspMode (175)
[2015.08.06-11.00.07:254][542]LogModuleManager: Shutting down and abandoning module PlacementMode (174)
[2015.08.06-11.00.07:254][542]LogModuleManager: Shutting down and abandoning module AutomationWorker (173)
[2015.08.06-11.00.07:254][542]LogModuleManager: Shutting down and abandoning module CharacterAI (172)
[2015.08.06-11.00.07:254][542]LogModuleManager: Shutting down and abandoning module SmartSnapping (171)
[2015.08.06-11.00.07:254][542]LogModuleManager: Shutting down and abandoning module ViewportSnapping (170)
[2015.08.06-11.00.07:254][542]LogModuleManager: Shutting down and abandoning module LogVisualizer (169)
[2015.08.06-11.00.07:254][542]LogModuleManager: Shutting down and abandoning module GameProjectGeneration (168)
[2015.08.06-11.00.07:254][542]LogModuleManager: Shutting down and abandoning module IntroTutorials (167)
[2015.08.06-11.00.07:254][542]LogModuleManager: Shutting down and abandoning module EditorLiveStreaming (166)
[2015.08.06-11.00.07:254][542]LogModuleManager: Shutting down and abandoning module IOSPlatformEditor (165)
[2015.08.06-11.00.07:254][542]LogModuleManager: Shutting down and abandoning module HTML5PlatformEditor (164)
[2015.08.06-11.00.07:254][542]LogModuleManager: Shutting down and abandoning module AndroidDeviceDetection (163)
[2015.08.06-11.00.08:021][542]LogModuleManager: Shutting down and abandoning module AndroidPlatformEditor (162)
[2015.08.06-11.00.08:021][542]LogModuleManager: Shutting down and abandoning module IOSRuntimeSettings (161)
[2015.08.06-11.00.08:021][542]LogModuleManager: Shutting down and abandoning module AndroidRuntimeSettings (160)
[2015.08.06-11.00.08:021][542]LogModuleManager: Shutting down and abandoning module MergeActors (159)
[2015.08.06-11.00.08:021][542]LogModuleManager: Shutting down and abandoning module SizeMap (158)
[2015.08.06-11.00.08:021][542]LogModuleManager: Shutting down and abandoning module TreeMap (157)
[2015.08.06-11.00.08:021][542]LogModuleManager: Shutting down and abandoning module ReferenceViewer (156)
[2015.08.06-11.00.08:021][542]LogModuleManager: Shutting down and abandoning module LocalizationDashboard (155)
[2015.08.06-11.00.08:021][542]LogModuleManager: Shutting down and abandoning module HardwareTargeting (154)
[2015.08.06-11.00.08:021][542]LogModuleManager: Shutting down and abandoning module DeviceProfileEditor (153)
[2015.08.06-11.00.08:021][542]LogModuleManager: Shutting down and abandoning module UndoHistory (152)
[2015.08.06-11.00.08:021][542]LogModuleManager: Shutting down and abandoning module GameplayTagsEditor (151)
[2015.08.06-11.00.08:021][542]LogModuleManager: Shutting down and abandoning module UserFeedback (150)
[2015.08.06-11.00.08:021][542]LogModuleManager: Shutting down and abandoning module XmlParser (149)
[2015.08.06-11.00.08:021][542]LogModuleManager: Shutting down and abandoning module Blutility (148)
[2015.08.06-11.00.08:021][542]LogModuleManager: Shutting down and abandoning module ProjectTargetPlatformEditor (147)
[2015.08.06-11.00.08:021][542]LogModuleManager: Shutting down and abandoning module ProjectSettingsViewer (146)
[2015.08.06-11.00.08:021][542]LogModuleManager: Shutting down and abandoning module InputBindingEditor (145)
[2015.08.06-11.00.08:021][542]LogModuleManager: Shutting down and abandoning module EditorSettingsViewer (144)
[2015.08.06-11.00.08:021][542]LogModuleManager: Shutting down and abandoning module SettingsEditor (143)
[2015.08.06-11.00.08:021][542]LogModuleManager: Shutting down and abandoning module ProjectLauncher (142)
[2015.08.06-11.00.08:022][542]LogModuleManager: Shutting down and abandoning module SessionFrontend (141)
[2015.08.06-11.00.08:022][542]LogModuleManager: Shutting down and abandoning module ProfilerClient (140)
[2015.08.06-11.00.08:022][542]LogModuleManager: Shutting down and abandoning module TargetDeviceServices (139)
[2015.08.06-11.00.08:022][542]LogModuleManager: Shutting down and abandoning module DeviceManager (138)
[2015.08.06-11.00.08:022][542]LogModuleManager: Shutting down and abandoning module AutomationController (137)
[2015.08.06-11.00.08:022][542]LogModuleManager: Shutting down and abandoning module AutomationWindow (136)
[2015.08.06-11.00.08:022][542]LogModuleManager: Shutting down and abandoning module Layers (135)
[2015.08.06-11.00.08:022][542]LogModuleManager: Shutting down and abandoning module ComponentVisualizers (134)
[2015.08.06-11.00.08:022][542]LogModuleManager: Shutting down and abandoning module DetailCustomizations (133)
[2015.08.06-11.00.08:022][542]LogModuleManager: Shutting down and abandoning module PackagesDialog (132)
[2015.08.06-11.00.08:022][542]LogModuleManager: Shutting down and abandoning module AssetRegistry (131)
[2015.08.06-11.00.08:118][542]LogModuleManager: Shutting down and abandoning module Persona (130)
[2015.08.06-11.00.08:118][542]LogModuleManager: Shutting down and abandoning module Kismet (129)
[2015.08.06-11.00.08:118][542]LogModuleManager: Shutting down and abandoning module GraphEditor (128)
[2015.08.06-11.00.08:118][542]LogModuleManager: Shutting down and abandoning module ClassViewer (127)
[2015.08.06-11.00.08:118][542]LogModuleManager: Shutting down and abandoning module Toolbox (126)
[2015.08.06-11.00.08:118][542]LogModuleManager: Shutting down and abandoning module ModuleUI (125)
[2015.08.06-11.00.08:118][542]LogModuleManager: Shutting down and abandoning module MovieSceneTools (124)
[2015.08.06-11.00.08:118][542]LogModuleManager: Shutting down and abandoning module OutputLog (123)
[2015.08.06-11.00.08:118][542]LogModuleManager: Shutting down and abandoning module GammaUI (122)
[2015.08.06-11.00.08:118][542]LogModuleManager: Shutting down and abandoning module Documentation (121)
[2015.08.06-11.00.08:118][542]LogModuleManager: Shutting down and abandoning module GameLiveStreaming (120)
[2015.08.06-11.00.08:118][542]LogModuleManager: Shutting down and abandoning module StreamingPauseRendering (119)
[2015.08.06-11.00.08:118][542]LogModuleManager: Shutting down and abandoning module AnalyticsET (118)
[2015.08.06-11.00.08:118][542]LogModuleManager: Shutting down and abandoning module Analytics (117)
[2015.08.06-11.00.08:118][542]LogModuleManager: Shutting down and abandoning module AITestSuite (116)
[2015.08.06-11.00.08:118][542]LogModuleManager: Shutting down and abandoning module GameplayDebugger (115)
[2015.08.06-11.00.08:118][542]LogModuleManager: Shutting down and abandoning module AIModule (114)
[2015.08.06-11.00.08:118][542]LogModuleManager: Shutting down and abandoning module ProfilerService (113)
[2015.08.06-11.00.08:327][542]LogModuleManager: Shutting down and abandoning module TaskGraph (112)
[2015.08.06-11.00.08:327][542]LogModuleManager: Shutting down and abandoning module SlateRemote (111)
[2015.08.06-11.00.08:327][542]LogModuleManager: Shutting down and abandoning module SteamVRController (110)
[2015.08.06-11.00.08:327][542]LogModuleManager: Shutting down and abandoning module SteamVR (109)
[2015.08.06-11.00.08:327][542]LogModuleManager: Shutting down and abandoning module ProceduralMeshComponent (108)
[2015.08.06-11.00.08:327][542]LogModuleManager: Shutting down and abandoning module OculusRift (107)
[2015.08.06-11.00.08:327][542]LogModuleManager: Shutting down and abandoning module LeapMotionController (106)
[2015.08.06-11.00.08:334][542]LogModuleManager: Shutting down and abandoning module CustomMeshComponent (105)
[2015.08.06-11.00.08:334][542]LogModuleManager: Shutting down and abandoning module CableComponent (104)
[2015.08.06-11.00.08:334][542]LogModuleManager: Shutting down and abandoning module MessagingDebugger (103)
[2015.08.06-11.00.08:334][542]LogModuleManager: Shutting down and abandoning module MediaPlayerEditor (102)
[2015.08.06-11.00.08:334][542]LogModuleManager: Shutting down and abandoning module SpeedTreeImporter (101)
[2015.08.06-11.00.08:334][542]LogModuleManager: Shutting down and abandoning module PluginBrowser (100)
[2015.08.06-11.00.08:334][542]LogModuleManager: Shutting down and abandoning module EpicSurvey (99)
[2015.08.06-11.00.08:334][542]LogModuleManager: Shutting down and abandoning module DesktopPlatform (98)
[2015.08.06-11.00.08:334][542]LogModuleManager: Shutting down and abandoning module VisualStudioSourceCodeAccess (97)
[2015.08.06-11.00.08:334][542]LogModuleManager: Shutting down and abandoning module UObjectPlugin (96)
[2015.08.06-11.00.08:334][542]LogModuleManager: Shutting down and abandoning module SubversionSourceControl (95)
[2015.08.06-11.00.08:334][542]LogModuleManager: Shutting down and abandoning module PerforceSourceControl (94)
[2015.08.06-11.00.08:334][542]LogModuleManager: Shutting down and abandoning module SourceControl (93)
[2015.08.06-11.00.08:334][542]LogModuleManager: Shutting down and abandoning module GitSourceControl (92)
[2015.08.06-11.00.08:334][542]LogModuleManager: Shutting down and abandoning module BlankPlugin (91)
[2015.08.06-11.00.08:334][542]LogModuleManager: Shutting down and abandoning module PaperTiledImporter (90)
[2015.08.06-11.00.08:334][542]LogModuleManager: Shutting down and abandoning module PaperSpriteSheetImporter (89)
[2015.08.06-11.00.08:334][542]LogModuleManager: Shutting down and abandoning module MeshPaint (88)
[2015.08.06-11.00.08:334][542]LogModuleManager: Shutting down and abandoning module SlateReflector (87)
[2015.08.06-11.00.08:334][542]LogModuleManager: Shutting down and abandoning module DirectoryWatcher (86)
[2015.08.06-11.00.08:335][542]LogModuleManager: Shutting down and abandoning module HotReload (85)
[2015.08.06-11.00.08:335][542]LogModuleManager: Shutting down and abandoning module MainFrame (84)
[2015.08.06-11.00.08:335][542]LogModuleManager: Shutting down and abandoning module LevelEditor (83)
[2015.08.06-11.00.08:336][542]LogModuleManager: Shutting down and abandoning module ContentBrowser (82)
[2015.08.06-11.00.08:337][542]LogModuleManager: Shutting down and abandoning module Paper2DEditor (81)
[2015.08.06-11.00.08:337][542]LogModuleManager: Shutting down and abandoning module UdpMessaging (80)
[2015.08.06-11.00.08:438][542]LogModuleManager: Shutting down and abandoning module Paper2D (79)
[2015.08.06-11.00.08:438][542]LogModuleManager: Shutting down and abandoning module WindowsMoviePlayer (78)
[2015.08.06-11.00.08:440][542]LogModuleManager: Shutting down and abandoning module Media (77)
[2015.08.06-11.00.08:440][542]LogModuleManager: Shutting down and abandoning module WmfMedia (76)
[2015.08.06-11.00.08:440][542]LogModuleManager: Shutting down and abandoning module OnlineBlueprintSupport (75)
[2015.08.06-11.00.08:440][542]LogModuleManager: Shutting down and abandoning module PropertyEditor (74)
[2015.08.06-11.00.08:440][542]LogModuleManager: Shutting down and abandoning module BehaviorTreeEditor (73)
[2015.08.06-11.00.08:440][542]LogModuleManager: Shutting down and abandoning module FunctionalTesting (72)
[2015.08.06-11.00.08:440][542]LogModuleManager: Shutting down and abandoning module CollisionAnalyzer (71)
[2015.08.06-11.00.08:440][542]LogModuleManager: Shutting down and abandoning module WorkspaceMenuStructure (70)
[2015.08.06-11.00.08:440][542]LogModuleManager: Shutting down and abandoning module MessageLog (69)
[2015.08.06-11.00.08:440][542]LogModuleManager: Shutting down and abandoning module Sequencer (68)
[2015.08.06-11.00.08:440][542]LogModuleManager: Shutting down and abandoning module AssetTools (67)
[2015.08.06-11.00.08:441][542]LogModuleManager: Shutting down and abandoning module UMGEditor (66)
[2015.08.06-11.00.08:441][542]LogModuleManager: Shutting down and abandoning module UMG (65)
[2015.08.06-11.00.08:441][542]LogModuleManager: Shutting down and abandoning module Slate (64)
[2015.08.06-11.00.08:441][542]LogModuleManager: Shutting down and abandoning module EditorStyle (63)
[2015.08.06-11.00.08:442][542]LogModuleManager: Shutting down and abandoning module SessionServices (62)
[2015.08.06-11.00.08:442][542]LogModuleManager: Shutting down and abandoning module SourceCodeAccess (61)
[2015.08.06-11.00.08:442][542]LogModuleManager: Shutting down and abandoning module HeadMountedDisplay (60)
[2015.08.06-11.00.08:442][542]LogModuleManager: Shutting down and abandoning module XAudio2 (59)
[2015.08.06-11.00.08:442][542]LogModuleManager: Shutting down and abandoning module Networking (57)
[2015.08.06-11.00.08:442][542]LogModuleManager: Shutting down and abandoning module Core (56)
[2015.08.06-11.00.08:442][542]LogModuleManager: Shutting down and abandoning module KismetCompiler (55)
[2015.08.06-11.00.08:442][542]LogModuleManager: Shutting down and abandoning module PhysXFormats (54)
[2015.08.06-11.00.08:442][542]LogModuleManager: Shutting down and abandoning module MeshUtilities (53)
[2015.08.06-11.00.08:442][542]LogModuleManager: Shutting down and abandoning module DerivedDataCache (52)
[2015.08.06-11.00.08:456][542]LogDerivedDataCache: Shutdown
[2015.08.06-11.00.08:456][542]LogModuleManager: Shutting down and abandoning module ShaderFormatOpenGL (51)
[2015.08.06-11.00.08:456][542]LogModuleManager: Shutting down and abandoning module ShaderFormatD3D (50)
[2015.08.06-11.00.08:456][542]LogModuleManager: Shutting down and abandoning module MetalShaderFormat (49)
[2015.08.06-11.00.08:456][542]LogModuleManager: Shutting down and abandoning module TextureFormatUncompressed (48)
[2015.08.06-11.00.08:456][542]LogModuleManager: Shutting down and abandoning module TextureFormatPVR (47)
[2015.08.06-11.00.08:456][542]LogModuleManager: Shutting down and abandoning module TextureFormatIntelISPCTexComp (46)
[2015.08.06-11.00.08:456][542]LogModuleManager: Shutting down and abandoning module TextureFormatDXT (45)
[2015.08.06-11.00.08:456][542]LogModuleManager: Shutting down and abandoning module ImageWrapper (44)
[2015.08.06-11.00.08:456][542]LogModuleManager: Shutting down and abandoning module TextureFormatASTC (43)
[2015.08.06-11.00.08:456][542]LogModuleManager: Shutting down and abandoning module TextureFormatAndroid (42)
[2015.08.06-11.00.08:456][542]LogModuleManager: Shutting down and abandoning module AudioFormatOpus (41)
[2015.08.06-11.00.08:456][542]LogModuleManager: Shutting down and abandoning module AudioFormatOgg (40)
[2015.08.06-11.00.08:456][542]LogModuleManager: Shutting down and abandoning module AudioFormatADPCM (39)
[2015.08.06-11.00.08:456][542]LogModuleManager: Shutting down and abandoning module LinuxTargetPlatform (38)
[2015.08.06-11.00.08:456][542]LogModuleManager: Shutting down and abandoning module LinuxServerTargetPlatform (37)
[2015.08.06-11.00.08:456][542]LogModuleManager: Shutting down and abandoning module LinuxNoEditorTargetPlatform (36)
[2015.08.06-11.00.08:456][542]LogModuleManager: Shutting down and abandoning module Messaging (35)
[2015.08.06-11.00.08:456][542]LogModuleManager: Shutting down and abandoning module IOSTargetPlatform (34)
[2015.08.06-11.00.08:456][542]LogModuleManager: Shutting down and abandoning module HTML5TargetPlatform (33)
[2015.08.06-11.00.08:456][542]LogModuleManager: Shutting down and abandoning module Android_PVRTCTargetPlatform (32)
[2015.08.06-11.00.08:456][542]LogModuleManager: Shutting down and abandoning module Android_ETC2TargetPlatform (31)
[2015.08.06-11.00.08:456][542]LogModuleManager: Shutting down and abandoning module Android_ETC1TargetPlatform (30)
[2015.08.06-11.00.08:456][542]LogModuleManager: Shutting down and abandoning module Android_DXTTargetPlatform (29)
[2015.08.06-11.00.08:456][542]LogModuleManager: Shutting down and abandoning module Android_ATCTargetPlatform (28)
[2015.08.06-11.00.08:456][542]LogModuleManager: Shutting down and abandoning module Android_ASTCTargetPlatform (27)
[2015.08.06-11.00.08:456][542]LogModuleManager: Shutting down and abandoning module AndroidTargetPlatform (26)
[2015.08.06-11.00.08:456][542]LogModuleManager: Shutting down and abandoning module WindowsTargetPlatform (25)
[2015.08.06-11.00.08:456][542]LogModuleManager: Shutting down and abandoning module WindowsServerTargetPlatform (24)
[2015.08.06-11.00.08:456][542]LogModuleManager: Shutting down and abandoning module WindowsNoEditorTargetPlatform (23)
[2015.08.06-11.00.08:456][542]LogModuleManager: Shutting down and abandoning module WindowsClientTargetPlatform (22)
[2015.08.06-11.00.08:456][542]LogModuleManager: Shutting down and abandoning module DesktopTargetPlatform (21)
[2015.08.06-11.00.08:456][542]LogModuleManager: Shutting down and abandoning module TargetPlatform (20)
[2015.08.06-11.00.08:456][542]LogModuleManager: Shutting down and abandoning module InputCore (19)
[2015.08.06-11.00.08:456][542]LogModuleManager: Shutting down and abandoning module Settings (18)
[2015.08.06-11.00.08:456][542]LogModuleManager: Shutting down and abandoning module OnlineSubsystem (16)
[2015.08.06-11.00.08:456][542]LogModuleManager: Shutting down and abandoning module HTTP (15)
[2015.08.06-11.00.08:457][542]LogModuleManager: Shutting down and abandoning module ExampleDeviceProfileSelector (14)
[2015.08.06-11.00.08:457][542]LogModuleManager: Shutting down and abandoning module TextureCompressor (13)
[2015.08.06-11.00.08:457][542]LogModuleManager: Shutting down and abandoning module ShaderCore (12)
[2015.08.06-11.00.08:457][542]LogModuleManager: Shutting down and abandoning module Landscape (11)
[2015.08.06-11.00.08:457][542]LogModuleManager: Shutting down and abandoning module SlateRHIRenderer (10)
[2015.08.06-11.00.08:459][542]LogModuleManager: Shutting down and abandoning module OpenGLDrv (9)
[2015.08.06-11.00.08:459][542]LogModuleManager: Shutting down and abandoning module D3D11RHI (8)
[2015.08.06-11.00.08:459][542]LogModuleManager: Shutting down and abandoning module Renderer (7)
[2015.08.06-11.00.08:459][542]LogModuleManager: Shutting down and abandoning module Engine (6)
[2015.08.06-11.00.08:459][542]LogModuleManager: Shutting down and abandoning module CoreUObject (5)
[2015.08.06-11.00.08:459][542]LogModuleManager: Shutting down and abandoning module NetworkFile (4)
[2015.08.06-11.00.08:459][542]LogModuleManager: Shutting down and abandoning module StreamingFile (3)
[2015.08.06-11.00.08:459][542]LogModuleManager: Shutting down and abandoning module SandboxFile (2)
[2015.08.06-11.00.08:459][542]LogModuleManager: Shutting down and abandoning module PakFile (1)
[2015.08.06-11.00.08:460][542]LogExit: Exiting.
[2015.08.06-11.00.08:472][542]Log file closed, 08/06/15 13:00:08
